#-----------------------------------------------------------
# Vivado v2019.1 (64-bit)
# SW Build 2552052 on Fri May 24 14:49:42 MDT 2019
# IP Build 2548770 on Fri May 24 18:01:18 MDT 2019
# Start of session at: Thu Mar 10 15:34:24 2022
# Process ID: 14264
# Current directory: C:/Users/Elwin/Vivado/BESJ-Basys3/GameBesje_POC_GridPrinting
# Command line: vivado.exe -gui_launcher_event rodinguilauncherevent10304 C:\Users\Elwin\Vivado\BESJ-Basys3\GameBesje_POC_GridPrinting\GameBesje.xpr
# Log file: C:/Users/Elwin/Vivado/BESJ-Basys3/GameBesje_POC_GridPrinting/vivado.log
# Journal file: C:/Users/Elwin/Vivado/BESJ-Basys3/GameBesje_POC_GridPrinting\vivado.jou
#-----------------------------------------------------------
start_gui
open_project C:/Users/Elwin/Vivado/BESJ-Basys3/GameBesje_POC_GridPrinting/GameBesje.xpr
INFO: [Project 1-313] Project file moved from 'C:/Users/Jomme/besje/Workspace/GameBesje_POC_GridPrinting/GameBesje_POC_GridPrinting' since last save.
Scanning sources...
Finished scanning sources
INFO: [IP_Flow 19-234] Refreshing IP repositories
INFO: [IP_Flow 19-1704] No user IP repositories specified
INFO: [IP_Flow 19-2313] Loaded Vivado IP repository 'C:/Xilinx/Vivado/2019.1/data/ip'.
update_compile_order -fileset sources_1
add_files -norecurse C:/Users/Elwin/Downloads/UART_rx.vhd
update_compile_order -fileset sources_1
open_hw
connect_hw_server
INFO: [Labtools 27-2285] Connecting to hw_server url TCP:localhost:3121
INFO: [Labtools 27-2222] Launching hw_server...
INFO: [Labtools 27-2221] Launch Output:

****** Xilinx hw_server v2019.1
  **** Build date : May 24 2019 at 15:13:31
    ** Copyright 1986-2019 Xilinx, Inc. All Rights Reserved.


connect_hw_server: Time (s): cpu = 00:00:01 ; elapsed = 00:00:06 . Memory (MB): peak = 954.891 ; gain = 0.000
open_hw_target
INFO: [Labtoolstcl 44-466] Opening hw_target localhost:3121/xilinx_tcf/Digilent/210183A38948A
set_property PROGRAM.FILE {C:/Users/Elwin/Vivado/BESJ-Basys3/GameBesje_POC_GridPrinting/GameBesje.runs/impl_1/top.bit} [get_hw_devices xc7a35t_0]
current_hw_device [get_hw_devices xc7a35t_0]
refresh_hw_device -update_hw_probes false [lindex [get_hw_devices xc7a35t_0] 0]
INFO: [Labtools 27-1434] Device xc7a35t (JTAG device index = 0) is programmed with a design that has no supported debug core(s) in it.
set_property PROBES.FILE {} [get_hw_devices xc7a35t_0]
set_property FULL_PROBES.FILE {} [get_hw_devices xc7a35t_0]
set_property PROGRAM.FILE {C:/Users/Elwin/Vivado/BESJ-Basys3/GameBesje_POC_GridPrinting/GameBesje.runs/impl_1/top.bit} [get_hw_devices xc7a35t_0]
program_hw_devices [get_hw_devices xc7a35t_0]
INFO: [Labtools 27-3164] End of startup status: HIGH
refresh_hw_device [lindex [get_hw_devices xc7a35t_0] 0]
INFO: [Labtools 27-1434] Device xc7a35t (JTAG device index = 0) is programmed with a design that has no supported debug core(s) in it.
reset_run synth_1
launch_runs impl_1 -to_step write_bitstream -jobs 12
[Thu Mar 10 15:46:08 2022] Launched synth_1...
Run output will be captured here: C:/Users/Elwin/Vivado/BESJ-Basys3/GameBesje_POC_GridPrinting/GameBesje.runs/synth_1/runme.log
[Thu Mar 10 15:46:08 2022] Launched impl_1...
Run output will be captured here: C:/Users/Elwin/Vivado/BESJ-Basys3/GameBesje_POC_GridPrinting/GameBesje.runs/impl_1/runme.log
close_hw
reset_run synth_1
launch_runs impl_1 -to_step write_bitstream -jobs 12
[Thu Mar 10 15:49:08 2022] Launched synth_1...
Run output will be captured here: C:/Users/Elwin/Vivado/BESJ-Basys3/GameBesje_POC_GridPrinting/GameBesje.runs/synth_1/runme.log
[Thu Mar 10 15:49:08 2022] Launched impl_1...
Run output will be captured here: C:/Users/Elwin/Vivado/BESJ-Basys3/GameBesje_POC_GridPrinting/GameBesje.runs/impl_1/runme.log
reset_run synth_1
launch_runs impl_1 -to_step write_bitstream -jobs 12
[Thu Mar 10 15:51:57 2022] Launched synth_1...
Run output will be captured here: C:/Users/Elwin/Vivado/BESJ-Basys3/GameBesje_POC_GridPrinting/GameBesje.runs/synth_1/runme.log
[Thu Mar 10 15:51:57 2022] Launched impl_1...
Run output will be captured here: C:/Users/Elwin/Vivado/BESJ-Basys3/GameBesje_POC_GridPrinting/GameBesje.runs/impl_1/runme.log
open_hw
connect_hw_server
INFO: [Labtools 27-2285] Connecting to hw_server url TCP:localhost:3121
INFO: [Labtools 27-2222] Launching hw_server...
INFO: [Labtools 27-2221] Launch Output:

****** Xilinx hw_server v2019.1
  **** Build date : May 24 2019 at 15:13:31
    ** Copyright 1986-2019 Xilinx, Inc. All Rights Reserved.


open_hw_target
INFO: [Labtoolstcl 44-466] Opening hw_target localhost:3121/xilinx_tcf/Digilent/210183A38948A
set_property PROGRAM.FILE {C:/Users/Elwin/Vivado/BESJ-Basys3/GameBesje_POC_GridPrinting/GameBesje.runs/impl_1/top.bit} [get_hw_devices xc7a35t_0]
current_hw_device [get_hw_devices xc7a35t_0]
refresh_hw_device -update_hw_probes false [lindex [get_hw_devices xc7a35t_0] 0]
INFO: [Labtools 27-1434] Device xc7a35t (JTAG device index = 0) is programmed with a design that has no supported debug core(s) in it.
set_property PROBES.FILE {} [get_hw_devices xc7a35t_0]
set_property FULL_PROBES.FILE {} [get_hw_devices xc7a35t_0]
set_property PROGRAM.FILE {C:/Users/Elwin/Vivado/BESJ-Basys3/GameBesje_POC_GridPrinting/GameBesje.runs/impl_1/top.bit} [get_hw_devices xc7a35t_0]
program_hw_devices [get_hw_devices xc7a35t_0]
INFO: [Labtools 27-3164] End of startup status: HIGH
refresh_hw_device [lindex [get_hw_devices xc7a35t_0] 0]
INFO: [Labtools 27-1434] Device xc7a35t (JTAG device index = 0) is programmed with a design that has no supported debug core(s) in it.
reset_run synth_1
launch_runs impl_1 -to_step write_bitstream -jobs 12
[Thu Mar 10 15:58:42 2022] Launched synth_1...
Run output will be captured here: C:/Users/Elwin/Vivado/BESJ-Basys3/GameBesje_POC_GridPrinting/GameBesje.runs/synth_1/runme.log
[Thu Mar 10 15:58:42 2022] Launched impl_1...
Run output will be captured here: C:/Users/Elwin/Vivado/BESJ-Basys3/GameBesje_POC_GridPrinting/GameBesje.runs/impl_1/runme.log
set_property PROBES.FILE {} [get_hw_devices xc7a35t_0]
set_property FULL_PROBES.FILE {} [get_hw_devices xc7a35t_0]
set_property PROGRAM.FILE {C:/Users/Elwin/Vivado/BESJ-Basys3/GameBesje_POC_GridPrinting/GameBesje.runs/impl_1/top.bit} [get_hw_devices xc7a35t_0]
program_hw_devices [get_hw_devices xc7a35t_0]
INFO: [Labtools 27-3164] End of startup status: HIGH
refresh_hw_device [lindex [get_hw_devices xc7a35t_0] 0]
INFO: [Labtools 27-1434] Device xc7a35t (JTAG device index = 0) is programmed with a design that has no supported debug core(s) in it.
reset_run synth_1
launch_runs impl_1 -to_step write_bitstream -jobs 12
[Thu Mar 10 16:03:27 2022] Launched synth_1...
Run output will be captured here: C:/Users/Elwin/Vivado/BESJ-Basys3/GameBesje_POC_GridPrinting/GameBesje.runs/synth_1/runme.log
[Thu Mar 10 16:03:27 2022] Launched impl_1...
Run output will be captured here: C:/Users/Elwin/Vivado/BESJ-Basys3/GameBesje_POC_GridPrinting/GameBesje.runs/impl_1/runme.log
set_property PROBES.FILE {} [get_hw_devices xc7a35t_0]
set_property FULL_PROBES.FILE {} [get_hw_devices xc7a35t_0]
set_property PROGRAM.FILE {C:/Users/Elwin/Vivado/BESJ-Basys3/GameBesje_POC_GridPrinting/GameBesje.runs/impl_1/top.bit} [get_hw_devices xc7a35t_0]
program_hw_devices [get_hw_devices xc7a35t_0]
INFO: [Labtools 27-3164] End of startup status: HIGH
refresh_hw_device [lindex [get_hw_devices xc7a35t_0] 0]
INFO: [Labtools 27-1434] Device xc7a35t (JTAG device index = 0) is programmed with a design that has no supported debug core(s) in it.
update_compile_order -fileset sources_1
synth_design -rtl -name rtl_1
Command: synth_design -rtl -name rtl_1
Starting synth_design
Using part: xc7a35tcpg236-1
Top: top
INFO: [Device 21-403] Loading part xc7a35tcpg236-1
---------------------------------------------------------------------------------
Starting RTL Elaboration : Time (s): cpu = 00:00:03 ; elapsed = 00:00:03 . Memory (MB): peak = 2466.168 ; gain = 181.727
---------------------------------------------------------------------------------
INFO: [Synth 8-638] synthesizing module 'top' [C:/Users/Elwin/Vivado/BESJ-Basys3/GameBesje_POC_GridPrinting/GameBesje.srcs/sources_1/new/top.vhd:27]
INFO: [Synth 8-3491] module 'Prescaler25' declared at 'C:/Users/Elwin/Vivado/BESJ-Basys3/GameBesje_POC_GridPrinting/.Xil/Vivado-14264-HAMMER-PC-01/realtime/Prescaler25_stub.vhdl:5' bound to instance 'Pre0' of component 'Prescaler25' [C:/Users/Elwin/Vivado/BESJ-Basys3/GameBesje_POC_GridPrinting/GameBesje.srcs/sources_1/new/top.vhd:81]
INFO: [Synth 8-638] synthesizing module 'Prescaler25' [C:/Users/Elwin/Vivado/BESJ-Basys3/GameBesje_POC_GridPrinting/.Xil/Vivado-14264-HAMMER-PC-01/realtime/Prescaler25_stub.vhdl:14]
INFO: [Synth 8-3491] module 'sprites' declared at 'C:/Users/Elwin/Vivado/BESJ-Basys3/GameBesje_POC_GridPrinting/GameBesje.srcs/sources_1/new/sprites.vhd:17' bound to instance 'SP0' of component 'sprites' [C:/Users/Elwin/Vivado/BESJ-Basys3/GameBesje_POC_GridPrinting/GameBesje.srcs/sources_1/new/top.vhd:87]
INFO: [Synth 8-638] synthesizing module 'sprites' [C:/Users/Elwin/Vivado/BESJ-Basys3/GameBesje_POC_GridPrinting/GameBesje.srcs/sources_1/new/sprites.vhd:29]
WARNING: [Synth 8-6014] Unused sequential element s_reg was removed.  [C:/Users/Elwin/Vivado/BESJ-Basys3/GameBesje_POC_GridPrinting/GameBesje.srcs/sources_1/new/sprites.vhd:48]
WARNING: [Synth 8-6014] Unused sequential element conf_array_reg[0,0] was removed.  [C:/Users/Elwin/Vivado/BESJ-Basys3/GameBesje_POC_GridPrinting/GameBesje.srcs/sources_1/new/sprites.vhd:49]
WARNING: [Synth 8-6014] Unused sequential element conf_array_reg[1,2] was removed.  [C:/Users/Elwin/Vivado/BESJ-Basys3/GameBesje_POC_GridPrinting/GameBesje.srcs/sources_1/new/sprites.vhd:49]
WARNING: [Synth 8-6014] Unused sequential element conf_array_reg[2,2] was removed.  [C:/Users/Elwin/Vivado/BESJ-Basys3/GameBesje_POC_GridPrinting/GameBesje.srcs/sources_1/new/sprites.vhd:49]
WARNING: [Synth 8-6014] Unused sequential element conf_array_reg[2,22] was removed.  [C:/Users/Elwin/Vivado/BESJ-Basys3/GameBesje_POC_GridPrinting/GameBesje.srcs/sources_1/new/sprites.vhd:49]
WARNING: [Synth 8-6014] Unused sequential element conf_array_reg[3,2] was removed.  [C:/Users/Elwin/Vivado/BESJ-Basys3/GameBesje_POC_GridPrinting/GameBesje.srcs/sources_1/new/sprites.vhd:49]
WARNING: [Synth 8-6014] Unused sequential element conf_array_reg[3,16] was removed.  [C:/Users/Elwin/Vivado/BESJ-Basys3/GameBesje_POC_GridPrinting/GameBesje.srcs/sources_1/new/sprites.vhd:49]
WARNING: [Synth 8-6014] Unused sequential element conf_array_reg[3,17] was removed.  [C:/Users/Elwin/Vivado/BESJ-Basys3/GameBesje_POC_GridPrinting/GameBesje.srcs/sources_1/new/sprites.vhd:49]
WARNING: [Synth 8-6014] Unused sequential element conf_array_reg[3,18] was removed.  [C:/Users/Elwin/Vivado/BESJ-Basys3/GameBesje_POC_GridPrinting/GameBesje.srcs/sources_1/new/sprites.vhd:49]
WARNING: [Synth 8-6014] Unused sequential element conf_array_reg[3,19] was removed.  [C:/Users/Elwin/Vivado/BESJ-Basys3/GameBesje_POC_GridPrinting/GameBesje.srcs/sources_1/new/sprites.vhd:49]
WARNING: [Synth 8-6014] Unused sequential element conf_array_reg[3,20] was removed.  [C:/Users/Elwin/Vivado/BESJ-Basys3/GameBesje_POC_GridPrinting/GameBesje.srcs/sources_1/new/sprites.vhd:49]
WARNING: [Synth 8-6014] Unused sequential element conf_array_reg[4,2] was removed.  [C:/Users/Elwin/Vivado/BESJ-Basys3/GameBesje_POC_GridPrinting/GameBesje.srcs/sources_1/new/sprites.vhd:49]
WARNING: [Synth 8-6014] Unused sequential element conf_array_reg[16,5] was removed.  [C:/Users/Elwin/Vivado/BESJ-Basys3/GameBesje_POC_GridPrinting/GameBesje.srcs/sources_1/new/sprites.vhd:49]
WARNING: [Synth 8-6014] Unused sequential element conf_array_reg[17,5] was removed.  [C:/Users/Elwin/Vivado/BESJ-Basys3/GameBesje_POC_GridPrinting/GameBesje.srcs/sources_1/new/sprites.vhd:49]
WARNING: [Synth 8-6014] Unused sequential element conf_array_reg[17,8] was removed.  [C:/Users/Elwin/Vivado/BESJ-Basys3/GameBesje_POC_GridPrinting/GameBesje.srcs/sources_1/new/sprites.vhd:49]
WARNING: [Synth 8-6014] Unused sequential element conf_array_reg[18,5] was removed.  [C:/Users/Elwin/Vivado/BESJ-Basys3/GameBesje_POC_GridPrinting/GameBesje.srcs/sources_1/new/sprites.vhd:49]
WARNING: [Synth 8-6014] Unused sequential element conf_array_reg[19,5] was removed.  [C:/Users/Elwin/Vivado/BESJ-Basys3/GameBesje_POC_GridPrinting/GameBesje.srcs/sources_1/new/sprites.vhd:49]
WARNING: [Synth 8-6014] Unused sequential element conf_array_reg[20,5] was removed.  [C:/Users/Elwin/Vivado/BESJ-Basys3/GameBesje_POC_GridPrinting/GameBesje.srcs/sources_1/new/sprites.vhd:49]
WARNING: [Synth 8-6014] Unused sequential element conf_array_reg[21,5] was removed.  [C:/Users/Elwin/Vivado/BESJ-Basys3/GameBesje_POC_GridPrinting/GameBesje.srcs/sources_1/new/sprites.vhd:49]
WARNING: [Synth 8-6014] Unused sequential element conf_array_reg[22,5] was removed.  [C:/Users/Elwin/Vivado/BESJ-Basys3/GameBesje_POC_GridPrinting/GameBesje.srcs/sources_1/new/sprites.vhd:49]
WARNING: [Synth 8-6014] Unused sequential element conf_array_reg[23,5] was removed.  [C:/Users/Elwin/Vivado/BESJ-Basys3/GameBesje_POC_GridPrinting/GameBesje.srcs/sources_1/new/sprites.vhd:49]
WARNING: [Synth 8-6014] Unused sequential element conf_array_reg[24,5] was removed.  [C:/Users/Elwin/Vivado/BESJ-Basys3/GameBesje_POC_GridPrinting/GameBesje.srcs/sources_1/new/sprites.vhd:49]
WARNING: [Synth 8-6014] Unused sequential element conf_array_reg[25,5] was removed.  [C:/Users/Elwin/Vivado/BESJ-Basys3/GameBesje_POC_GridPrinting/GameBesje.srcs/sources_1/new/sprites.vhd:49]
WARNING: [Synth 8-6014] Unused sequential element conf_array_reg[26,5] was removed.  [C:/Users/Elwin/Vivado/BESJ-Basys3/GameBesje_POC_GridPrinting/GameBesje.srcs/sources_1/new/sprites.vhd:49]
WARNING: [Synth 8-6014] Unused sequential element conf_array_reg[27,5] was removed.  [C:/Users/Elwin/Vivado/BESJ-Basys3/GameBesje_POC_GridPrinting/GameBesje.srcs/sources_1/new/sprites.vhd:49]
WARNING: [Synth 8-6014] Unused sequential element conf_array_reg[28,5] was removed.  [C:/Users/Elwin/Vivado/BESJ-Basys3/GameBesje_POC_GridPrinting/GameBesje.srcs/sources_1/new/sprites.vhd:49]
WARNING: [Synth 8-6014] Unused sequential element conf_array_reg[28,16] was removed.  [C:/Users/Elwin/Vivado/BESJ-Basys3/GameBesje_POC_GridPrinting/GameBesje.srcs/sources_1/new/sprites.vhd:49]
WARNING: [Synth 8-6014] Unused sequential element conf_array_reg[28,17] was removed.  [C:/Users/Elwin/Vivado/BESJ-Basys3/GameBesje_POC_GridPrinting/GameBesje.srcs/sources_1/new/sprites.vhd:49]
WARNING: [Synth 8-6014] Unused sequential element conf_array_reg[28,18] was removed.  [C:/Users/Elwin/Vivado/BESJ-Basys3/GameBesje_POC_GridPrinting/GameBesje.srcs/sources_1/new/sprites.vhd:49]
WARNING: [Synth 8-6014] Unused sequential element conf_array_reg[28,19] was removed.  [C:/Users/Elwin/Vivado/BESJ-Basys3/GameBesje_POC_GridPrinting/GameBesje.srcs/sources_1/new/sprites.vhd:49]
WARNING: [Synth 8-6014] Unused sequential element conf_array_reg[28,20] was removed.  [C:/Users/Elwin/Vivado/BESJ-Basys3/GameBesje_POC_GridPrinting/GameBesje.srcs/sources_1/new/sprites.vhd:49]
WARNING: [Synth 8-6014] Unused sequential element conf_array_reg[29,5] was removed.  [C:/Users/Elwin/Vivado/BESJ-Basys3/GameBesje_POC_GridPrinting/GameBesje.srcs/sources_1/new/sprites.vhd:49]
WARNING: [Synth 8-6014] Unused sequential element conf_array_reg[30,5] was removed.  [C:/Users/Elwin/Vivado/BESJ-Basys3/GameBesje_POC_GridPrinting/GameBesje.srcs/sources_1/new/sprites.vhd:49]
WARNING: [Synth 8-6014] Unused sequential element conf_array_reg[30,23] was removed.  [C:/Users/Elwin/Vivado/BESJ-Basys3/GameBesje_POC_GridPrinting/GameBesje.srcs/sources_1/new/sprites.vhd:49]
WARNING: [Synth 8-6014] Unused sequential element conf_array_reg[31,5] was removed.  [C:/Users/Elwin/Vivado/BESJ-Basys3/GameBesje_POC_GridPrinting/GameBesje.srcs/sources_1/new/sprites.vhd:49]
WARNING: [Synth 8-6014] Unused sequential element conf_array_reg[31,23] was removed.  [C:/Users/Elwin/Vivado/BESJ-Basys3/GameBesje_POC_GridPrinting/GameBesje.srcs/sources_1/new/sprites.vhd:49]
INFO: [Synth 8-256] done synthesizing module 'sprites' (1#1) [C:/Users/Elwin/Vivado/BESJ-Basys3/GameBesje_POC_GridPrinting/GameBesje.srcs/sources_1/new/sprites.vhd:29]
INFO: [Synth 8-3491] module 'UART_rx' declared at 'C:/Users/Elwin/Downloads/UART_rx.vhd:8' bound to instance 'receiver' of component 'UART_rx' [C:/Users/Elwin/Vivado/BESJ-Basys3/GameBesje_POC_GridPrinting/GameBesje.srcs/sources_1/new/top.vhd:97]
INFO: [Synth 8-638] synthesizing module 'UART_rx' [C:/Users/Elwin/Downloads/UART_rx.vhd:22]
	Parameter BAUD_X16_CLK_TICKS bound to: 54 - type: integer 
INFO: [Synth 8-226] default block is never used [C:/Users/Elwin/Downloads/UART_rx.vhd:78]
INFO: [Synth 8-256] done synthesizing module 'UART_rx' (2#1) [C:/Users/Elwin/Downloads/UART_rx.vhd:22]
INFO: [Synth 8-3491] module 'VGA' declared at 'C:/Users/Elwin/Vivado/BESJ-Basys3/GameBesje_POC_GridPrinting/GameBesje.srcs/sources_1/imports/Week 5 + 6 - Bounching Square - Ball/vga.vhd:17' bound to instance 'VGA0' of component 'VGA' [C:/Users/Elwin/Vivado/BESJ-Basys3/GameBesje_POC_GridPrinting/GameBesje.srcs/sources_1/new/top.vhd:105]
INFO: [Synth 8-638] synthesizing module 'VGA' [C:/Users/Elwin/Vivado/BESJ-Basys3/GameBesje_POC_GridPrinting/GameBesje.srcs/sources_1/imports/Week 5 + 6 - Bounching Square - Ball/vga.vhd:28]
WARNING: [Synth 8-614] signal 'reset' is read in the process but is not in the sensitivity list [C:/Users/Elwin/Vivado/BESJ-Basys3/GameBesje_POC_GridPrinting/GameBesje.srcs/sources_1/imports/Week 5 + 6 - Bounching Square - Ball/vga.vhd:1333]
WARNING: [Synth 8-6014] Unused sequential element tempX_reg was removed.  [C:/Users/Elwin/Vivado/BESJ-Basys3/GameBesje_POC_GridPrinting/GameBesje.srcs/sources_1/imports/Week 5 + 6 - Bounching Square - Ball/vga.vhd:1351]
WARNING: [Synth 8-6014] Unused sequential element tempY_reg was removed.  [C:/Users/Elwin/Vivado/BESJ-Basys3/GameBesje_POC_GridPrinting/GameBesje.srcs/sources_1/imports/Week 5 + 6 - Bounching Square - Ball/vga.vhd:1352]
WARNING: [Synth 8-6014] Unused sequential element code_reg was removed.  [C:/Users/Elwin/Vivado/BESJ-Basys3/GameBesje_POC_GridPrinting/GameBesje.srcs/sources_1/imports/Week 5 + 6 - Bounching Square - Ball/vga.vhd:1356]
WARNING: [Synth 8-6014] Unused sequential element ColoursIn_reg was removed.  [C:/Users/Elwin/Vivado/BESJ-Basys3/GameBesje_POC_GridPrinting/GameBesje.srcs/sources_1/imports/Week 5 + 6 - Bounching Square - Ball/vga.vhd:1360]
INFO: [Synth 8-256] done synthesizing module 'VGA' (3#1) [C:/Users/Elwin/Vivado/BESJ-Basys3/GameBesje_POC_GridPrinting/GameBesje.srcs/sources_1/imports/Week 5 + 6 - Bounching Square - Ball/vga.vhd:28]
WARNING: [Synth 8-3848] Net tmp_en in module/entity top does not have driver. [C:/Users/Elwin/Vivado/BESJ-Basys3/GameBesje_POC_GridPrinting/GameBesje.srcs/sources_1/new/top.vhd:74]
INFO: [Synth 8-256] done synthesizing module 'top' (4#1) [C:/Users/Elwin/Vivado/BESJ-Basys3/GameBesje_POC_GridPrinting/GameBesje.srcs/sources_1/new/top.vhd:27]
WARNING: [Synth 8-3331] design sprites has unconnected port enable
WARNING: [Synth 8-3331] design sprites has unconnected port b1
WARNING: [Synth 8-3331] design sprites has unconnected port b2
---------------------------------------------------------------------------------
Finished RTL Elaboration : Time (s): cpu = 00:00:07 ; elapsed = 00:00:07 . Memory (MB): peak = 2599.566 ; gain = 315.125
---------------------------------------------------------------------------------

Report Check Netlist: 
+------+------------------+-------+---------+-------+------------------+
|      |Item              |Errors |Warnings |Status |Description       |
+------+------------------+-------+---------+-------+------------------+
|1     |multi_driven_nets |      0|        0|Passed |Multi driven nets |
+------+------------------+-------+---------+-------+------------------+
---------------------------------------------------------------------------------
Start Handling Custom Attributes
---------------------------------------------------------------------------------
---------------------------------------------------------------------------------
Finished Handling Custom Attributes : Time (s): cpu = 00:00:08 ; elapsed = 00:00:08 . Memory (MB): peak = 2623.465 ; gain = 339.023
---------------------------------------------------------------------------------
---------------------------------------------------------------------------------
Finished RTL Optimization Phase 1 : Time (s): cpu = 00:00:08 ; elapsed = 00:00:08 . Memory (MB): peak = 2623.465 ; gain = 339.023
---------------------------------------------------------------------------------
INFO: [Project 1-454] Reading design checkpoint 'c:/Users/Elwin/Vivado/BESJ-Basys3/GameBesje_POC_GridPrinting/GameBesje.srcs/sources_1/ip/Prescaler25/Prescaler25.dcp' for cell 'Pre0'
INFO: [Netlist 29-17] Analyzing 1 Unisim elements for replacement
INFO: [Netlist 29-28] Unisim Transformation completed in 0 CPU seconds
INFO: [Project 1-479] Netlist was created with Vivado 2019.1
INFO: [Project 1-570] Preparing netlist for logic optimization
INFO: [Opt 31-140] Inserted 1 IBUFs to IO ports without IO buffers.

Processing XDC Constraints
Initializing timing engine
Parsing XDC File [c:/Users/Elwin/Vivado/BESJ-Basys3/GameBesje_POC_GridPrinting/GameBesje.srcs/sources_1/ip/Prescaler25/Prescaler25_board.xdc] for cell 'Pre0/inst'
Finished Parsing XDC File [c:/Users/Elwin/Vivado/BESJ-Basys3/GameBesje_POC_GridPrinting/GameBesje.srcs/sources_1/ip/Prescaler25/Prescaler25_board.xdc] for cell 'Pre0/inst'
Parsing XDC File [c:/Users/Elwin/Vivado/BESJ-Basys3/GameBesje_POC_GridPrinting/GameBesje.srcs/sources_1/ip/Prescaler25/Prescaler25.xdc] for cell 'Pre0/inst'
Finished Parsing XDC File [c:/Users/Elwin/Vivado/BESJ-Basys3/GameBesje_POC_GridPrinting/GameBesje.srcs/sources_1/ip/Prescaler25/Prescaler25.xdc] for cell 'Pre0/inst'
INFO: [Project 1-236] Implementation specific constraints were found while reading constraint file [c:/Users/Elwin/Vivado/BESJ-Basys3/GameBesje_POC_GridPrinting/GameBesje.srcs/sources_1/ip/Prescaler25/Prescaler25.xdc]. These constraints will be ignored for synthesis but will be used in implementation. Impacted constraints are listed in the file [.Xil/top_propImpl.xdc].
Resolution: To avoid this warning, move constraints listed in [.Xil/top_propImpl.xdc] to another XDC file and exclude this new file from synthesis with the used_in_synthesis property (File Properties dialog in GUI) and re-run elaboration/synthesis.
INFO: [Timing 38-2] Deriving generated clocks
Parsing XDC File [C:/Users/Elwin/Vivado/BESJ-Basys3/GameBesje_POC_GridPrinting/GameBesje.srcs/constrs_1/new/cnts.xdc]
Finished Parsing XDC File [C:/Users/Elwin/Vivado/BESJ-Basys3/GameBesje_POC_GridPrinting/GameBesje.srcs/constrs_1/new/cnts.xdc]
Completed Processing XDC Constraints

INFO: [Opt 31-138] Pushed 0 inverter(s) to 0 load pin(s).
Netlist sorting complete. Time (s): cpu = 00:00:00 ; elapsed = 00:00:00.006 . Memory (MB): peak = 2787.473 ; gain = 0.000
INFO: [Project 1-111] Unisim Transformation Summary:
No Unisim elements were transformed.

RTL Elaboration Complete:  : Time (s): cpu = 00:00:26 ; elapsed = 00:00:18 . Memory (MB): peak = 2877.512 ; gain = 593.070
25 Infos, 45 Warnings, 0 Critical Warnings and 0 Errors encountered.
synth_design completed successfully
synth_design: Time (s): cpu = 00:00:36 ; elapsed = 00:00:30 . Memory (MB): peak = 2877.512 ; gain = 816.941
place_ports rx H1
set_property IOSTANDARD LVCMOS33 [get_ports [list rx]]
save_constraints
reset_run synth_1
launch_runs impl_1 -to_step write_bitstream -jobs 12
[Thu Mar 10 17:16:39 2022] Launched synth_1...
Run output will be captured here: C:/Users/Elwin/Vivado/BESJ-Basys3/GameBesje_POC_GridPrinting/GameBesje.runs/synth_1/runme.log
[Thu Mar 10 17:16:39 2022] Launched impl_1...
Run output will be captured here: C:/Users/Elwin/Vivado/BESJ-Basys3/GameBesje_POC_GridPrinting/GameBesje.runs/impl_1/runme.log
close_design
close_hw
reset_run synth_1
launch_runs impl_1 -to_step write_bitstream -jobs 12
[Thu Mar 10 17:17:49 2022] Launched synth_1...
Run output will be captured here: C:/Users/Elwin/Vivado/BESJ-Basys3/GameBesje_POC_GridPrinting/GameBesje.runs/synth_1/runme.log
[Thu Mar 10 17:17:49 2022] Launched impl_1...
Run output will be captured here: C:/Users/Elwin/Vivado/BESJ-Basys3/GameBesje_POC_GridPrinting/GameBesje.runs/impl_1/runme.log
open_hw
connect_hw_server
INFO: [Labtools 27-2285] Connecting to hw_server url TCP:localhost:3121
INFO: [Labtools 27-2222] Launching hw_server...
INFO: [Labtools 27-2221] Launch Output:

****** Xilinx hw_server v2019.1
  **** Build date : May 24 2019 at 15:13:31
    ** Copyright 1986-2019 Xilinx, Inc. All Rights Reserved.


open_hw_target
INFO: [Labtoolstcl 44-466] Opening hw_target localhost:3121/xilinx_tcf/Digilent/210183A38948A
set_property PROGRAM.FILE {C:/Users/Elwin/Vivado/BESJ-Basys3/GameBesje_POC_GridPrinting/GameBesje.runs/impl_1/top.bit} [get_hw_devices xc7a35t_0]
current_hw_device [get_hw_devices xc7a35t_0]
refresh_hw_device -update_hw_probes false [lindex [get_hw_devices xc7a35t_0] 0]
INFO: [Labtools 27-1434] Device xc7a35t (JTAG device index = 0) is programmed with a design that has no supported debug core(s) in it.
set_property PROBES.FILE {} [get_hw_devices xc7a35t_0]
set_property FULL_PROBES.FILE {} [get_hw_devices xc7a35t_0]
set_property PROGRAM.FILE {C:/Users/Elwin/Vivado/BESJ-Basys3/GameBesje_POC_GridPrinting/GameBesje.runs/impl_1/top.bit} [get_hw_devices xc7a35t_0]
program_hw_devices [get_hw_devices xc7a35t_0]
INFO: [Labtools 27-3164] End of startup status: HIGH
refresh_hw_device [lindex [get_hw_devices xc7a35t_0] 0]
INFO: [Labtools 27-1434] Device xc7a35t (JTAG device index = 0) is programmed with a design that has no supported debug core(s) in it.
ERROR: [Labtoolstcl 44-513] HW Target shutdown. Closing target: localhost:3121/xilinx_tcf/Digilent/210183A38948A
INFO: [Labtoolstcl 44-466] Opening hw_target localhost:3121/xilinx_tcf/Digilent/210183A38948A
INFO: [Labtools 27-1434] Device xc7a35t (JTAG device index = 0) is programmed with a design that has no supported debug core(s) in it.
WARNING: [Labtoolstcl 44-129] No matching hw_ila_data was found.
ERROR: [Labtoolstcl 44-513] HW Target shutdown. Closing target: localhost:3121/xilinx_tcf/Digilent/210183A38948A
INFO: [Labtoolstcl 44-466] Opening hw_target localhost:3121/xilinx_tcf/Digilent/210183A38948A
INFO: [Labtools 27-1434] Device xc7a35t (JTAG device index = 0) is programmed with a design that has no supported debug core(s) in it.
WARNING: [Labtoolstcl 44-129] No matching hw_ila_data was found.
ERROR: [Labtoolstcl 44-513] HW Target shutdown. Closing target: localhost:3121/xilinx_tcf/Digilent/210183A38948A
INFO: [Labtoolstcl 44-466] Opening hw_target localhost:3121/xilinx_tcf/Digilent/210183A38948A
INFO: [Labtools 27-1434] Device xc7a35t (JTAG device index = 0) is programmed with a design that has no supported debug core(s) in it.
WARNING: [Labtoolstcl 44-129] No matching hw_ila_data was found.
ERROR: [Labtoolstcl 44-513] HW Target shutdown. Closing target: localhost:3121/xilinx_tcf/Digilent/210183A38948A
INFO: [Labtoolstcl 44-466] Opening hw_target localhost:3121/xilinx_tcf/Digilent/210183A38948A
INFO: [Labtools 27-1434] Device xc7a35t (JTAG device index = 0) is programmed with a design that has no supported debug core(s) in it.
WARNING: [Labtoolstcl 44-129] No matching hw_ila_data was found.
ERROR: [Labtoolstcl 44-513] HW Target shutdown. Closing target: localhost:3121/xilinx_tcf/Digilent/210183A38948A
INFO: [Labtoolstcl 44-466] Opening hw_target localhost:3121/xilinx_tcf/Digilent/210183A38948A
INFO: [Labtools 27-1434] Device xc7a35t (JTAG device index = 0) is programmed with a design that has no supported debug core(s) in it.
WARNING: [Labtoolstcl 44-129] No matching hw_ila_data was found.
ERROR: [Labtoolstcl 44-513] HW Target shutdown. Closing target: localhost:3121/xilinx_tcf/Digilent/210183A38948A
INFO: [Labtoolstcl 44-466] Opening hw_target localhost:3121/xilinx_tcf/Digilent/210183A38948A
INFO: [Labtools 27-1434] Device xc7a35t (JTAG device index = 0) is programmed with a design that has no supported debug core(s) in it.
WARNING: [Labtoolstcl 44-129] No matching hw_ila_data was found.
ERROR: [Labtoolstcl 44-513] HW Target shutdown. Closing target: localhost:3121/xilinx_tcf/Digilent/210183A38948A
