#-----------------------------------------------------------
# Vivado v2019.1 (64-bit)
# SW Build 2552052 on Fri May 24 14:49:42 MDT 2019
# IP Build 2548770 on Fri May 24 18:01:18 MDT 2019
# Start of session at: Sat Mar  5 11:53:05 2022
# Process ID: 6676
# Current directory: D:/PROGHProjecten/PROGH2/Project_Besje/GameBesje
# Command line: vivado.exe -gui_launcher_event rodinguilauncherevent11344 D:\PROGHProjecten\PROGH2\Project_Besje\GameBesje\GameBesje.xpr
# Log file: D:/PROGHProjecten/PROGH2/Project_Besje/GameBesje/vivado.log
# Journal file: D:/PROGHProjecten/PROGH2/Project_Besje/GameBesje\vivado.jou
#-----------------------------------------------------------
start_gui
open_project D:/PROGHProjecten/PROGH2/Project_Besje/GameBesje/GameBesje.xpr
INFO: [Project 1-313] Project file moved from 'C:/Users/Jomme/besje/GameBesje' since last save.
Scanning sources...
Finished scanning sources
INFO: [IP_Flow 19-234] Refreshing IP repositories
INFO: [IP_Flow 19-1704] No user IP repositories specified
INFO: [IP_Flow 19-2313] Loaded Vivado IP repository 'C:/Xilinx/Vivado/2019.1/data/ip'.
open_project: Time (s): cpu = 00:00:14 ; elapsed = 00:00:05 . Memory (MB): peak = 738.844 ; gain = 101.316
update_compile_order -fileset sources_1
