
*** Running vivado
    with args -log top.vds -m64 -product Vivado -mode batch -messageDb vivado.pb -notrace -source top.tcl


****** Vivado v2019.1 (64-bit)
  **** SW Build 2552052 on Fri May 24 14:49:42 MDT 2019
  **** IP Build 2548770 on Fri May 24 18:01:18 MDT 2019
    ** Copyright 1986-2019 Xilinx, Inc. All Rights Reserved.

source top.tcl -notrace
Command: synth_design -top top -part xc7a35tcpg236-1
Starting synth_design
Attempting to get a license for feature 'Synthesis' and/or device 'xc7a35t'
INFO: [Common 17-349] Got license for feature 'Synthesis' and/or device 'xc7a35t'
INFO: [Device 21-403] Loading part xc7a35tcpg236-1
INFO: Launching helper process for spawning children vivado processes
INFO: Helper process launched with PID 13928 
---------------------------------------------------------------------------------
Starting RTL Elaboration : Time (s): cpu = 00:00:04 ; elapsed = 00:00:04 . Memory (MB): peak = 731.707 ; gain = 177.367
---------------------------------------------------------------------------------
INFO: [Synth 8-638] synthesizing module 'top' [C:/Users/Jomme/Downloads/Project_Besje_voorJomme/Project_Besje/GameBesje/GameBesje.srcs/sources_1/new/top.vhd:26]
INFO: [Synth 8-3491] module 'Prescaler25' declared at 'C:/Users/Jomme/Downloads/Project_Besje_voorJomme/Project_Besje/GameBesje/GameBesje.runs/synth_1/.Xil/Vivado-15748-INTRASUM10/realtime/Prescaler25_stub.vhdl:5' bound to instance 'Pre0' of component 'Prescaler25' [C:/Users/Jomme/Downloads/Project_Besje_voorJomme/Project_Besje/GameBesje/GameBesje.srcs/sources_1/new/top.vhd:69]
INFO: [Synth 8-638] synthesizing module 'Prescaler25' [C:/Users/Jomme/Downloads/Project_Besje_voorJomme/Project_Besje/GameBesje/GameBesje.runs/synth_1/.Xil/Vivado-15748-INTRASUM10/realtime/Prescaler25_stub.vhdl:14]
INFO: [Synth 8-3491] module 'sprites' declared at 'C:/Users/Jomme/Downloads/Project_Besje_voorJomme/Project_Besje/GameBesje/GameBesje.srcs/sources_1/new/sprites.vhd:17' bound to instance 'SP0' of component 'sprites' [C:/Users/Jomme/Downloads/Project_Besje_voorJomme/Project_Besje/GameBesje/GameBesje.srcs/sources_1/new/top.vhd:75]
INFO: [Synth 8-638] synthesizing module 'sprites' [C:/Users/Jomme/Downloads/Project_Besje_voorJomme/Project_Besje/GameBesje/GameBesje.srcs/sources_1/new/sprites.vhd:28]
WARNING: [Synth 8-6014] Unused sequential element conf_array_reg[0,2] was removed.  [C:/Users/Jomme/Downloads/Project_Besje_voorJomme/Project_Besje/GameBesje/GameBesje.srcs/sources_1/new/sprites.vhd:41]
WARNING: [Synth 8-6014] Unused sequential element conf_array_reg[1,2] was removed.  [C:/Users/Jomme/Downloads/Project_Besje_voorJomme/Project_Besje/GameBesje/GameBesje.srcs/sources_1/new/sprites.vhd:41]
WARNING: [Synth 8-6014] Unused sequential element conf_array_reg[2,2] was removed.  [C:/Users/Jomme/Downloads/Project_Besje_voorJomme/Project_Besje/GameBesje/GameBesje.srcs/sources_1/new/sprites.vhd:41]
WARNING: [Synth 8-6014] Unused sequential element conf_array_reg[2,22] was removed.  [C:/Users/Jomme/Downloads/Project_Besje_voorJomme/Project_Besje/GameBesje/GameBesje.srcs/sources_1/new/sprites.vhd:41]
WARNING: [Synth 8-6014] Unused sequential element conf_array_reg[3,2] was removed.  [C:/Users/Jomme/Downloads/Project_Besje_voorJomme/Project_Besje/GameBesje/GameBesje.srcs/sources_1/new/sprites.vhd:41]
WARNING: [Synth 8-6014] Unused sequential element conf_array_reg[3,16] was removed.  [C:/Users/Jomme/Downloads/Project_Besje_voorJomme/Project_Besje/GameBesje/GameBesje.srcs/sources_1/new/sprites.vhd:41]
WARNING: [Synth 8-6014] Unused sequential element conf_array_reg[3,17] was removed.  [C:/Users/Jomme/Downloads/Project_Besje_voorJomme/Project_Besje/GameBesje/GameBesje.srcs/sources_1/new/sprites.vhd:41]
WARNING: [Synth 8-6014] Unused sequential element conf_array_reg[3,18] was removed.  [C:/Users/Jomme/Downloads/Project_Besje_voorJomme/Project_Besje/GameBesje/GameBesje.srcs/sources_1/new/sprites.vhd:41]
WARNING: [Synth 8-6014] Unused sequential element conf_array_reg[3,19] was removed.  [C:/Users/Jomme/Downloads/Project_Besje_voorJomme/Project_Besje/GameBesje/GameBesje.srcs/sources_1/new/sprites.vhd:41]
WARNING: [Synth 8-6014] Unused sequential element conf_array_reg[3,20] was removed.  [C:/Users/Jomme/Downloads/Project_Besje_voorJomme/Project_Besje/GameBesje/GameBesje.srcs/sources_1/new/sprites.vhd:41]
WARNING: [Synth 8-6014] Unused sequential element conf_array_reg[4,2] was removed.  [C:/Users/Jomme/Downloads/Project_Besje_voorJomme/Project_Besje/GameBesje/GameBesje.srcs/sources_1/new/sprites.vhd:41]
WARNING: [Synth 8-6014] Unused sequential element conf_array_reg[16,5] was removed.  [C:/Users/Jomme/Downloads/Project_Besje_voorJomme/Project_Besje/GameBesje/GameBesje.srcs/sources_1/new/sprites.vhd:41]
WARNING: [Synth 8-6014] Unused sequential element conf_array_reg[17,5] was removed.  [C:/Users/Jomme/Downloads/Project_Besje_voorJomme/Project_Besje/GameBesje/GameBesje.srcs/sources_1/new/sprites.vhd:41]
WARNING: [Synth 8-6014] Unused sequential element conf_array_reg[17,8] was removed.  [C:/Users/Jomme/Downloads/Project_Besje_voorJomme/Project_Besje/GameBesje/GameBesje.srcs/sources_1/new/sprites.vhd:41]
WARNING: [Synth 8-6014] Unused sequential element conf_array_reg[18,5] was removed.  [C:/Users/Jomme/Downloads/Project_Besje_voorJomme/Project_Besje/GameBesje/GameBesje.srcs/sources_1/new/sprites.vhd:41]
WARNING: [Synth 8-6014] Unused sequential element conf_array_reg[19,5] was removed.  [C:/Users/Jomme/Downloads/Project_Besje_voorJomme/Project_Besje/GameBesje/GameBesje.srcs/sources_1/new/sprites.vhd:41]
WARNING: [Synth 8-6014] Unused sequential element conf_array_reg[20,5] was removed.  [C:/Users/Jomme/Downloads/Project_Besje_voorJomme/Project_Besje/GameBesje/GameBesje.srcs/sources_1/new/sprites.vhd:41]
WARNING: [Synth 8-6014] Unused sequential element conf_array_reg[21,5] was removed.  [C:/Users/Jomme/Downloads/Project_Besje_voorJomme/Project_Besje/GameBesje/GameBesje.srcs/sources_1/new/sprites.vhd:41]
WARNING: [Synth 8-6014] Unused sequential element conf_array_reg[22,5] was removed.  [C:/Users/Jomme/Downloads/Project_Besje_voorJomme/Project_Besje/GameBesje/GameBesje.srcs/sources_1/new/sprites.vhd:41]
WARNING: [Synth 8-6014] Unused sequential element conf_array_reg[23,5] was removed.  [C:/Users/Jomme/Downloads/Project_Besje_voorJomme/Project_Besje/GameBesje/GameBesje.srcs/sources_1/new/sprites.vhd:41]
WARNING: [Synth 8-6014] Unused sequential element conf_array_reg[24,5] was removed.  [C:/Users/Jomme/Downloads/Project_Besje_voorJomme/Project_Besje/GameBesje/GameBesje.srcs/sources_1/new/sprites.vhd:41]
WARNING: [Synth 8-6014] Unused sequential element conf_array_reg[25,5] was removed.  [C:/Users/Jomme/Downloads/Project_Besje_voorJomme/Project_Besje/GameBesje/GameBesje.srcs/sources_1/new/sprites.vhd:41]
WARNING: [Synth 8-6014] Unused sequential element conf_array_reg[26,5] was removed.  [C:/Users/Jomme/Downloads/Project_Besje_voorJomme/Project_Besje/GameBesje/GameBesje.srcs/sources_1/new/sprites.vhd:41]
WARNING: [Synth 8-6014] Unused sequential element conf_array_reg[27,5] was removed.  [C:/Users/Jomme/Downloads/Project_Besje_voorJomme/Project_Besje/GameBesje/GameBesje.srcs/sources_1/new/sprites.vhd:41]
WARNING: [Synth 8-6014] Unused sequential element conf_array_reg[28,5] was removed.  [C:/Users/Jomme/Downloads/Project_Besje_voorJomme/Project_Besje/GameBesje/GameBesje.srcs/sources_1/new/sprites.vhd:41]
WARNING: [Synth 8-6014] Unused sequential element conf_array_reg[28,16] was removed.  [C:/Users/Jomme/Downloads/Project_Besje_voorJomme/Project_Besje/GameBesje/GameBesje.srcs/sources_1/new/sprites.vhd:41]
WARNING: [Synth 8-6014] Unused sequential element conf_array_reg[28,17] was removed.  [C:/Users/Jomme/Downloads/Project_Besje_voorJomme/Project_Besje/GameBesje/GameBesje.srcs/sources_1/new/sprites.vhd:41]
WARNING: [Synth 8-6014] Unused sequential element conf_array_reg[28,18] was removed.  [C:/Users/Jomme/Downloads/Project_Besje_voorJomme/Project_Besje/GameBesje/GameBesje.srcs/sources_1/new/sprites.vhd:41]
WARNING: [Synth 8-6014] Unused sequential element conf_array_reg[28,19] was removed.  [C:/Users/Jomme/Downloads/Project_Besje_voorJomme/Project_Besje/GameBesje/GameBesje.srcs/sources_1/new/sprites.vhd:41]
WARNING: [Synth 8-6014] Unused sequential element conf_array_reg[28,20] was removed.  [C:/Users/Jomme/Downloads/Project_Besje_voorJomme/Project_Besje/GameBesje/GameBesje.srcs/sources_1/new/sprites.vhd:41]
WARNING: [Synth 8-6014] Unused sequential element conf_array_reg[29,5] was removed.  [C:/Users/Jomme/Downloads/Project_Besje_voorJomme/Project_Besje/GameBesje/GameBesje.srcs/sources_1/new/sprites.vhd:41]
WARNING: [Synth 8-6014] Unused sequential element conf_array_reg[30,5] was removed.  [C:/Users/Jomme/Downloads/Project_Besje_voorJomme/Project_Besje/GameBesje/GameBesje.srcs/sources_1/new/sprites.vhd:41]
WARNING: [Synth 8-6014] Unused sequential element conf_array_reg[30,23] was removed.  [C:/Users/Jomme/Downloads/Project_Besje_voorJomme/Project_Besje/GameBesje/GameBesje.srcs/sources_1/new/sprites.vhd:41]
WARNING: [Synth 8-6014] Unused sequential element conf_array_reg[31,5] was removed.  [C:/Users/Jomme/Downloads/Project_Besje_voorJomme/Project_Besje/GameBesje/GameBesje.srcs/sources_1/new/sprites.vhd:41]
WARNING: [Synth 8-6014] Unused sequential element conf_array_reg[31,23] was removed.  [C:/Users/Jomme/Downloads/Project_Besje_voorJomme/Project_Besje/GameBesje/GameBesje.srcs/sources_1/new/sprites.vhd:41]
INFO: [Synth 8-256] done synthesizing module 'sprites' (1#1) [C:/Users/Jomme/Downloads/Project_Besje_voorJomme/Project_Besje/GameBesje/GameBesje.srcs/sources_1/new/sprites.vhd:28]
INFO: [Synth 8-3491] module 'VGA' declared at 'C:/Users/Jomme/Downloads/Project_Besje_voorJomme/Project_Besje/GameBesje/GameBesje.srcs/sources_1/imports/Week 5 + 6 - Bounching Square - Ball/vga.vhd:17' bound to instance 'VGA0' of component 'VGA' [C:/Users/Jomme/Downloads/Project_Besje_voorJomme/Project_Besje/GameBesje/GameBesje.srcs/sources_1/new/top.vhd:84]
INFO: [Synth 8-638] synthesizing module 'VGA' [C:/Users/Jomme/Downloads/Project_Besje_voorJomme/Project_Besje/GameBesje/GameBesje.srcs/sources_1/imports/Week 5 + 6 - Bounching Square - Ball/vga.vhd:28]
WARNING: [Synth 8-614] signal 'reset' is read in the process but is not in the sensitivity list [C:/Users/Jomme/Downloads/Project_Besje_voorJomme/Project_Besje/GameBesje/GameBesje.srcs/sources_1/imports/Week 5 + 6 - Bounching Square - Ball/vga.vhd:286]
WARNING: [Synth 8-6014] Unused sequential element tempX_reg was removed.  [C:/Users/Jomme/Downloads/Project_Besje_voorJomme/Project_Besje/GameBesje/GameBesje.srcs/sources_1/imports/Week 5 + 6 - Bounching Square - Ball/vga.vhd:304]
WARNING: [Synth 8-6014] Unused sequential element tempY_reg was removed.  [C:/Users/Jomme/Downloads/Project_Besje_voorJomme/Project_Besje/GameBesje/GameBesje.srcs/sources_1/imports/Week 5 + 6 - Bounching Square - Ball/vga.vhd:305]
WARNING: [Synth 8-6014] Unused sequential element code_reg was removed.  [C:/Users/Jomme/Downloads/Project_Besje_voorJomme/Project_Besje/GameBesje/GameBesje.srcs/sources_1/imports/Week 5 + 6 - Bounching Square - Ball/vga.vhd:309]
WARNING: [Synth 8-6014] Unused sequential element ColoursIn_reg was removed.  [C:/Users/Jomme/Downloads/Project_Besje_voorJomme/Project_Besje/GameBesje/GameBesje.srcs/sources_1/imports/Week 5 + 6 - Bounching Square - Ball/vga.vhd:313]
INFO: [Synth 8-256] done synthesizing module 'VGA' (2#1) [C:/Users/Jomme/Downloads/Project_Besje_voorJomme/Project_Besje/GameBesje/GameBesje.srcs/sources_1/imports/Week 5 + 6 - Bounching Square - Ball/vga.vhd:28]
WARNING: [Synth 8-3848] Net tmp_en in module/entity top does not have driver. [C:/Users/Jomme/Downloads/Project_Besje_voorJomme/Project_Besje/GameBesje/GameBesje.srcs/sources_1/new/top.vhd:63]
INFO: [Synth 8-256] done synthesizing module 'top' (3#1) [C:/Users/Jomme/Downloads/Project_Besje_voorJomme/Project_Besje/GameBesje/GameBesje.srcs/sources_1/new/top.vhd:26]
WARNING: [Synth 8-3331] design sprites has unconnected port enable
WARNING: [Synth 8-3331] design sprites has unconnected port b1
WARNING: [Synth 8-3331] design sprites has unconnected port b2
---------------------------------------------------------------------------------
Finished RTL Elaboration : Time (s): cpu = 00:00:07 ; elapsed = 00:00:08 . Memory (MB): peak = 833.734 ; gain = 279.395
---------------------------------------------------------------------------------

Report Check Netlist: 
+------+------------------+-------+---------+-------+------------------+
|      |Item              |Errors |Warnings |Status |Description       |
+------+------------------+-------+---------+-------+------------------+
|1     |multi_driven_nets |      0|        0|Passed |Multi driven nets |
+------+------------------+-------+---------+-------+------------------+
---------------------------------------------------------------------------------
Start Handling Custom Attributes
---------------------------------------------------------------------------------
---------------------------------------------------------------------------------
Finished Handling Custom Attributes : Time (s): cpu = 00:00:08 ; elapsed = 00:00:09 . Memory (MB): peak = 833.734 ; gain = 279.395
---------------------------------------------------------------------------------
---------------------------------------------------------------------------------
Finished RTL Optimization Phase 1 : Time (s): cpu = 00:00:08 ; elapsed = 00:00:09 . Memory (MB): peak = 833.734 ; gain = 279.395
---------------------------------------------------------------------------------
INFO: [Project 1-570] Preparing netlist for logic optimization

Processing XDC Constraints
Initializing timing engine
Parsing XDC File [c:/Users/Jomme/Downloads/Project_Besje_voorJomme/Project_Besje/GameBesje/GameBesje.srcs/sources_1/ip/Prescaler25/Prescaler25/Prescaler25_in_context.xdc] for cell 'Pre0'
Finished Parsing XDC File [c:/Users/Jomme/Downloads/Project_Besje_voorJomme/Project_Besje/GameBesje/GameBesje.srcs/sources_1/ip/Prescaler25/Prescaler25/Prescaler25_in_context.xdc] for cell 'Pre0'
Parsing XDC File [C:/Users/Jomme/Downloads/Project_Besje_voorJomme/Project_Besje/GameBesje/GameBesje.srcs/constrs_1/new/cnts.xdc]
Finished Parsing XDC File [C:/Users/Jomme/Downloads/Project_Besje_voorJomme/Project_Besje/GameBesje/GameBesje.srcs/constrs_1/new/cnts.xdc]
INFO: [Project 1-236] Implementation specific constraints were found while reading constraint file [C:/Users/Jomme/Downloads/Project_Besje_voorJomme/Project_Besje/GameBesje/GameBesje.srcs/constrs_1/new/cnts.xdc]. These constraints will be ignored for synthesis but will be used in implementation. Impacted constraints are listed in the file [.Xil/top_propImpl.xdc].
Resolution: To avoid this warning, move constraints listed in [.Xil/top_propImpl.xdc] to another XDC file and exclude this new file from synthesis with the used_in_synthesis property (File Properties dialog in GUI) and re-run elaboration/synthesis.
Completed Processing XDC Constraints

Netlist sorting complete. Time (s): cpu = 00:00:00 ; elapsed = 00:00:00.008 . Memory (MB): peak = 1033.879 ; gain = 0.000
INFO: [Project 1-111] Unisim Transformation Summary:
No Unisim elements were transformed.

Constraint Validation Runtime : Time (s): cpu = 00:00:00 ; elapsed = 00:00:00.154 . Memory (MB): peak = 1033.879 ; gain = 0.000
---------------------------------------------------------------------------------
Finished Constraint Validation : Time (s): cpu = 00:00:20 ; elapsed = 00:00:20 . Memory (MB): peak = 1033.879 ; gain = 479.539
---------------------------------------------------------------------------------
---------------------------------------------------------------------------------
Start Loading Part and Timing Information
---------------------------------------------------------------------------------
Loading part: xc7a35tcpg236-1
---------------------------------------------------------------------------------
Finished Loading Part and Timing Information : Time (s): cpu = 00:00:20 ; elapsed = 00:00:20 . Memory (MB): peak = 1033.879 ; gain = 479.539
---------------------------------------------------------------------------------
---------------------------------------------------------------------------------
Start Applying 'set_property' XDC Constraints
---------------------------------------------------------------------------------
Applied set_property IO_BUFFER_TYPE = NONE for clk. (constraint file  c:/Users/Jomme/Downloads/Project_Besje_voorJomme/Project_Besje/GameBesje/GameBesje.srcs/sources_1/ip/Prescaler25/Prescaler25/Prescaler25_in_context.xdc, line 3).
Applied set_property CLOCK_BUFFER_TYPE = NONE for clk. (constraint file  c:/Users/Jomme/Downloads/Project_Besje_voorJomme/Project_Besje/GameBesje/GameBesje.srcs/sources_1/ip/Prescaler25/Prescaler25/Prescaler25_in_context.xdc, line 4).
Applied set_property DONT_TOUCH = true for Pre0. (constraint file  auto generated constraint, line ).
---------------------------------------------------------------------------------
Finished applying 'set_property' XDC Constraints : Time (s): cpu = 00:00:20 ; elapsed = 00:00:20 . Memory (MB): peak = 1033.879 ; gain = 479.539
---------------------------------------------------------------------------------
INFO: [Synth 8-4471] merging register 'arrayOut_reg[0,1][31:0]' into 'arrayOut_reg[0,0][31:0]' [C:/Users/Jomme/Downloads/Project_Besje_voorJomme/Project_Besje/GameBesje/GameBesje.srcs/sources_1/new/sprites.vhd:85]
INFO: [Synth 8-4471] merging register 'arrayOut_reg[0,3][31:0]' into 'arrayOut_reg[0,0][31:0]' [C:/Users/Jomme/Downloads/Project_Besje_voorJomme/Project_Besje/GameBesje/GameBesje.srcs/sources_1/new/sprites.vhd:85]
INFO: [Synth 8-4471] merging register 'arrayOut_reg[0,4][31:0]' into 'arrayOut_reg[0,0][31:0]' [C:/Users/Jomme/Downloads/Project_Besje_voorJomme/Project_Besje/GameBesje/GameBesje.srcs/sources_1/new/sprites.vhd:85]
INFO: [Synth 8-4471] merging register 'arrayOut_reg[0,5][31:0]' into 'arrayOut_reg[0,0][31:0]' [C:/Users/Jomme/Downloads/Project_Besje_voorJomme/Project_Besje/GameBesje/GameBesje.srcs/sources_1/new/sprites.vhd:85]
INFO: [Synth 8-4471] merging register 'arrayOut_reg[0,6][31:0]' into 'arrayOut_reg[0,0][31:0]' [C:/Users/Jomme/Downloads/Project_Besje_voorJomme/Project_Besje/GameBesje/GameBesje.srcs/sources_1/new/sprites.vhd:85]
INFO: [Synth 8-4471] merging register 'arrayOut_reg[0,7][31:0]' into 'arrayOut_reg[0,0][31:0]' [C:/Users/Jomme/Downloads/Project_Besje_voorJomme/Project_Besje/GameBesje/GameBesje.srcs/sources_1/new/sprites.vhd:85]
INFO: [Synth 8-4471] merging register 'arrayOut_reg[0,8][31:0]' into 'arrayOut_reg[0,0][31:0]' [C:/Users/Jomme/Downloads/Project_Besje_voorJomme/Project_Besje/GameBesje/GameBesje.srcs/sources_1/new/sprites.vhd:85]
INFO: [Synth 8-4471] merging register 'arrayOut_reg[0,9][31:0]' into 'arrayOut_reg[0,0][31:0]' [C:/Users/Jomme/Downloads/Project_Besje_voorJomme/Project_Besje/GameBesje/GameBesje.srcs/sources_1/new/sprites.vhd:85]
INFO: [Synth 8-4471] merging register 'arrayOut_reg[0,10][31:0]' into 'arrayOut_reg[0,0][31:0]' [C:/Users/Jomme/Downloads/Project_Besje_voorJomme/Project_Besje/GameBesje/GameBesje.srcs/sources_1/new/sprites.vhd:85]
INFO: [Synth 8-4471] merging register 'arrayOut_reg[0,11][31:0]' into 'arrayOut_reg[0,0][31:0]' [C:/Users/Jomme/Downloads/Project_Besje_voorJomme/Project_Besje/GameBesje/GameBesje.srcs/sources_1/new/sprites.vhd:85]
INFO: [Synth 8-4471] merging register 'arrayOut_reg[0,12][31:0]' into 'arrayOut_reg[0,0][31:0]' [C:/Users/Jomme/Downloads/Project_Besje_voorJomme/Project_Besje/GameBesje/GameBesje.srcs/sources_1/new/sprites.vhd:85]
INFO: [Synth 8-4471] merging register 'arrayOut_reg[0,13][31:0]' into 'arrayOut_reg[0,0][31:0]' [C:/Users/Jomme/Downloads/Project_Besje_voorJomme/Project_Besje/GameBesje/GameBesje.srcs/sources_1/new/sprites.vhd:85]
INFO: [Synth 8-4471] merging register 'arrayOut_reg[0,14][31:0]' into 'arrayOut_reg[0,0][31:0]' [C:/Users/Jomme/Downloads/Project_Besje_voorJomme/Project_Besje/GameBesje/GameBesje.srcs/sources_1/new/sprites.vhd:85]
INFO: [Synth 8-4471] merging register 'arrayOut_reg[0,15][31:0]' into 'arrayOut_reg[0,0][31:0]' [C:/Users/Jomme/Downloads/Project_Besje_voorJomme/Project_Besje/GameBesje/GameBesje.srcs/sources_1/new/sprites.vhd:85]
INFO: [Synth 8-4471] merging register 'arrayOut_reg[0,16][31:0]' into 'arrayOut_reg[0,0][31:0]' [C:/Users/Jomme/Downloads/Project_Besje_voorJomme/Project_Besje/GameBesje/GameBesje.srcs/sources_1/new/sprites.vhd:85]
INFO: [Synth 8-4471] merging register 'arrayOut_reg[0,17][31:0]' into 'arrayOut_reg[0,0][31:0]' [C:/Users/Jomme/Downloads/Project_Besje_voorJomme/Project_Besje/GameBesje/GameBesje.srcs/sources_1/new/sprites.vhd:85]
INFO: [Synth 8-4471] merging register 'arrayOut_reg[0,18][31:0]' into 'arrayOut_reg[0,0][31:0]' [C:/Users/Jomme/Downloads/Project_Besje_voorJomme/Project_Besje/GameBesje/GameBesje.srcs/sources_1/new/sprites.vhd:85]
INFO: [Synth 8-4471] merging register 'arrayOut_reg[0,19][31:0]' into 'arrayOut_reg[0,0][31:0]' [C:/Users/Jomme/Downloads/Project_Besje_voorJomme/Project_Besje/GameBesje/GameBesje.srcs/sources_1/new/sprites.vhd:85]
INFO: [Synth 8-4471] merging register 'arrayOut_reg[0,20][31:0]' into 'arrayOut_reg[0,0][31:0]' [C:/Users/Jomme/Downloads/Project_Besje_voorJomme/Project_Besje/GameBesje/GameBesje.srcs/sources_1/new/sprites.vhd:85]
INFO: [Synth 8-4471] merging register 'arrayOut_reg[0,21][31:0]' into 'arrayOut_reg[0,0][31:0]' [C:/Users/Jomme/Downloads/Project_Besje_voorJomme/Project_Besje/GameBesje/GameBesje.srcs/sources_1/new/sprites.vhd:85]
INFO: [Synth 8-4471] merging register 'arrayOut_reg[0,22][31:0]' into 'arrayOut_reg[0,0][31:0]' [C:/Users/Jomme/Downloads/Project_Besje_voorJomme/Project_Besje/GameBesje/GameBesje.srcs/sources_1/new/sprites.vhd:85]
INFO: [Synth 8-4471] merging register 'arrayOut_reg[0,23][31:0]' into 'arrayOut_reg[0,0][31:0]' [C:/Users/Jomme/Downloads/Project_Besje_voorJomme/Project_Besje/GameBesje/GameBesje.srcs/sources_1/new/sprites.vhd:85]
INFO: [Synth 8-4471] merging register 'arrayOut_reg[1,0][31:0]' into 'arrayOut_reg[0,0][31:0]' [C:/Users/Jomme/Downloads/Project_Besje_voorJomme/Project_Besje/GameBesje/GameBesje.srcs/sources_1/new/sprites.vhd:85]
INFO: [Synth 8-4471] merging register 'arrayOut_reg[1,1][31:0]' into 'arrayOut_reg[0,0][31:0]' [C:/Users/Jomme/Downloads/Project_Besje_voorJomme/Project_Besje/GameBesje/GameBesje.srcs/sources_1/new/sprites.vhd:85]
INFO: [Synth 8-4471] merging register 'arrayOut_reg[1,2][31:0]' into 'arrayOut_reg[0,2][31:0]' [C:/Users/Jomme/Downloads/Project_Besje_voorJomme/Project_Besje/GameBesje/GameBesje.srcs/sources_1/new/sprites.vhd:85]
INFO: [Synth 8-4471] merging register 'arrayOut_reg[1,3][31:0]' into 'arrayOut_reg[0,0][31:0]' [C:/Users/Jomme/Downloads/Project_Besje_voorJomme/Project_Besje/GameBesje/GameBesje.srcs/sources_1/new/sprites.vhd:85]
INFO: [Synth 8-4471] merging register 'arrayOut_reg[1,4][31:0]' into 'arrayOut_reg[0,0][31:0]' [C:/Users/Jomme/Downloads/Project_Besje_voorJomme/Project_Besje/GameBesje/GameBesje.srcs/sources_1/new/sprites.vhd:85]
INFO: [Synth 8-4471] merging register 'arrayOut_reg[1,5][31:0]' into 'arrayOut_reg[0,0][31:0]' [C:/Users/Jomme/Downloads/Project_Besje_voorJomme/Project_Besje/GameBesje/GameBesje.srcs/sources_1/new/sprites.vhd:85]
INFO: [Synth 8-4471] merging register 'arrayOut_reg[1,6][31:0]' into 'arrayOut_reg[0,0][31:0]' [C:/Users/Jomme/Downloads/Project_Besje_voorJomme/Project_Besje/GameBesje/GameBesje.srcs/sources_1/new/sprites.vhd:85]
INFO: [Synth 8-4471] merging register 'arrayOut_reg[1,7][31:0]' into 'arrayOut_reg[0,0][31:0]' [C:/Users/Jomme/Downloads/Project_Besje_voorJomme/Project_Besje/GameBesje/GameBesje.srcs/sources_1/new/sprites.vhd:85]
INFO: [Synth 8-4471] merging register 'arrayOut_reg[1,8][31:0]' into 'arrayOut_reg[0,0][31:0]' [C:/Users/Jomme/Downloads/Project_Besje_voorJomme/Project_Besje/GameBesje/GameBesje.srcs/sources_1/new/sprites.vhd:85]
INFO: [Synth 8-4471] merging register 'arrayOut_reg[1,9][31:0]' into 'arrayOut_reg[0,0][31:0]' [C:/Users/Jomme/Downloads/Project_Besje_voorJomme/Project_Besje/GameBesje/GameBesje.srcs/sources_1/new/sprites.vhd:85]
INFO: [Synth 8-4471] merging register 'arrayOut_reg[1,10][31:0]' into 'arrayOut_reg[0,0][31:0]' [C:/Users/Jomme/Downloads/Project_Besje_voorJomme/Project_Besje/GameBesje/GameBesje.srcs/sources_1/new/sprites.vhd:85]
INFO: [Synth 8-4471] merging register 'arrayOut_reg[1,11][31:0]' into 'arrayOut_reg[0,0][31:0]' [C:/Users/Jomme/Downloads/Project_Besje_voorJomme/Project_Besje/GameBesje/GameBesje.srcs/sources_1/new/sprites.vhd:85]
INFO: [Synth 8-4471] merging register 'arrayOut_reg[1,12][31:0]' into 'arrayOut_reg[0,0][31:0]' [C:/Users/Jomme/Downloads/Project_Besje_voorJomme/Project_Besje/GameBesje/GameBesje.srcs/sources_1/new/sprites.vhd:85]
INFO: [Synth 8-4471] merging register 'arrayOut_reg[1,13][31:0]' into 'arrayOut_reg[0,0][31:0]' [C:/Users/Jomme/Downloads/Project_Besje_voorJomme/Project_Besje/GameBesje/GameBesje.srcs/sources_1/new/sprites.vhd:85]
INFO: [Synth 8-4471] merging register 'arrayOut_reg[1,14][31:0]' into 'arrayOut_reg[0,0][31:0]' [C:/Users/Jomme/Downloads/Project_Besje_voorJomme/Project_Besje/GameBesje/GameBesje.srcs/sources_1/new/sprites.vhd:85]
INFO: [Synth 8-4471] merging register 'arrayOut_reg[1,15][31:0]' into 'arrayOut_reg[0,0][31:0]' [C:/Users/Jomme/Downloads/Project_Besje_voorJomme/Project_Besje/GameBesje/GameBesje.srcs/sources_1/new/sprites.vhd:85]
INFO: [Synth 8-4471] merging register 'arrayOut_reg[1,16][31:0]' into 'arrayOut_reg[0,0][31:0]' [C:/Users/Jomme/Downloads/Project_Besje_voorJomme/Project_Besje/GameBesje/GameBesje.srcs/sources_1/new/sprites.vhd:85]
INFO: [Synth 8-4471] merging register 'arrayOut_reg[1,17][31:0]' into 'arrayOut_reg[0,0][31:0]' [C:/Users/Jomme/Downloads/Project_Besje_voorJomme/Project_Besje/GameBesje/GameBesje.srcs/sources_1/new/sprites.vhd:85]
INFO: [Synth 8-4471] merging register 'arrayOut_reg[1,18][31:0]' into 'arrayOut_reg[0,0][31:0]' [C:/Users/Jomme/Downloads/Project_Besje_voorJomme/Project_Besje/GameBesje/GameBesje.srcs/sources_1/new/sprites.vhd:85]
INFO: [Synth 8-4471] merging register 'arrayOut_reg[1,19][31:0]' into 'arrayOut_reg[0,0][31:0]' [C:/Users/Jomme/Downloads/Project_Besje_voorJomme/Project_Besje/GameBesje/GameBesje.srcs/sources_1/new/sprites.vhd:85]
INFO: [Synth 8-4471] merging register 'arrayOut_reg[1,20][31:0]' into 'arrayOut_reg[0,0][31:0]' [C:/Users/Jomme/Downloads/Project_Besje_voorJomme/Project_Besje/GameBesje/GameBesje.srcs/sources_1/new/sprites.vhd:85]
INFO: [Synth 8-4471] merging register 'arrayOut_reg[1,21][31:0]' into 'arrayOut_reg[0,0][31:0]' [C:/Users/Jomme/Downloads/Project_Besje_voorJomme/Project_Besje/GameBesje/GameBesje.srcs/sources_1/new/sprites.vhd:85]
INFO: [Synth 8-4471] merging register 'arrayOut_reg[1,22][31:0]' into 'arrayOut_reg[0,0][31:0]' [C:/Users/Jomme/Downloads/Project_Besje_voorJomme/Project_Besje/GameBesje/GameBesje.srcs/sources_1/new/sprites.vhd:85]
INFO: [Synth 8-4471] merging register 'arrayOut_reg[1,23][31:0]' into 'arrayOut_reg[0,0][31:0]' [C:/Users/Jomme/Downloads/Project_Besje_voorJomme/Project_Besje/GameBesje/GameBesje.srcs/sources_1/new/sprites.vhd:85]
INFO: [Synth 8-4471] merging register 'arrayOut_reg[2,0][31:0]' into 'arrayOut_reg[0,0][31:0]' [C:/Users/Jomme/Downloads/Project_Besje_voorJomme/Project_Besje/GameBesje/GameBesje.srcs/sources_1/new/sprites.vhd:85]
INFO: [Synth 8-4471] merging register 'arrayOut_reg[2,1][31:0]' into 'arrayOut_reg[0,0][31:0]' [C:/Users/Jomme/Downloads/Project_Besje_voorJomme/Project_Besje/GameBesje/GameBesje.srcs/sources_1/new/sprites.vhd:85]
INFO: [Synth 8-4471] merging register 'arrayOut_reg[2,2][31:0]' into 'arrayOut_reg[0,2][31:0]' [C:/Users/Jomme/Downloads/Project_Besje_voorJomme/Project_Besje/GameBesje/GameBesje.srcs/sources_1/new/sprites.vhd:85]
INFO: [Synth 8-4471] merging register 'arrayOut_reg[2,3][31:0]' into 'arrayOut_reg[0,0][31:0]' [C:/Users/Jomme/Downloads/Project_Besje_voorJomme/Project_Besje/GameBesje/GameBesje.srcs/sources_1/new/sprites.vhd:85]
INFO: [Synth 8-4471] merging register 'arrayOut_reg[2,4][31:0]' into 'arrayOut_reg[0,0][31:0]' [C:/Users/Jomme/Downloads/Project_Besje_voorJomme/Project_Besje/GameBesje/GameBesje.srcs/sources_1/new/sprites.vhd:85]
INFO: [Synth 8-4471] merging register 'arrayOut_reg[2,5][31:0]' into 'arrayOut_reg[0,0][31:0]' [C:/Users/Jomme/Downloads/Project_Besje_voorJomme/Project_Besje/GameBesje/GameBesje.srcs/sources_1/new/sprites.vhd:85]
INFO: [Synth 8-4471] merging register 'arrayOut_reg[2,6][31:0]' into 'arrayOut_reg[0,0][31:0]' [C:/Users/Jomme/Downloads/Project_Besje_voorJomme/Project_Besje/GameBesje/GameBesje.srcs/sources_1/new/sprites.vhd:85]
INFO: [Synth 8-4471] merging register 'arrayOut_reg[2,7][31:0]' into 'arrayOut_reg[0,0][31:0]' [C:/Users/Jomme/Downloads/Project_Besje_voorJomme/Project_Besje/GameBesje/GameBesje.srcs/sources_1/new/sprites.vhd:85]
INFO: [Synth 8-4471] merging register 'arrayOut_reg[2,8][31:0]' into 'arrayOut_reg[0,0][31:0]' [C:/Users/Jomme/Downloads/Project_Besje_voorJomme/Project_Besje/GameBesje/GameBesje.srcs/sources_1/new/sprites.vhd:85]
INFO: [Synth 8-4471] merging register 'arrayOut_reg[2,9][31:0]' into 'arrayOut_reg[0,0][31:0]' [C:/Users/Jomme/Downloads/Project_Besje_voorJomme/Project_Besje/GameBesje/GameBesje.srcs/sources_1/new/sprites.vhd:85]
INFO: [Synth 8-4471] merging register 'arrayOut_reg[2,10][31:0]' into 'arrayOut_reg[0,0][31:0]' [C:/Users/Jomme/Downloads/Project_Besje_voorJomme/Project_Besje/GameBesje/GameBesje.srcs/sources_1/new/sprites.vhd:85]
INFO: [Synth 8-4471] merging register 'arrayOut_reg[2,11][31:0]' into 'arrayOut_reg[0,0][31:0]' [C:/Users/Jomme/Downloads/Project_Besje_voorJomme/Project_Besje/GameBesje/GameBesje.srcs/sources_1/new/sprites.vhd:85]
INFO: [Synth 8-4471] merging register 'arrayOut_reg[2,12][31:0]' into 'arrayOut_reg[0,0][31:0]' [C:/Users/Jomme/Downloads/Project_Besje_voorJomme/Project_Besje/GameBesje/GameBesje.srcs/sources_1/new/sprites.vhd:85]
INFO: [Synth 8-4471] merging register 'arrayOut_reg[2,13][31:0]' into 'arrayOut_reg[0,0][31:0]' [C:/Users/Jomme/Downloads/Project_Besje_voorJomme/Project_Besje/GameBesje/GameBesje.srcs/sources_1/new/sprites.vhd:85]
INFO: [Synth 8-4471] merging register 'arrayOut_reg[2,14][31:0]' into 'arrayOut_reg[0,0][31:0]' [C:/Users/Jomme/Downloads/Project_Besje_voorJomme/Project_Besje/GameBesje/GameBesje.srcs/sources_1/new/sprites.vhd:85]
INFO: [Synth 8-4471] merging register 'arrayOut_reg[2,15][31:0]' into 'arrayOut_reg[0,0][31:0]' [C:/Users/Jomme/Downloads/Project_Besje_voorJomme/Project_Besje/GameBesje/GameBesje.srcs/sources_1/new/sprites.vhd:85]
INFO: [Synth 8-4471] merging register 'arrayOut_reg[2,16][31:0]' into 'arrayOut_reg[0,0][31:0]' [C:/Users/Jomme/Downloads/Project_Besje_voorJomme/Project_Besje/GameBesje/GameBesje.srcs/sources_1/new/sprites.vhd:85]
INFO: [Synth 8-4471] merging register 'arrayOut_reg[2,17][31:0]' into 'arrayOut_reg[0,0][31:0]' [C:/Users/Jomme/Downloads/Project_Besje_voorJomme/Project_Besje/GameBesje/GameBesje.srcs/sources_1/new/sprites.vhd:85]
INFO: [Synth 8-4471] merging register 'arrayOut_reg[2,18][31:0]' into 'arrayOut_reg[0,0][31:0]' [C:/Users/Jomme/Downloads/Project_Besje_voorJomme/Project_Besje/GameBesje/GameBesje.srcs/sources_1/new/sprites.vhd:85]
INFO: [Synth 8-4471] merging register 'arrayOut_reg[2,19][31:0]' into 'arrayOut_reg[0,0][31:0]' [C:/Users/Jomme/Downloads/Project_Besje_voorJomme/Project_Besje/GameBesje/GameBesje.srcs/sources_1/new/sprites.vhd:85]
INFO: [Synth 8-4471] merging register 'arrayOut_reg[2,20][31:0]' into 'arrayOut_reg[0,0][31:0]' [C:/Users/Jomme/Downloads/Project_Besje_voorJomme/Project_Besje/GameBesje/GameBesje.srcs/sources_1/new/sprites.vhd:85]
INFO: [Synth 8-4471] merging register 'arrayOut_reg[2,21][31:0]' into 'arrayOut_reg[0,0][31:0]' [C:/Users/Jomme/Downloads/Project_Besje_voorJomme/Project_Besje/GameBesje/GameBesje.srcs/sources_1/new/sprites.vhd:85]
INFO: [Synth 8-4471] merging register 'arrayOut_reg[2,23][31:0]' into 'arrayOut_reg[0,0][31:0]' [C:/Users/Jomme/Downloads/Project_Besje_voorJomme/Project_Besje/GameBesje/GameBesje.srcs/sources_1/new/sprites.vhd:85]
INFO: [Synth 8-4471] merging register 'arrayOut_reg[3,0][31:0]' into 'arrayOut_reg[0,0][31:0]' [C:/Users/Jomme/Downloads/Project_Besje_voorJomme/Project_Besje/GameBesje/GameBesje.srcs/sources_1/new/sprites.vhd:85]
INFO: [Synth 8-4471] merging register 'arrayOut_reg[3,1][31:0]' into 'arrayOut_reg[0,0][31:0]' [C:/Users/Jomme/Downloads/Project_Besje_voorJomme/Project_Besje/GameBesje/GameBesje.srcs/sources_1/new/sprites.vhd:85]
INFO: [Synth 8-4471] merging register 'arrayOut_reg[3,2][31:0]' into 'arrayOut_reg[0,2][31:0]' [C:/Users/Jomme/Downloads/Project_Besje_voorJomme/Project_Besje/GameBesje/GameBesje.srcs/sources_1/new/sprites.vhd:85]
INFO: [Synth 8-4471] merging register 'arrayOut_reg[3,3][31:0]' into 'arrayOut_reg[0,0][31:0]' [C:/Users/Jomme/Downloads/Project_Besje_voorJomme/Project_Besje/GameBesje/GameBesje.srcs/sources_1/new/sprites.vhd:85]
INFO: [Synth 8-4471] merging register 'arrayOut_reg[3,4][31:0]' into 'arrayOut_reg[0,0][31:0]' [C:/Users/Jomme/Downloads/Project_Besje_voorJomme/Project_Besje/GameBesje/GameBesje.srcs/sources_1/new/sprites.vhd:85]
INFO: [Synth 8-4471] merging register 'arrayOut_reg[3,5][31:0]' into 'arrayOut_reg[0,0][31:0]' [C:/Users/Jomme/Downloads/Project_Besje_voorJomme/Project_Besje/GameBesje/GameBesje.srcs/sources_1/new/sprites.vhd:85]
INFO: [Synth 8-4471] merging register 'arrayOut_reg[3,6][31:0]' into 'arrayOut_reg[0,0][31:0]' [C:/Users/Jomme/Downloads/Project_Besje_voorJomme/Project_Besje/GameBesje/GameBesje.srcs/sources_1/new/sprites.vhd:85]
INFO: [Synth 8-4471] merging register 'arrayOut_reg[3,7][31:0]' into 'arrayOut_reg[0,0][31:0]' [C:/Users/Jomme/Downloads/Project_Besje_voorJomme/Project_Besje/GameBesje/GameBesje.srcs/sources_1/new/sprites.vhd:85]
INFO: [Synth 8-4471] merging register 'arrayOut_reg[3,8][31:0]' into 'arrayOut_reg[0,0][31:0]' [C:/Users/Jomme/Downloads/Project_Besje_voorJomme/Project_Besje/GameBesje/GameBesje.srcs/sources_1/new/sprites.vhd:85]
INFO: [Synth 8-4471] merging register 'arrayOut_reg[3,9][31:0]' into 'arrayOut_reg[0,0][31:0]' [C:/Users/Jomme/Downloads/Project_Besje_voorJomme/Project_Besje/GameBesje/GameBesje.srcs/sources_1/new/sprites.vhd:85]
INFO: [Synth 8-4471] merging register 'arrayOut_reg[3,10][31:0]' into 'arrayOut_reg[0,0][31:0]' [C:/Users/Jomme/Downloads/Project_Besje_voorJomme/Project_Besje/GameBesje/GameBesje.srcs/sources_1/new/sprites.vhd:85]
INFO: [Synth 8-4471] merging register 'arrayOut_reg[3,11][31:0]' into 'arrayOut_reg[0,0][31:0]' [C:/Users/Jomme/Downloads/Project_Besje_voorJomme/Project_Besje/GameBesje/GameBesje.srcs/sources_1/new/sprites.vhd:85]
INFO: [Synth 8-4471] merging register 'arrayOut_reg[3,12][31:0]' into 'arrayOut_reg[0,0][31:0]' [C:/Users/Jomme/Downloads/Project_Besje_voorJomme/Project_Besje/GameBesje/GameBesje.srcs/sources_1/new/sprites.vhd:85]
INFO: [Synth 8-4471] merging register 'arrayOut_reg[3,13][31:0]' into 'arrayOut_reg[0,0][31:0]' [C:/Users/Jomme/Downloads/Project_Besje_voorJomme/Project_Besje/GameBesje/GameBesje.srcs/sources_1/new/sprites.vhd:85]
INFO: [Synth 8-4471] merging register 'arrayOut_reg[3,14][31:0]' into 'arrayOut_reg[0,0][31:0]' [C:/Users/Jomme/Downloads/Project_Besje_voorJomme/Project_Besje/GameBesje/GameBesje.srcs/sources_1/new/sprites.vhd:85]
INFO: [Synth 8-4471] merging register 'arrayOut_reg[3,15][31:0]' into 'arrayOut_reg[0,0][31:0]' [C:/Users/Jomme/Downloads/Project_Besje_voorJomme/Project_Besje/GameBesje/GameBesje.srcs/sources_1/new/sprites.vhd:85]
INFO: [Synth 8-4471] merging register 'arrayOut_reg[3,17][31:0]' into 'arrayOut_reg[3,16][31:0]' [C:/Users/Jomme/Downloads/Project_Besje_voorJomme/Project_Besje/GameBesje/GameBesje.srcs/sources_1/new/sprites.vhd:85]
INFO: [Synth 8-4471] merging register 'arrayOut_reg[3,18][31:0]' into 'arrayOut_reg[3,16][31:0]' [C:/Users/Jomme/Downloads/Project_Besje_voorJomme/Project_Besje/GameBesje/GameBesje.srcs/sources_1/new/sprites.vhd:85]
INFO: [Synth 8-4471] merging register 'arrayOut_reg[3,19][31:0]' into 'arrayOut_reg[3,16][31:0]' [C:/Users/Jomme/Downloads/Project_Besje_voorJomme/Project_Besje/GameBesje/GameBesje.srcs/sources_1/new/sprites.vhd:85]
INFO: [Synth 8-4471] merging register 'arrayOut_reg[3,21][31:0]' into 'arrayOut_reg[0,0][31:0]' [C:/Users/Jomme/Downloads/Project_Besje_voorJomme/Project_Besje/GameBesje/GameBesje.srcs/sources_1/new/sprites.vhd:85]
INFO: [Synth 8-4471] merging register 'arrayOut_reg[3,22][31:0]' into 'arrayOut_reg[0,0][31:0]' [C:/Users/Jomme/Downloads/Project_Besje_voorJomme/Project_Besje/GameBesje/GameBesje.srcs/sources_1/new/sprites.vhd:85]
INFO: [Synth 8-4471] merging register 'arrayOut_reg[3,23][31:0]' into 'arrayOut_reg[0,0][31:0]' [C:/Users/Jomme/Downloads/Project_Besje_voorJomme/Project_Besje/GameBesje/GameBesje.srcs/sources_1/new/sprites.vhd:85]
INFO: [Synth 8-4471] merging register 'arrayOut_reg[4,0][31:0]' into 'arrayOut_reg[0,0][31:0]' [C:/Users/Jomme/Downloads/Project_Besje_voorJomme/Project_Besje/GameBesje/GameBesje.srcs/sources_1/new/sprites.vhd:85]
INFO: [Synth 8-4471] merging register 'arrayOut_reg[4,1][31:0]' into 'arrayOut_reg[0,0][31:0]' [C:/Users/Jomme/Downloads/Project_Besje_voorJomme/Project_Besje/GameBesje/GameBesje.srcs/sources_1/new/sprites.vhd:85]
INFO: [Synth 8-4471] merging register 'arrayOut_reg[4,2][31:0]' into 'arrayOut_reg[0,2][31:0]' [C:/Users/Jomme/Downloads/Project_Besje_voorJomme/Project_Besje/GameBesje/GameBesje.srcs/sources_1/new/sprites.vhd:85]
INFO: [Synth 8-4471] merging register 'arrayOut_reg[4,3][31:0]' into 'arrayOut_reg[0,0][31:0]' [C:/Users/Jomme/Downloads/Project_Besje_voorJomme/Project_Besje/GameBesje/GameBesje.srcs/sources_1/new/sprites.vhd:85]
INFO: [Synth 8-4471] merging register 'arrayOut_reg[4,4][31:0]' into 'arrayOut_reg[0,0][31:0]' [C:/Users/Jomme/Downloads/Project_Besje_voorJomme/Project_Besje/GameBesje/GameBesje.srcs/sources_1/new/sprites.vhd:85]
INFO: [Synth 8-4471] merging register 'arrayOut_reg[4,5][31:0]' into 'arrayOut_reg[0,0][31:0]' [C:/Users/Jomme/Downloads/Project_Besje_voorJomme/Project_Besje/GameBesje/GameBesje.srcs/sources_1/new/sprites.vhd:85]
INFO: [Synth 8-4471] merging register 'arrayOut_reg[4,6][31:0]' into 'arrayOut_reg[0,0][31:0]' [C:/Users/Jomme/Downloads/Project_Besje_voorJomme/Project_Besje/GameBesje/GameBesje.srcs/sources_1/new/sprites.vhd:85]
INFO: [Synth 8-4471] merging register 'arrayOut_reg[4,7][31:0]' into 'arrayOut_reg[0,0][31:0]' [C:/Users/Jomme/Downloads/Project_Besje_voorJomme/Project_Besje/GameBesje/GameBesje.srcs/sources_1/new/sprites.vhd:85]
INFO: [Synth 8-4471] merging register 'arrayOut_reg[4,8][31:0]' into 'arrayOut_reg[0,0][31:0]' [C:/Users/Jomme/Downloads/Project_Besje_voorJomme/Project_Besje/GameBesje/GameBesje.srcs/sources_1/new/sprites.vhd:85]
INFO: [Common 17-14] Message 'Synth 8-4471' appears 100 times and further instances of the messages will be disabled. Use the Tcl command set_msg_config to change the current settings.
---------------------------------------------------------------------------------
Finished RTL Optimization Phase 2 : Time (s): cpu = 00:00:23 ; elapsed = 00:00:23 . Memory (MB): peak = 1033.879 ; gain = 479.539
---------------------------------------------------------------------------------

Report RTL Partitions: 
+-+--------------+------------+----------+
| |RTL Partition |Replication |Instances |
+-+--------------+------------+----------+
+-+--------------+------------+----------+
---------------------------------------------------------------------------------
Start RTL Component Statistics 
---------------------------------------------------------------------------------
Detailed RTL Component Info : 
+---Adders : 
	   2 Input     11 Bit       Adders := 3     
	   2 Input     10 Bit       Adders := 5     
	   2 Input      6 Bit       Adders := 2     
	   2 Input      5 Bit       Adders := 2     
+---Registers : 
	               32 Bit    Registers := 15    
	               10 Bit    Registers := 2     
	                1 Bit    Registers := 6     
+---Muxes : 
	   2 Input     32 Bit        Muxes := 1     
	   2 Input     10 Bit        Muxes := 5     
	   2 Input      6 Bit        Muxes := 4     
	   2 Input      5 Bit        Muxes := 2     
	 400 Input      3 Bit        Muxes := 3     
	   2 Input      3 Bit        Muxes := 1     
	   2 Input      1 Bit        Muxes := 2     
	 400 Input      1 Bit        Muxes := 2     
---------------------------------------------------------------------------------
Finished RTL Component Statistics 
---------------------------------------------------------------------------------
---------------------------------------------------------------------------------
Start RTL Hierarchical Component Statistics 
---------------------------------------------------------------------------------
Hierarchical RTL Component report 
Module sprites 
Detailed RTL Component Info : 
+---Registers : 
	               32 Bit    Registers := 10    
Module VGA 
Detailed RTL Component Info : 
+---Adders : 
	   2 Input     11 Bit       Adders := 3     
	   2 Input     10 Bit       Adders := 5     
	   2 Input      6 Bit       Adders := 2     
	   2 Input      5 Bit       Adders := 2     
+---Registers : 
	               32 Bit    Registers := 5     
	               10 Bit    Registers := 2     
	                1 Bit    Registers := 6     
+---Muxes : 
	   2 Input     32 Bit        Muxes := 1     
	   2 Input     10 Bit        Muxes := 5     
	   2 Input      6 Bit        Muxes := 4     
	   2 Input      5 Bit        Muxes := 2     
	 400 Input      3 Bit        Muxes := 3     
	   2 Input      3 Bit        Muxes := 1     
	   2 Input      1 Bit        Muxes := 2     
	 400 Input      1 Bit        Muxes := 2     
---------------------------------------------------------------------------------
Finished RTL Hierarchical Component Statistics
---------------------------------------------------------------------------------
---------------------------------------------------------------------------------
Start Part Resource Summary
---------------------------------------------------------------------------------
Part Resources:
DSPs: 90 (col length:60)
BRAMs: 100 (col length: RAMB18 60 RAMB36 30)
---------------------------------------------------------------------------------
Finished Part Resource Summary
---------------------------------------------------------------------------------
---------------------------------------------------------------------------------
Start Cross Boundary and Area Optimization
---------------------------------------------------------------------------------
Warning: Parallel synthesis criteria is not met 
WARNING: [Synth 8-3331] design top has unconnected port button1
WARNING: [Synth 8-3331] design top has unconnected port button2
INFO: [Synth 8-3886] merging instance 'SP0/arrayOut_reg[31,23][31]' (FDRE) to 'SP0/arrayOut_reg[30,23][0]'
INFO: [Synth 8-3886] merging instance 'SP0/arrayOut_reg[30,23][31]' (FDRE) to 'SP0/arrayOut_reg[30,23][0]'
INFO: [Synth 8-3886] merging instance 'SP0/arrayOut_reg[2,22][31]' (FDRE) to 'SP0/arrayOut_reg[30,23][0]'
INFO: [Synth 8-3886] merging instance 'SP0/arrayOut_reg[28,20][31]' (FDRE) to 'SP0/arrayOut_reg[30,23][0]'
INFO: [Synth 8-3886] merging instance 'SP0/arrayOut_reg[3,20][31]' (FDRE) to 'SP0/arrayOut_reg[30,23][0]'
INFO: [Synth 8-3886] merging instance 'SP0/arrayOut_reg[28,16][31]' (FDRE) to 'SP0/arrayOut_reg[30,23][0]'
INFO: [Synth 8-3886] merging instance 'SP0/arrayOut_reg[3,16][31]' (FDRE) to 'SP0/arrayOut_reg[30,23][0]'
INFO: [Synth 8-3886] merging instance 'SP0/arrayOut_reg[17,8][31]' (FDRE) to 'SP0/arrayOut_reg[30,23][0]'
INFO: [Synth 8-3886] merging instance 'SP0/arrayOut_reg[16,5][31]' (FDRE) to 'SP0/arrayOut_reg[30,23][0]'
INFO: [Synth 8-3886] merging instance 'SP0/arrayOut_reg[0,2][31]' (FDRE) to 'SP0/arrayOut_reg[30,23][0]'
INFO: [Synth 8-3886] merging instance 'SP0/arrayOut_reg[0,0][31]' (FDE) to 'SP0/arrayOut_reg[0,0][0]'
INFO: [Synth 8-3886] merging instance 'SP0/arrayOut_reg[31,23][30]' (FDRE) to 'SP0/arrayOut_reg[30,23][0]'
INFO: [Synth 8-3886] merging instance 'SP0/arrayOut_reg[30,23][30]' (FDRE) to 'SP0/arrayOut_reg[30,23][0]'
INFO: [Synth 8-3886] merging instance 'SP0/arrayOut_reg[2,22][30]' (FDRE) to 'SP0/arrayOut_reg[30,23][0]'
INFO: [Synth 8-3886] merging instance 'SP0/arrayOut_reg[28,20][30]' (FDRE) to 'SP0/arrayOut_reg[30,23][0]'
INFO: [Synth 8-3886] merging instance 'SP0/arrayOut_reg[3,20][30]' (FDRE) to 'SP0/arrayOut_reg[30,23][0]'
INFO: [Synth 8-3886] merging instance 'SP0/arrayOut_reg[28,16][30]' (FDRE) to 'SP0/arrayOut_reg[30,23][0]'
INFO: [Synth 8-3886] merging instance 'SP0/arrayOut_reg[3,16][30]' (FDRE) to 'SP0/arrayOut_reg[30,23][0]'
INFO: [Synth 8-3886] merging instance 'SP0/arrayOut_reg[17,8][30]' (FDRE) to 'SP0/arrayOut_reg[30,23][0]'
INFO: [Synth 8-3886] merging instance 'SP0/arrayOut_reg[16,5][30]' (FDRE) to 'SP0/arrayOut_reg[30,23][0]'
INFO: [Synth 8-3886] merging instance 'SP0/arrayOut_reg[0,2][30]' (FDRE) to 'SP0/arrayOut_reg[30,23][0]'
INFO: [Synth 8-3886] merging instance 'SP0/arrayOut_reg[0,0][30]' (FDE) to 'SP0/arrayOut_reg[0,0][0]'
INFO: [Synth 8-3886] merging instance 'SP0/arrayOut_reg[31,23][29]' (FDRE) to 'SP0/arrayOut_reg[30,23][0]'
INFO: [Synth 8-3886] merging instance 'SP0/arrayOut_reg[30,23][29]' (FDRE) to 'SP0/arrayOut_reg[30,23][0]'
INFO: [Synth 8-3886] merging instance 'SP0/arrayOut_reg[2,22][29]' (FDRE) to 'SP0/arrayOut_reg[30,23][0]'
INFO: [Synth 8-3886] merging instance 'SP0/arrayOut_reg[28,20][29]' (FDRE) to 'SP0/arrayOut_reg[30,23][0]'
INFO: [Synth 8-3886] merging instance 'SP0/arrayOut_reg[3,20][29]' (FDRE) to 'SP0/arrayOut_reg[30,23][0]'
INFO: [Synth 8-3886] merging instance 'SP0/arrayOut_reg[28,16][29]' (FDRE) to 'SP0/arrayOut_reg[30,23][0]'
INFO: [Synth 8-3886] merging instance 'SP0/arrayOut_reg[3,16][29]' (FDRE) to 'SP0/arrayOut_reg[30,23][0]'
INFO: [Synth 8-3886] merging instance 'SP0/arrayOut_reg[17,8][29]' (FDRE) to 'SP0/arrayOut_reg[30,23][0]'
INFO: [Synth 8-3886] merging instance 'SP0/arrayOut_reg[16,5][29]' (FDRE) to 'SP0/arrayOut_reg[30,23][0]'
INFO: [Synth 8-3886] merging instance 'SP0/arrayOut_reg[0,2][29]' (FDRE) to 'SP0/arrayOut_reg[30,23][0]'
INFO: [Synth 8-3886] merging instance 'SP0/arrayOut_reg[0,0][29]' (FDE) to 'SP0/arrayOut_reg[0,0][0]'
INFO: [Synth 8-3886] merging instance 'SP0/arrayOut_reg[31,23][28]' (FDRE) to 'SP0/arrayOut_reg[30,23][0]'
INFO: [Synth 8-3886] merging instance 'SP0/arrayOut_reg[30,23][28]' (FDRE) to 'SP0/arrayOut_reg[30,23][0]'
INFO: [Synth 8-3886] merging instance 'SP0/arrayOut_reg[2,22][28]' (FDRE) to 'SP0/arrayOut_reg[30,23][0]'
INFO: [Synth 8-3886] merging instance 'SP0/arrayOut_reg[28,20][28]' (FDRE) to 'SP0/arrayOut_reg[30,23][0]'
INFO: [Synth 8-3886] merging instance 'SP0/arrayOut_reg[3,20][28]' (FDRE) to 'SP0/arrayOut_reg[30,23][0]'
INFO: [Synth 8-3886] merging instance 'SP0/arrayOut_reg[28,16][28]' (FDRE) to 'SP0/arrayOut_reg[30,23][0]'
INFO: [Synth 8-3886] merging instance 'SP0/arrayOut_reg[3,16][28]' (FDRE) to 'SP0/arrayOut_reg[30,23][0]'
INFO: [Synth 8-3886] merging instance 'SP0/arrayOut_reg[17,8][28]' (FDRE) to 'SP0/arrayOut_reg[30,23][0]'
INFO: [Synth 8-3886] merging instance 'SP0/arrayOut_reg[16,5][28]' (FDRE) to 'SP0/arrayOut_reg[30,23][0]'
INFO: [Synth 8-3886] merging instance 'SP0/arrayOut_reg[0,2][28]' (FDRE) to 'SP0/arrayOut_reg[30,23][0]'
INFO: [Synth 8-3886] merging instance 'SP0/arrayOut_reg[0,0][28]' (FDE) to 'SP0/arrayOut_reg[0,0][0]'
INFO: [Synth 8-3886] merging instance 'SP0/arrayOut_reg[31,23][27]' (FDRE) to 'SP0/arrayOut_reg[30,23][0]'
INFO: [Synth 8-3886] merging instance 'SP0/arrayOut_reg[30,23][27]' (FDRE) to 'SP0/arrayOut_reg[30,23][0]'
INFO: [Synth 8-3886] merging instance 'SP0/arrayOut_reg[2,22][27]' (FDRE) to 'SP0/arrayOut_reg[30,23][0]'
INFO: [Synth 8-3886] merging instance 'SP0/arrayOut_reg[28,20][27]' (FDRE) to 'SP0/arrayOut_reg[30,23][0]'
INFO: [Synth 8-3886] merging instance 'SP0/arrayOut_reg[3,20][27]' (FDRE) to 'SP0/arrayOut_reg[30,23][0]'
INFO: [Synth 8-3886] merging instance 'SP0/arrayOut_reg[28,16][27]' (FDRE) to 'SP0/arrayOut_reg[30,23][0]'
INFO: [Synth 8-3886] merging instance 'SP0/arrayOut_reg[3,16][27]' (FDRE) to 'SP0/arrayOut_reg[30,23][0]'
INFO: [Synth 8-3886] merging instance 'SP0/arrayOut_reg[17,8][27]' (FDRE) to 'SP0/arrayOut_reg[30,23][0]'
INFO: [Synth 8-3886] merging instance 'SP0/arrayOut_reg[16,5][27]' (FDRE) to 'SP0/arrayOut_reg[30,23][0]'
INFO: [Synth 8-3886] merging instance 'SP0/arrayOut_reg[0,2][27]' (FDRE) to 'SP0/arrayOut_reg[30,23][0]'
INFO: [Synth 8-3886] merging instance 'SP0/arrayOut_reg[0,0][27]' (FDE) to 'SP0/arrayOut_reg[0,0][0]'
INFO: [Synth 8-3886] merging instance 'SP0/arrayOut_reg[31,23][26]' (FDRE) to 'SP0/arrayOut_reg[30,23][0]'
INFO: [Synth 8-3886] merging instance 'SP0/arrayOut_reg[30,23][26]' (FDRE) to 'SP0/arrayOut_reg[30,23][0]'
INFO: [Synth 8-3886] merging instance 'SP0/arrayOut_reg[2,22][26]' (FDRE) to 'SP0/arrayOut_reg[30,23][0]'
INFO: [Synth 8-3886] merging instance 'SP0/arrayOut_reg[28,20][26]' (FDRE) to 'SP0/arrayOut_reg[30,23][0]'
INFO: [Synth 8-3886] merging instance 'SP0/arrayOut_reg[3,20][26]' (FDRE) to 'SP0/arrayOut_reg[30,23][0]'
INFO: [Synth 8-3886] merging instance 'SP0/arrayOut_reg[28,16][26]' (FDRE) to 'SP0/arrayOut_reg[30,23][0]'
INFO: [Synth 8-3886] merging instance 'SP0/arrayOut_reg[3,16][26]' (FDRE) to 'SP0/arrayOut_reg[30,23][0]'
INFO: [Synth 8-3886] merging instance 'SP0/arrayOut_reg[17,8][26]' (FDRE) to 'SP0/arrayOut_reg[30,23][0]'
INFO: [Synth 8-3886] merging instance 'SP0/arrayOut_reg[16,5][26]' (FDRE) to 'SP0/arrayOut_reg[30,23][0]'
INFO: [Synth 8-3886] merging instance 'SP0/arrayOut_reg[0,2][26]' (FDRE) to 'SP0/arrayOut_reg[30,23][0]'
INFO: [Synth 8-3886] merging instance 'SP0/arrayOut_reg[0,0][26]' (FDE) to 'SP0/arrayOut_reg[0,0][0]'
INFO: [Synth 8-3886] merging instance 'SP0/arrayOut_reg[31,23][25]' (FDRE) to 'SP0/arrayOut_reg[30,23][0]'
INFO: [Synth 8-3886] merging instance 'SP0/arrayOut_reg[30,23][25]' (FDRE) to 'SP0/arrayOut_reg[30,23][0]'
INFO: [Synth 8-3886] merging instance 'SP0/arrayOut_reg[2,22][25]' (FDRE) to 'SP0/arrayOut_reg[30,23][0]'
INFO: [Synth 8-3886] merging instance 'SP0/arrayOut_reg[28,20][25]' (FDRE) to 'SP0/arrayOut_reg[30,23][0]'
INFO: [Synth 8-3886] merging instance 'SP0/arrayOut_reg[3,20][25]' (FDRE) to 'SP0/arrayOut_reg[30,23][0]'
INFO: [Synth 8-3886] merging instance 'SP0/arrayOut_reg[28,16][25]' (FDRE) to 'SP0/arrayOut_reg[30,23][0]'
INFO: [Synth 8-3886] merging instance 'SP0/arrayOut_reg[3,16][25]' (FDRE) to 'SP0/arrayOut_reg[30,23][0]'
INFO: [Synth 8-3886] merging instance 'SP0/arrayOut_reg[17,8][25]' (FDRE) to 'SP0/arrayOut_reg[30,23][0]'
INFO: [Synth 8-3886] merging instance 'SP0/arrayOut_reg[16,5][25]' (FDRE) to 'SP0/arrayOut_reg[30,23][0]'
INFO: [Synth 8-3886] merging instance 'SP0/arrayOut_reg[0,2][25]' (FDRE) to 'SP0/arrayOut_reg[30,23][0]'
INFO: [Synth 8-3886] merging instance 'SP0/arrayOut_reg[0,0][25]' (FDE) to 'SP0/arrayOut_reg[0,0][0]'
INFO: [Synth 8-3886] merging instance 'SP0/arrayOut_reg[31,23][24]' (FDRE) to 'SP0/arrayOut_reg[30,23][0]'
INFO: [Synth 8-3886] merging instance 'SP0/arrayOut_reg[30,23][24]' (FDRE) to 'SP0/arrayOut_reg[30,23][0]'
INFO: [Synth 8-3886] merging instance 'SP0/arrayOut_reg[2,22][24]' (FDRE) to 'SP0/arrayOut_reg[30,23][0]'
INFO: [Synth 8-3886] merging instance 'SP0/arrayOut_reg[28,20][24]' (FDRE) to 'SP0/arrayOut_reg[30,23][0]'
INFO: [Synth 8-3886] merging instance 'SP0/arrayOut_reg[3,20][24]' (FDRE) to 'SP0/arrayOut_reg[30,23][0]'
INFO: [Synth 8-3886] merging instance 'SP0/arrayOut_reg[28,16][24]' (FDRE) to 'SP0/arrayOut_reg[30,23][0]'
INFO: [Synth 8-3886] merging instance 'SP0/arrayOut_reg[3,16][24]' (FDRE) to 'SP0/arrayOut_reg[30,23][0]'
INFO: [Synth 8-3886] merging instance 'SP0/arrayOut_reg[17,8][24]' (FDRE) to 'SP0/arrayOut_reg[30,23][0]'
INFO: [Synth 8-3886] merging instance 'SP0/arrayOut_reg[16,5][24]' (FDRE) to 'SP0/arrayOut_reg[30,23][0]'
INFO: [Synth 8-3886] merging instance 'SP0/arrayOut_reg[0,2][24]' (FDRE) to 'SP0/arrayOut_reg[30,23][0]'
INFO: [Synth 8-3886] merging instance 'SP0/arrayOut_reg[0,0][24]' (FDE) to 'SP0/arrayOut_reg[0,0][0]'
INFO: [Synth 8-3886] merging instance 'SP0/arrayOut_reg[31,23][23]' (FDRE) to 'SP0/arrayOut_reg[30,23][0]'
INFO: [Synth 8-3886] merging instance 'SP0/arrayOut_reg[30,23][23]' (FDRE) to 'SP0/arrayOut_reg[30,23][0]'
INFO: [Synth 8-3886] merging instance 'SP0/arrayOut_reg[2,22][23]' (FDRE) to 'SP0/arrayOut_reg[30,23][0]'
INFO: [Synth 8-3886] merging instance 'SP0/arrayOut_reg[28,20][23]' (FDRE) to 'SP0/arrayOut_reg[30,23][0]'
INFO: [Synth 8-3886] merging instance 'SP0/arrayOut_reg[3,20][23]' (FDRE) to 'SP0/arrayOut_reg[30,23][0]'
INFO: [Synth 8-3886] merging instance 'SP0/arrayOut_reg[28,16][23]' (FDRE) to 'SP0/arrayOut_reg[30,23][0]'
INFO: [Synth 8-3886] merging instance 'SP0/arrayOut_reg[3,16][23]' (FDRE) to 'SP0/arrayOut_reg[30,23][0]'
INFO: [Synth 8-3886] merging instance 'SP0/arrayOut_reg[17,8][23]' (FDRE) to 'SP0/arrayOut_reg[30,23][0]'
INFO: [Synth 8-3886] merging instance 'SP0/arrayOut_reg[16,5][23]' (FDRE) to 'SP0/arrayOut_reg[30,23][0]'
INFO: [Synth 8-3886] merging instance 'SP0/arrayOut_reg[0,2][23]' (FDRE) to 'SP0/arrayOut_reg[30,23][0]'
INFO: [Synth 8-3886] merging instance 'SP0/arrayOut_reg[0,0][23]' (FDE) to 'SP0/arrayOut_reg[0,0][0]'
INFO: [Synth 8-3886] merging instance 'SP0/arrayOut_reg[31,23][22]' (FDRE) to 'SP0/arrayOut_reg[30,23][0]'
INFO: [Common 17-14] Message 'Synth 8-3886' appears 100 times and further instances of the messages will be disabled. Use the Tcl command set_msg_config to change the current settings.
INFO: [Synth 8-3333] propagating constant 1 across sequential element (\SP0/arrayOut_reg[3,16][3] )
INFO: [Synth 8-3333] propagating constant 0 across sequential element (\SP0/arrayOut_reg[0,2][3] )
INFO: [Synth 8-3333] propagating constant 0 across sequential element (\SP0/arrayOut_reg[0,0][3] )
---------------------------------------------------------------------------------
Finished Cross Boundary and Area Optimization : Time (s): cpu = 00:00:34 ; elapsed = 00:00:34 . Memory (MB): peak = 1033.879 ; gain = 479.539
---------------------------------------------------------------------------------
---------------------------------------------------------------------------------
Start ROM, RAM, DSP and Shift Register Reporting
---------------------------------------------------------------------------------

ROM:
+------------+-------------------+---------------+----------------+
|Module Name | RTL Object        | Depth x Width | Implemented As | 
+------------+-------------------+---------------+----------------+
|VGA         | SpaceshipBlue[0]  | 512x2         | LUT            | 
|VGA         | SpaceshipRed[0]   | 512x2         | LUT            | 
|VGA         | MushroomRed[0]    | 512x2         | LUT            | 
|VGA         | MushroomYellow[0] | 512x2         | LUT            | 
|VGA         | HartEmpty[0]      | 512x1         | LUT            | 
|VGA         | SpaceshipBlue[0]  | 512x2         | LUT            | 
|VGA         | SpaceshipRed[0]   | 512x2         | LUT            | 
|VGA         | MushroomRed[0]    | 512x2         | LUT            | 
|VGA         | MushroomYellow[0] | 512x2         | LUT            | 
|VGA         | HartEmpty[0]      | 512x1         | LUT            | 
+------------+-------------------+---------------+----------------+

---------------------------------------------------------------------------------
Finished ROM, RAM, DSP and Shift Register Reporting
---------------------------------------------------------------------------------

Report RTL Partitions: 
+-+--------------+------------+----------+
| |RTL Partition |Replication |Instances |
+-+--------------+------------+----------+
+-+--------------+------------+----------+
---------------------------------------------------------------------------------
Start Applying XDC Timing Constraints
---------------------------------------------------------------------------------
INFO: [Synth 8-5578] Moved timing constraint from pin 'Pre0/clk_25' to pin 'Pre0/bbstub_clk_25/O'
INFO: [Synth 8-5819] Moved 1 constraints on hierarchical pins to their respective driving/loading pins
---------------------------------------------------------------------------------
Finished Applying XDC Timing Constraints : Time (s): cpu = 00:00:41 ; elapsed = 00:00:42 . Memory (MB): peak = 1033.879 ; gain = 479.539
---------------------------------------------------------------------------------
---------------------------------------------------------------------------------
Start Timing Optimization
---------------------------------------------------------------------------------
---------------------------------------------------------------------------------
Finished Timing Optimization : Time (s): cpu = 00:00:44 ; elapsed = 00:00:45 . Memory (MB): peak = 1033.879 ; gain = 479.539
---------------------------------------------------------------------------------

Report RTL Partitions: 
+-+--------------+------------+----------+
| |RTL Partition |Replication |Instances |
+-+--------------+------------+----------+
+-+--------------+------------+----------+
---------------------------------------------------------------------------------
Start Technology Mapping
---------------------------------------------------------------------------------
---------------------------------------------------------------------------------
Finished Technology Mapping : Time (s): cpu = 00:00:44 ; elapsed = 00:00:45 . Memory (MB): peak = 1033.879 ; gain = 479.539
---------------------------------------------------------------------------------

Report RTL Partitions: 
+-+--------------+------------+----------+
| |RTL Partition |Replication |Instances |
+-+--------------+------------+----------+
+-+--------------+------------+----------+
---------------------------------------------------------------------------------
Start IO Insertion
---------------------------------------------------------------------------------
---------------------------------------------------------------------------------
Start Flattening Before IO Insertion
---------------------------------------------------------------------------------
---------------------------------------------------------------------------------
Finished Flattening Before IO Insertion
---------------------------------------------------------------------------------
---------------------------------------------------------------------------------
Start Final Netlist Cleanup
---------------------------------------------------------------------------------
---------------------------------------------------------------------------------
Finished Final Netlist Cleanup
---------------------------------------------------------------------------------
---------------------------------------------------------------------------------
Finished IO Insertion : Time (s): cpu = 00:00:46 ; elapsed = 00:00:47 . Memory (MB): peak = 1033.879 ; gain = 479.539
---------------------------------------------------------------------------------

Report Check Netlist: 
+------+------------------+-------+---------+-------+------------------+
|      |Item              |Errors |Warnings |Status |Description       |
+------+------------------+-------+---------+-------+------------------+
|1     |multi_driven_nets |      0|        0|Passed |Multi driven nets |
+------+------------------+-------+---------+-------+------------------+
---------------------------------------------------------------------------------
Start Renaming Generated Instances
---------------------------------------------------------------------------------
---------------------------------------------------------------------------------
Finished Renaming Generated Instances : Time (s): cpu = 00:00:46 ; elapsed = 00:00:47 . Memory (MB): peak = 1033.879 ; gain = 479.539
---------------------------------------------------------------------------------

Report RTL Partitions: 
+-+--------------+------------+----------+
| |RTL Partition |Replication |Instances |
+-+--------------+------------+----------+
+-+--------------+------------+----------+
---------------------------------------------------------------------------------
Start Rebuilding User Hierarchy
---------------------------------------------------------------------------------
---------------------------------------------------------------------------------
Finished Rebuilding User Hierarchy : Time (s): cpu = 00:00:46 ; elapsed = 00:00:47 . Memory (MB): peak = 1033.879 ; gain = 479.539
---------------------------------------------------------------------------------
---------------------------------------------------------------------------------
Start Renaming Generated Ports
---------------------------------------------------------------------------------
---------------------------------------------------------------------------------
Finished Renaming Generated Ports : Time (s): cpu = 00:00:46 ; elapsed = 00:00:47 . Memory (MB): peak = 1033.879 ; gain = 479.539
---------------------------------------------------------------------------------
---------------------------------------------------------------------------------
Start Handling Custom Attributes
---------------------------------------------------------------------------------
---------------------------------------------------------------------------------
Finished Handling Custom Attributes : Time (s): cpu = 00:00:46 ; elapsed = 00:00:47 . Memory (MB): peak = 1033.879 ; gain = 479.539
---------------------------------------------------------------------------------
---------------------------------------------------------------------------------
Start Renaming Generated Nets
---------------------------------------------------------------------------------
---------------------------------------------------------------------------------
Finished Renaming Generated Nets : Time (s): cpu = 00:00:46 ; elapsed = 00:00:47 . Memory (MB): peak = 1033.879 ; gain = 479.539
---------------------------------------------------------------------------------
---------------------------------------------------------------------------------
Start Writing Synthesis Report
---------------------------------------------------------------------------------

Report BlackBoxes: 
+------+--------------+----------+
|      |BlackBox name |Instances |
+------+--------------+----------+
|1     |Prescaler25   |         1|
+------+--------------+----------+

Report Cell Usage: 
+------+-------------------+------+
|      |Cell               |Count |
+------+-------------------+------+
|1     |Prescaler25_bbox_0 |     1|
|2     |CARRY4             |    34|
|3     |LUT1               |     8|
|4     |LUT2               |    55|
|5     |LUT3               |    37|
|6     |LUT4               |    54|
|7     |LUT5               |    82|
|8     |LUT6               |   196|
|9     |MUXF7              |    22|
|10    |MUXF8              |     1|
|11    |FDCE               |    68|
|12    |FDRE               |     2|
|13    |IBUF               |     1|
|14    |OBUF               |     5|
+------+-------------------+------+

Report Instance Areas: 
+------+---------+-------+------+
|      |Instance |Module |Cells |
+------+---------+-------+------+
|1     |top      |       |   566|
|2     |  VGA0   |VGA    |   557|
+------+---------+-------+------+
---------------------------------------------------------------------------------
Finished Writing Synthesis Report : Time (s): cpu = 00:00:46 ; elapsed = 00:00:47 . Memory (MB): peak = 1033.879 ; gain = 479.539
---------------------------------------------------------------------------------
Synthesis finished with 0 errors, 0 critical warnings and 2 warnings.
Synthesis Optimization Runtime : Time (s): cpu = 00:00:30 ; elapsed = 00:00:40 . Memory (MB): peak = 1033.879 ; gain = 279.395
Synthesis Optimization Complete : Time (s): cpu = 00:00:46 ; elapsed = 00:00:47 . Memory (MB): peak = 1033.879 ; gain = 479.539
INFO: [Project 1-571] Translating synthesized netlist
INFO: [Netlist 29-17] Analyzing 57 Unisim elements for replacement
INFO: [Netlist 29-28] Unisim Transformation completed in 0 CPU seconds
INFO: [Project 1-570] Preparing netlist for logic optimization
INFO: [Opt 31-138] Pushed 0 inverter(s) to 0 load pin(s).
Netlist sorting complete. Time (s): cpu = 00:00:00 ; elapsed = 00:00:00.001 . Memory (MB): peak = 1033.879 ; gain = 0.000
INFO: [Project 1-111] Unisim Transformation Summary:
No Unisim elements were transformed.

INFO: [Common 17-83] Releasing license: Synthesis
229 Infos, 46 Warnings, 0 Critical Warnings and 0 Errors encountered.
synth_design completed successfully
synth_design: Time (s): cpu = 00:00:52 ; elapsed = 00:00:54 . Memory (MB): peak = 1033.879 ; gain = 721.641
Netlist sorting complete. Time (s): cpu = 00:00:00 ; elapsed = 00:00:00 . Memory (MB): peak = 1033.879 ; gain = 0.000
WARNING: [Constraints 18-5210] No constraints selected for write.
Resolution: This message can indicate that there are no constraints for the design, or it can indicate that the used_in flags are set such that the constraints are ignored. This later case is used when running synth_design to not write synthesis constraints to the resulting checkpoint. Instead, project constraints are read when the synthesized design is opened.
INFO: [Common 17-1381] The checkpoint 'C:/Users/Jomme/Downloads/Project_Besje_voorJomme/Project_Besje/GameBesje/GameBesje.runs/synth_1/top.dcp' has been generated.
INFO: [runtcl-4] Executing : report_utilization -file top_utilization_synth.rpt -pb top_utilization_synth.pb
INFO: [Common 17-206] Exiting Vivado at Wed Mar  9 14:32:32 2022...
