#-----------------------------------------------------------
# Vivado v2019.1 (64-bit)
# SW Build 2552052 on Fri May 24 14:49:42 MDT 2019
# IP Build 2548770 on Fri May 24 18:01:18 MDT 2019
# Start of session at: Thu Apr  7 16:57:35 2022
# Process ID: 3468
# Current directory: C:/Users/Elwin/Downloads/GameBesje.xpr/GameBesje
# Command line: vivado.exe -gui_launcher_event rodinguilauncherevent6684 C:\Users\Elwin\Downloads\GameBesje.xpr\GameBesje\GameBesje.xpr
# Log file: C:/Users/Elwin/Downloads/GameBesje.xpr/GameBesje/vivado.log
# Journal file: C:/Users/Elwin/Downloads/GameBesje.xpr/GameBesje\vivado.jou
#-----------------------------------------------------------
start_gui
open_project C:/Users/Elwin/Downloads/GameBesje.xpr/GameBesje/GameBesje.xpr
INFO: [Project 1-313] Project file moved from 'C:/Users/Elwin/AppData/Roaming/Xilinx/Vivado/.Xil/Vivado-8580-DESKTOP-2II8BHC/PrjAr/_X_' since last save.
Scanning sources...
Finished scanning sources
INFO: [IP_Flow 19-234] Refreshing IP repositories
INFO: [IP_Flow 19-1704] No user IP repositories specified
INFO: [IP_Flow 19-2313] Loaded Vivado IP repository 'C:/Xilinx/Vivado/2019.1/data/ip'.
open_project: Time (s): cpu = 00:00:14 ; elapsed = 00:00:06 . Memory (MB): peak = 786.512 ; gain = 130.703
update_compile_order -fileset sources_1
synth_design -rtl -name rtl_1
Command: synth_design -rtl -name rtl_1
Starting synth_design
Using part: xc7a35tcpg236-1
Top: top
INFO: [Device 21-403] Loading part xc7a35tcpg236-1
---------------------------------------------------------------------------------
Starting RTL Elaboration : Time (s): cpu = 00:00:04 ; elapsed = 00:00:04 . Memory (MB): peak = 1160.746 ; gain = 167.672
---------------------------------------------------------------------------------
ERROR: [Synth 8-2715] syntax error near ; [C:/Users/Elwin/Downloads/GameBesje.xpr/GameBesje/GameBesje.srcs/sources_1/new/top.vhd:108]
ERROR: [Synth 8-2029] formal reset has no actual or default value [C:/Users/Elwin/Downloads/GameBesje.xpr/GameBesje/GameBesje.srcs/sources_1/new/top.vhd:101]
INFO: [Synth 8-994] reset is declared here [C:/Users/Elwin/Downloads/GameBesje.xpr/GameBesje/GameBesje.srcs/sources_1/new/top.vhd:47]
INFO: [Synth 8-994] clk25 is declared here [C:/Users/Elwin/Downloads/GameBesje.xpr/GameBesje/GameBesje.srcs/sources_1/new/top.vhd:48]
INFO: [Synth 8-994] enable is declared here [C:/Users/Elwin/Downloads/GameBesje.xpr/GameBesje/GameBesje.srcs/sources_1/new/top.vhd:49]
INFO: [Synth 8-994] b1 is declared here [C:/Users/Elwin/Downloads/GameBesje.xpr/GameBesje/GameBesje.srcs/sources_1/new/top.vhd:50]
INFO: [Synth 8-994] b2 is declared here [C:/Users/Elwin/Downloads/GameBesje.xpr/GameBesje/GameBesje.srcs/sources_1/new/top.vhd:51]
INFO: [Synth 8-994] ensig is declared here [C:/Users/Elwin/Downloads/GameBesje.xpr/GameBesje/GameBesje.srcs/sources_1/new/top.vhd:52]
INFO: [Synth 8-2810] unit behavioral ignored due to previous errors [C:/Users/Elwin/Downloads/GameBesje.xpr/GameBesje/GameBesje.srcs/sources_1/new/top.vhd:31]
---------------------------------------------------------------------------------
Finished RTL Elaboration : Time (s): cpu = 00:00:05 ; elapsed = 00:00:05 . Memory (MB): peak = 1199.121 ; gain = 206.047
---------------------------------------------------------------------------------
RTL Elaboration failed
8 Infos, 0 Warnings, 2 Critical Warnings and 3 Errors encountered.
synth_design failed
ERROR: [Vivado_Tcl 4-5] Elaboration failed - please see the console for details
synth_design -rtl -name rtl_1
Command: synth_design -rtl -name rtl_1
Starting synth_design
Using part: xc7a35tcpg236-1
Top: top
---------------------------------------------------------------------------------
Starting RTL Elaboration : Time (s): cpu = 00:00:04 ; elapsed = 00:00:04 . Memory (MB): peak = 1199.121 ; gain = 0.000
---------------------------------------------------------------------------------
INFO: [Synth 8-638] synthesizing module 'top' [C:/Users/Elwin/Downloads/GameBesje.xpr/GameBesje/GameBesje.srcs/sources_1/new/top.vhd:31]
INFO: [Synth 8-3491] module 'Prescaler25' declared at 'C:/Users/Elwin/Downloads/GameBesje.xpr/GameBesje/.Xil/Vivado-3468-DESKTOP-2II8BHC/realtime/Prescaler25_stub.vhdl:5' bound to instance 'Pre0' of component 'Prescaler25' [C:/Users/Elwin/Downloads/GameBesje.xpr/GameBesje/GameBesje.srcs/sources_1/new/top.vhd:95]
INFO: [Synth 8-638] synthesizing module 'Prescaler25' [C:/Users/Elwin/Downloads/GameBesje.xpr/GameBesje/.Xil/Vivado-3468-DESKTOP-2II8BHC/realtime/Prescaler25_stub.vhdl:14]
INFO: [Synth 8-3491] module 'sprites' declared at 'C:/Users/Elwin/Downloads/GameBesje.xpr/GameBesje/GameBesje.srcs/sources_1/new/sprites.vhd:17' bound to instance 'SP0' of component 'sprites' [C:/Users/Elwin/Downloads/GameBesje.xpr/GameBesje/GameBesje.srcs/sources_1/new/top.vhd:101]
INFO: [Synth 8-638] synthesizing module 'sprites' [C:/Users/Elwin/Downloads/GameBesje.xpr/GameBesje/GameBesje.srcs/sources_1/new/sprites.vhd:31]
WARNING: [Synth 8-614] signal 'enSig' is read in the process but is not in the sensitivity list [C:/Users/Elwin/Downloads/GameBesje.xpr/GameBesje/GameBesje.srcs/sources_1/new/sprites.vhd:38]
WARNING: [Synth 8-614] signal 'enArray' is read in the process but is not in the sensitivity list [C:/Users/Elwin/Downloads/GameBesje.xpr/GameBesje/GameBesje.srcs/sources_1/new/sprites.vhd:38]
WARNING: [Synth 8-6014] Unused sequential element s_reg was removed.  [C:/Users/Elwin/Downloads/GameBesje.xpr/GameBesje/GameBesje.srcs/sources_1/new/sprites.vhd:53]
INFO: [Synth 8-256] done synthesizing module 'sprites' (1#1) [C:/Users/Elwin/Downloads/GameBesje.xpr/GameBesje/GameBesje.srcs/sources_1/new/sprites.vhd:31]
INFO: [Synth 8-3491] module 'UART_rx' declared at 'C:/Users/Elwin/Downloads/GameBesje.xpr/GameBesje/GameBesje.srcs/sources_1/imports/Downloads/UART_rx.vhd:7' bound to instance 'receiver' of component 'UART_rx' [C:/Users/Elwin/Downloads/GameBesje.xpr/GameBesje/GameBesje.srcs/sources_1/new/top.vhd:124]
INFO: [Synth 8-638] synthesizing module 'UART_rx' [C:/Users/Elwin/Downloads/GameBesje.xpr/GameBesje/GameBesje.srcs/sources_1/imports/Downloads/UART_rx.vhd:24]
	Parameter BAUD_X16_CLK_TICKS bound to: 54 - type: integer 
INFO: [Synth 8-226] default block is never used [C:/Users/Elwin/Downloads/GameBesje.xpr/GameBesje/GameBesje.srcs/sources_1/imports/Downloads/UART_rx.vhd:80]
WARNING: [Synth 8-3848] Net avSig in module/entity UART_rx does not have driver. [C:/Users/Elwin/Downloads/GameBesje.xpr/GameBesje/GameBesje.srcs/sources_1/imports/Downloads/UART_rx.vhd:16]
WARNING: [Synth 8-3848] Net rx_audio_out in module/entity UART_rx does not have driver. [C:/Users/Elwin/Downloads/GameBesje.xpr/GameBesje/GameBesje.srcs/sources_1/imports/Downloads/UART_rx.vhd:18]
INFO: [Synth 8-256] done synthesizing module 'UART_rx' (2#1) [C:/Users/Elwin/Downloads/GameBesje.xpr/GameBesje/GameBesje.srcs/sources_1/imports/Downloads/UART_rx.vhd:24]
INFO: [Synth 8-3491] module 'VGA' declared at 'C:/Users/Elwin/Downloads/GameBesje.xpr/GameBesje/GameBesje.srcs/sources_1/imports/Week 5 + 6 - Bounching Square - Ball/vga.vhd:17' bound to instance 'VGA0' of component 'VGA' [C:/Users/Elwin/Downloads/GameBesje.xpr/GameBesje/GameBesje.srcs/sources_1/new/top.vhd:135]
INFO: [Synth 8-638] synthesizing module 'VGA' [C:/Users/Elwin/Downloads/GameBesje.xpr/GameBesje/GameBesje.srcs/sources_1/imports/Week 5 + 6 - Bounching Square - Ball/vga.vhd:28]
WARNING: [Synth 8-614] signal 'reset' is read in the process but is not in the sensitivity list [C:/Users/Elwin/Downloads/GameBesje.xpr/GameBesje/GameBesje.srcs/sources_1/imports/Week 5 + 6 - Bounching Square - Ball/vga.vhd:1333]
WARNING: [Synth 8-6014] Unused sequential element tempX_reg was removed.  [C:/Users/Elwin/Downloads/GameBesje.xpr/GameBesje/GameBesje.srcs/sources_1/imports/Week 5 + 6 - Bounching Square - Ball/vga.vhd:1351]
WARNING: [Synth 8-6014] Unused sequential element tempY_reg was removed.  [C:/Users/Elwin/Downloads/GameBesje.xpr/GameBesje/GameBesje.srcs/sources_1/imports/Week 5 + 6 - Bounching Square - Ball/vga.vhd:1352]
WARNING: [Synth 8-6014] Unused sequential element code_reg was removed.  [C:/Users/Elwin/Downloads/GameBesje.xpr/GameBesje/GameBesje.srcs/sources_1/imports/Week 5 + 6 - Bounching Square - Ball/vga.vhd:1356]
WARNING: [Synth 8-6014] Unused sequential element ColoursIn_reg was removed.  [C:/Users/Elwin/Downloads/GameBesje.xpr/GameBesje/GameBesje.srcs/sources_1/imports/Week 5 + 6 - Bounching Square - Ball/vga.vhd:1360]
INFO: [Synth 8-256] done synthesizing module 'VGA' (3#1) [C:/Users/Elwin/Downloads/GameBesje.xpr/GameBesje/GameBesje.srcs/sources_1/imports/Week 5 + 6 - Bounching Square - Ball/vga.vhd:28]
WARNING: [Synth 8-3848] Net tmp_en in module/entity top does not have driver. [C:/Users/Elwin/Downloads/GameBesje.xpr/GameBesje/GameBesje.srcs/sources_1/new/top.vhd:85]
INFO: [Synth 8-256] done synthesizing module 'top' (4#1) [C:/Users/Elwin/Downloads/GameBesje.xpr/GameBesje/GameBesje.srcs/sources_1/new/top.vhd:31]
WARNING: [Synth 8-3331] design UART_rx has unconnected port avSig
WARNING: [Synth 8-3331] design UART_rx has unconnected port rx_audio_out[6]
WARNING: [Synth 8-3331] design UART_rx has unconnected port rx_audio_out[5]
WARNING: [Synth 8-3331] design UART_rx has unconnected port rx_audio_out[4]
WARNING: [Synth 8-3331] design UART_rx has unconnected port rx_audio_out[3]
WARNING: [Synth 8-3331] design UART_rx has unconnected port rx_audio_out[2]
WARNING: [Synth 8-3331] design UART_rx has unconnected port rx_audio_out[1]
WARNING: [Synth 8-3331] design UART_rx has unconnected port rx_audio_out[0]
WARNING: [Synth 8-3331] design sprites has unconnected port reset
WARNING: [Synth 8-3331] design sprites has unconnected port enable
WARNING: [Synth 8-3331] design sprites has unconnected port b1
WARNING: [Synth 8-3331] design sprites has unconnected port b2
---------------------------------------------------------------------------------
Finished RTL Elaboration : Time (s): cpu = 00:00:13 ; elapsed = 00:00:13 . Memory (MB): peak = 1342.906 ; gain = 143.785
---------------------------------------------------------------------------------

Report Check Netlist: 
+------+------------------+-------+---------+-------+------------------+
|      |Item              |Errors |Warnings |Status |Description       |
+------+------------------+-------+---------+-------+------------------+
|1     |multi_driven_nets |      0|        0|Passed |Multi driven nets |
+------+------------------+-------+---------+-------+------------------+
---------------------------------------------------------------------------------
Start Handling Custom Attributes
---------------------------------------------------------------------------------
---------------------------------------------------------------------------------
Finished Handling Custom Attributes : Time (s): cpu = 00:00:15 ; elapsed = 00:00:15 . Memory (MB): peak = 1342.906 ; gain = 143.785
---------------------------------------------------------------------------------
---------------------------------------------------------------------------------
Finished RTL Optimization Phase 1 : Time (s): cpu = 00:00:15 ; elapsed = 00:00:15 . Memory (MB): peak = 1342.906 ; gain = 143.785
---------------------------------------------------------------------------------
INFO: [Project 1-454] Reading design checkpoint 'c:/Users/Elwin/Downloads/GameBesje.xpr/GameBesje/GameBesje.srcs/sources_1/ip/Prescaler25/Prescaler25.dcp' for cell 'Pre0'
INFO: [Netlist 29-17] Analyzing 1 Unisim elements for replacement
INFO: [Netlist 29-28] Unisim Transformation completed in 0 CPU seconds
INFO: [Project 1-479] Netlist was created with Vivado 2019.1
INFO: [Project 1-570] Preparing netlist for logic optimization
INFO: [Opt 31-140] Inserted 1 IBUFs to IO ports without IO buffers.

Processing XDC Constraints
Initializing timing engine
Parsing XDC File [c:/Users/Elwin/Downloads/GameBesje.xpr/GameBesje/GameBesje.srcs/sources_1/ip/Prescaler25/Prescaler25_board.xdc] for cell 'Pre0/inst'
Finished Parsing XDC File [c:/Users/Elwin/Downloads/GameBesje.xpr/GameBesje/GameBesje.srcs/sources_1/ip/Prescaler25/Prescaler25_board.xdc] for cell 'Pre0/inst'
Parsing XDC File [c:/Users/Elwin/Downloads/GameBesje.xpr/GameBesje/GameBesje.srcs/sources_1/ip/Prescaler25/Prescaler25.xdc] for cell 'Pre0/inst'
Finished Parsing XDC File [c:/Users/Elwin/Downloads/GameBesje.xpr/GameBesje/GameBesje.srcs/sources_1/ip/Prescaler25/Prescaler25.xdc] for cell 'Pre0/inst'
INFO: [Project 1-236] Implementation specific constraints were found while reading constraint file [c:/Users/Elwin/Downloads/GameBesje.xpr/GameBesje/GameBesje.srcs/sources_1/ip/Prescaler25/Prescaler25.xdc]. These constraints will be ignored for synthesis but will be used in implementation. Impacted constraints are listed in the file [.Xil/top_propImpl.xdc].
Resolution: To avoid this warning, move constraints listed in [.Xil/top_propImpl.xdc] to another XDC file and exclude this new file from synthesis with the used_in_synthesis property (File Properties dialog in GUI) and re-run elaboration/synthesis.
INFO: [Timing 38-2] Deriving generated clocks
Parsing XDC File [C:/Users/Elwin/Downloads/GameBesje.xpr/GameBesje/GameBesje.srcs/constrs_1/new/cnts.xdc]
WARNING: [Vivado 12-584] No ports matched 'data_out[0]'. [C:/Users/Elwin/Downloads/GameBesje.xpr/GameBesje/GameBesje.srcs/constrs_1/new/cnts.xdc:24]
WARNING: [Vivado 12-584] No ports matched 'data_out[1]'. [C:/Users/Elwin/Downloads/GameBesje.xpr/GameBesje/GameBesje.srcs/constrs_1/new/cnts.xdc:25]
WARNING: [Vivado 12-584] No ports matched 'data_out[2]'. [C:/Users/Elwin/Downloads/GameBesje.xpr/GameBesje/GameBesje.srcs/constrs_1/new/cnts.xdc:26]
WARNING: [Vivado 12-584] No ports matched 'data_out[3]'. [C:/Users/Elwin/Downloads/GameBesje.xpr/GameBesje/GameBesje.srcs/constrs_1/new/cnts.xdc:27]
WARNING: [Vivado 12-584] No ports matched 'data_out[4]'. [C:/Users/Elwin/Downloads/GameBesje.xpr/GameBesje/GameBesje.srcs/constrs_1/new/cnts.xdc:28]
WARNING: [Vivado 12-584] No ports matched 'data_out[5]'. [C:/Users/Elwin/Downloads/GameBesje.xpr/GameBesje/GameBesje.srcs/constrs_1/new/cnts.xdc:29]
WARNING: [Vivado 12-584] No ports matched 'data_out[6]'. [C:/Users/Elwin/Downloads/GameBesje.xpr/GameBesje/GameBesje.srcs/constrs_1/new/cnts.xdc:30]
WARNING: [Vivado 12-584] No ports matched 'data_out[7]'. [C:/Users/Elwin/Downloads/GameBesje.xpr/GameBesje/GameBesje.srcs/constrs_1/new/cnts.xdc:31]
WARNING: [Vivado 12-584] No ports matched 'data_out[7]'. [C:/Users/Elwin/Downloads/GameBesje.xpr/GameBesje/GameBesje.srcs/constrs_1/new/cnts.xdc:32]
WARNING: [Vivado 12-584] No ports matched 'data_out[0]'. [C:/Users/Elwin/Downloads/GameBesje.xpr/GameBesje/GameBesje.srcs/constrs_1/new/cnts.xdc:33]
WARNING: [Vivado 12-584] No ports matched 'data_out[1]'. [C:/Users/Elwin/Downloads/GameBesje.xpr/GameBesje/GameBesje.srcs/constrs_1/new/cnts.xdc:34]
WARNING: [Vivado 12-584] No ports matched 'data_out[2]'. [C:/Users/Elwin/Downloads/GameBesje.xpr/GameBesje/GameBesje.srcs/constrs_1/new/cnts.xdc:35]
WARNING: [Vivado 12-584] No ports matched 'data_out[3]'. [C:/Users/Elwin/Downloads/GameBesje.xpr/GameBesje/GameBesje.srcs/constrs_1/new/cnts.xdc:36]
WARNING: [Vivado 12-584] No ports matched 'data_out[4]'. [C:/Users/Elwin/Downloads/GameBesje.xpr/GameBesje/GameBesje.srcs/constrs_1/new/cnts.xdc:37]
WARNING: [Vivado 12-584] No ports matched 'data_out[5]'. [C:/Users/Elwin/Downloads/GameBesje.xpr/GameBesje/GameBesje.srcs/constrs_1/new/cnts.xdc:38]
WARNING: [Vivado 12-584] No ports matched 'data_out[6]'. [C:/Users/Elwin/Downloads/GameBesje.xpr/GameBesje/GameBesje.srcs/constrs_1/new/cnts.xdc:39]
WARNING: [Vivado 12-584] No ports matched 'leds[3]'. [C:/Users/Elwin/Downloads/GameBesje.xpr/GameBesje/GameBesje.srcs/constrs_1/new/cnts.xdc:46]
WARNING: [Vivado 12-584] No ports matched 'leds[2]'. [C:/Users/Elwin/Downloads/GameBesje.xpr/GameBesje/GameBesje.srcs/constrs_1/new/cnts.xdc:47]
WARNING: [Vivado 12-584] No ports matched 'leds[1]'. [C:/Users/Elwin/Downloads/GameBesje.xpr/GameBesje/GameBesje.srcs/constrs_1/new/cnts.xdc:48]
WARNING: [Vivado 12-584] No ports matched 'leds[0]'. [C:/Users/Elwin/Downloads/GameBesje.xpr/GameBesje/GameBesje.srcs/constrs_1/new/cnts.xdc:49]
WARNING: [Vivado 12-584] No ports matched 'leds[0]'. [C:/Users/Elwin/Downloads/GameBesje.xpr/GameBesje/GameBesje.srcs/constrs_1/new/cnts.xdc:50]
WARNING: [Vivado 12-584] No ports matched 'leds[1]'. [C:/Users/Elwin/Downloads/GameBesje.xpr/GameBesje/GameBesje.srcs/constrs_1/new/cnts.xdc:51]
WARNING: [Vivado 12-584] No ports matched 'leds[2]'. [C:/Users/Elwin/Downloads/GameBesje.xpr/GameBesje/GameBesje.srcs/constrs_1/new/cnts.xdc:52]
WARNING: [Vivado 12-584] No ports matched 'leds[3]'. [C:/Users/Elwin/Downloads/GameBesje.xpr/GameBesje/GameBesje.srcs/constrs_1/new/cnts.xdc:53]
Finished Parsing XDC File [C:/Users/Elwin/Downloads/GameBesje.xpr/GameBesje/GameBesje.srcs/constrs_1/new/cnts.xdc]
WARNING: [Project 1-498] One or more constraints failed evaluation while reading constraint file [C:/Users/Elwin/Downloads/GameBesje.xpr/GameBesje/GameBesje.srcs/constrs_1/new/cnts.xdc] and the design contains unresolved black boxes. These constraints will be read post-synthesis (as long as their source constraint file is marked as used_in_implementation) and should be applied correctly then. You should review the constraints listed in the file [.Xil/top_propImpl.xdc] and check the run log file to verify that these constraints were correctly applied.
Completed Processing XDC Constraints

INFO: [Opt 31-138] Pushed 0 inverter(s) to 0 load pin(s).
Netlist sorting complete. Time (s): cpu = 00:00:00 ; elapsed = 00:00:00.019 . Memory (MB): peak = 1559.176 ; gain = 0.000
INFO: [Project 1-111] Unisim Transformation Summary:
No Unisim elements were transformed.

RTL Elaboration Complete:  : Time (s): cpu = 00:00:45 ; elapsed = 00:00:34 . Memory (MB): peak = 1630.578 ; gain = 431.457
24 Infos, 48 Warnings, 0 Critical Warnings and 0 Errors encountered.
synth_design completed successfully
synth_design: Time (s): cpu = 00:00:45 ; elapsed = 00:00:34 . Memory (MB): peak = 1630.578 ; gain = 431.457
set_property IOSTANDARD LVCMOS33 [get_ports [list clk]]
set_property IOSTANDARD LVCMOS33 [get_ports [list enArrayLED]]
place_ports enArrayLED P1
save_constraints
reset_run synth_1
launch_runs impl_1 -to_step write_bitstream -jobs 4
[Thu Apr  7 17:07:57 2022] Launched synth_1...
Run output will be captured here: C:/Users/Elwin/Downloads/GameBesje.xpr/GameBesje/GameBesje.runs/synth_1/runme.log
[Thu Apr  7 17:07:57 2022] Launched impl_1...
Run output will be captured here: C:/Users/Elwin/Downloads/GameBesje.xpr/GameBesje/GameBesje.runs/impl_1/runme.log
close_design
open_run impl_1
INFO: [Netlist 29-17] Analyzing 838 Unisim elements for replacement
INFO: [Netlist 29-28] Unisim Transformation completed in 0 CPU seconds
WARNING: [Netlist 29-101] Netlist 'top' is not ideal for floorplanning, since the cellview 'sprites' contains a large number of primitives.  Please consider enabling hierarchy in synthesis if you want to do floorplanning.
INFO: [Project 1-479] Netlist was created with Vivado 2019.1
INFO: [Project 1-570] Preparing netlist for logic optimization
WARNING: [Constraints 18-550] Could not create 'IBUF_LOW_PWR' constraint because net 'Pre0/clk_in1' is not directly connected to top level port. Synthesis is ignored for IBUF_LOW_PWR but preserved for implementation.
INFO: [Timing 38-478] Restoring timing data from binary archive.
INFO: [Timing 38-479] Binary timing data restore complete.
INFO: [Project 1-856] Restoring constraints from binary archive.
INFO: [Project 1-853] Binary constraint restore complete.
Reading XDEF placement.
Reading placer database...
Reading XDEF routing.
Read XDEF File: Time (s): cpu = 00:00:02 ; elapsed = 00:00:02 . Memory (MB): peak = 1996.043 ; gain = 0.000
Restored from archive | CPU: 2.000000 secs | Memory: 0.000000 MB |
Finished XDEF File Restore: Time (s): cpu = 00:00:02 ; elapsed = 00:00:02 . Memory (MB): peak = 1996.043 ; gain = 0.000
Netlist sorting complete. Time (s): cpu = 00:00:00 ; elapsed = 00:00:00.004 . Memory (MB): peak = 1996.043 ; gain = 0.000
INFO: [Project 1-111] Unisim Transformation Summary:
No Unisim elements were transformed.

open_run: Time (s): cpu = 00:00:21 ; elapsed = 00:00:17 . Memory (MB): peak = 2058.055 ; gain = 427.477
file copy -force C:/Users/Elwin/Downloads/GameBesje.xpr/GameBesje/GameBesje.runs/impl_1/top.bit C:/Users/Elwin/Documents/GitHub/BESJ-Basys3/GameBesje/Old1.bit
reset_run synth_1
launch_runs impl_1 -to_step write_bitstream -jobs 4
[Thu Apr  7 17:21:51 2022] Launched synth_1...
Run output will be captured here: C:/Users/Elwin/Downloads/GameBesje.xpr/GameBesje/GameBesje.runs/synth_1/runme.log
[Thu Apr  7 17:21:52 2022] Launched impl_1...
Run output will be captured here: C:/Users/Elwin/Downloads/GameBesje.xpr/GameBesje/GameBesje.runs/impl_1/runme.log
file copy -force C:/Users/Elwin/Downloads/GameBesje.xpr/GameBesje/GameBesje.runs/impl_1/top.bit C:/Users/Elwin/Documents/GitHub/BESJ-Basys3/GameBesje/Old2.bit
close_design
synth_design -rtl -name rtl_1
Command: synth_design -rtl -name rtl_1
Starting synth_design
Using part: xc7a35tcpg236-1
Top: top
---------------------------------------------------------------------------------
Starting RTL Elaboration : Time (s): cpu = 00:00:04 ; elapsed = 00:00:05 . Memory (MB): peak = 2226.891 ; gain = 0.000
---------------------------------------------------------------------------------
INFO: [Synth 8-638] synthesizing module 'top' [C:/Users/Elwin/Downloads/GameBesje.xpr/GameBesje/GameBesje.srcs/sources_1/new/top.vhd:32]
INFO: [Synth 8-3491] module 'Prescaler25' declared at 'C:/Users/Elwin/Downloads/GameBesje.xpr/GameBesje/.Xil/Vivado-3468-DESKTOP-2II8BHC/realtime/Prescaler25_stub.vhdl:5' bound to instance 'Pre0' of component 'Prescaler25' [C:/Users/Elwin/Downloads/GameBesje.xpr/GameBesje/GameBesje.srcs/sources_1/new/top.vhd:97]
INFO: [Synth 8-638] synthesizing module 'Prescaler25' [C:/Users/Elwin/Downloads/GameBesje.xpr/GameBesje/.Xil/Vivado-3468-DESKTOP-2II8BHC/realtime/Prescaler25_stub.vhdl:14]
INFO: [Synth 8-3491] module 'sprites' declared at 'C:/Users/Elwin/Downloads/GameBesje.xpr/GameBesje/GameBesje.srcs/sources_1/new/sprites.vhd:17' bound to instance 'SP0' of component 'sprites' [C:/Users/Elwin/Downloads/GameBesje.xpr/GameBesje/GameBesje.srcs/sources_1/new/top.vhd:103]
INFO: [Synth 8-638] synthesizing module 'sprites' [C:/Users/Elwin/Downloads/GameBesje.xpr/GameBesje/GameBesje.srcs/sources_1/new/sprites.vhd:32]
WARNING: [Synth 8-614] signal 'enSig' is read in the process but is not in the sensitivity list [C:/Users/Elwin/Downloads/GameBesje.xpr/GameBesje/GameBesje.srcs/sources_1/new/sprites.vhd:39]
WARNING: [Synth 8-6014] Unused sequential element s_reg was removed.  [C:/Users/Elwin/Downloads/GameBesje.xpr/GameBesje/GameBesje.srcs/sources_1/new/sprites.vhd:54]
WARNING: [Synth 8-3848] Net enArrayOut in module/entity sprites does not have driver. [C:/Users/Elwin/Downloads/GameBesje.xpr/GameBesje/GameBesje.srcs/sources_1/new/sprites.vhd:27]
INFO: [Synth 8-256] done synthesizing module 'sprites' (1#1) [C:/Users/Elwin/Downloads/GameBesje.xpr/GameBesje/GameBesje.srcs/sources_1/new/sprites.vhd:32]
INFO: [Synth 8-3491] module 'UART_rx' declared at 'C:/Users/Elwin/Downloads/GameBesje.xpr/GameBesje/GameBesje.srcs/sources_1/imports/Downloads/UART_rx.vhd:7' bound to instance 'receiver' of component 'UART_rx' [C:/Users/Elwin/Downloads/GameBesje.xpr/GameBesje/GameBesje.srcs/sources_1/new/top.vhd:127]
INFO: [Synth 8-638] synthesizing module 'UART_rx' [C:/Users/Elwin/Downloads/GameBesje.xpr/GameBesje/GameBesje.srcs/sources_1/imports/Downloads/UART_rx.vhd:24]
	Parameter BAUD_X16_CLK_TICKS bound to: 54 - type: integer 
INFO: [Synth 8-226] default block is never used [C:/Users/Elwin/Downloads/GameBesje.xpr/GameBesje/GameBesje.srcs/sources_1/imports/Downloads/UART_rx.vhd:80]
WARNING: [Synth 8-3848] Net avSig in module/entity UART_rx does not have driver. [C:/Users/Elwin/Downloads/GameBesje.xpr/GameBesje/GameBesje.srcs/sources_1/imports/Downloads/UART_rx.vhd:16]
WARNING: [Synth 8-3848] Net rx_audio_out in module/entity UART_rx does not have driver. [C:/Users/Elwin/Downloads/GameBesje.xpr/GameBesje/GameBesje.srcs/sources_1/imports/Downloads/UART_rx.vhd:18]
INFO: [Synth 8-256] done synthesizing module 'UART_rx' (2#1) [C:/Users/Elwin/Downloads/GameBesje.xpr/GameBesje/GameBesje.srcs/sources_1/imports/Downloads/UART_rx.vhd:24]
INFO: [Synth 8-3491] module 'VGA' declared at 'C:/Users/Elwin/Downloads/GameBesje.xpr/GameBesje/GameBesje.srcs/sources_1/imports/Week 5 + 6 - Bounching Square - Ball/vga.vhd:17' bound to instance 'VGA0' of component 'VGA' [C:/Users/Elwin/Downloads/GameBesje.xpr/GameBesje/GameBesje.srcs/sources_1/new/top.vhd:138]
INFO: [Synth 8-638] synthesizing module 'VGA' [C:/Users/Elwin/Downloads/GameBesje.xpr/GameBesje/GameBesje.srcs/sources_1/imports/Week 5 + 6 - Bounching Square - Ball/vga.vhd:28]
WARNING: [Synth 8-614] signal 'reset' is read in the process but is not in the sensitivity list [C:/Users/Elwin/Downloads/GameBesje.xpr/GameBesje/GameBesje.srcs/sources_1/imports/Week 5 + 6 - Bounching Square - Ball/vga.vhd:1333]
WARNING: [Synth 8-6014] Unused sequential element tempX_reg was removed.  [C:/Users/Elwin/Downloads/GameBesje.xpr/GameBesje/GameBesje.srcs/sources_1/imports/Week 5 + 6 - Bounching Square - Ball/vga.vhd:1351]
WARNING: [Synth 8-6014] Unused sequential element tempY_reg was removed.  [C:/Users/Elwin/Downloads/GameBesje.xpr/GameBesje/GameBesje.srcs/sources_1/imports/Week 5 + 6 - Bounching Square - Ball/vga.vhd:1352]
WARNING: [Synth 8-6014] Unused sequential element code_reg was removed.  [C:/Users/Elwin/Downloads/GameBesje.xpr/GameBesje/GameBesje.srcs/sources_1/imports/Week 5 + 6 - Bounching Square - Ball/vga.vhd:1356]
WARNING: [Synth 8-6014] Unused sequential element ColoursIn_reg was removed.  [C:/Users/Elwin/Downloads/GameBesje.xpr/GameBesje/GameBesje.srcs/sources_1/imports/Week 5 + 6 - Bounching Square - Ball/vga.vhd:1360]
INFO: [Synth 8-256] done synthesizing module 'VGA' (3#1) [C:/Users/Elwin/Downloads/GameBesje.xpr/GameBesje/GameBesje.srcs/sources_1/imports/Week 5 + 6 - Bounching Square - Ball/vga.vhd:28]
WARNING: [Synth 8-3848] Net tmp_en in module/entity top does not have driver. [C:/Users/Elwin/Downloads/GameBesje.xpr/GameBesje/GameBesje.srcs/sources_1/new/top.vhd:87]
INFO: [Synth 8-256] done synthesizing module 'top' (4#1) [C:/Users/Elwin/Downloads/GameBesje.xpr/GameBesje/GameBesje.srcs/sources_1/new/top.vhd:32]
WARNING: [Synth 8-3331] design UART_rx has unconnected port avSig
WARNING: [Synth 8-3331] design UART_rx has unconnected port rx_audio_out[6]
WARNING: [Synth 8-3331] design UART_rx has unconnected port rx_audio_out[5]
WARNING: [Synth 8-3331] design UART_rx has unconnected port rx_audio_out[4]
WARNING: [Synth 8-3331] design UART_rx has unconnected port rx_audio_out[3]
WARNING: [Synth 8-3331] design UART_rx has unconnected port rx_audio_out[2]
WARNING: [Synth 8-3331] design UART_rx has unconnected port rx_audio_out[1]
WARNING: [Synth 8-3331] design UART_rx has unconnected port rx_audio_out[0]
WARNING: [Synth 8-3331] design sprites has unconnected port enArrayOut
WARNING: [Synth 8-3331] design sprites has unconnected port reset
WARNING: [Synth 8-3331] design sprites has unconnected port enable
WARNING: [Synth 8-3331] design sprites has unconnected port b1
WARNING: [Synth 8-3331] design sprites has unconnected port b2
---------------------------------------------------------------------------------
Finished RTL Elaboration : Time (s): cpu = 00:00:14 ; elapsed = 00:00:14 . Memory (MB): peak = 2226.891 ; gain = 0.000
---------------------------------------------------------------------------------

Report Check Netlist: 
+------+------------------+-------+---------+-------+------------------+
|      |Item              |Errors |Warnings |Status |Description       |
+------+------------------+-------+---------+-------+------------------+
|1     |multi_driven_nets |      0|        0|Passed |Multi driven nets |
+------+------------------+-------+---------+-------+------------------+
---------------------------------------------------------------------------------
Start Handling Custom Attributes
---------------------------------------------------------------------------------
---------------------------------------------------------------------------------
Finished Handling Custom Attributes : Time (s): cpu = 00:00:16 ; elapsed = 00:00:16 . Memory (MB): peak = 2226.891 ; gain = 0.000
---------------------------------------------------------------------------------
---------------------------------------------------------------------------------
Finished RTL Optimization Phase 1 : Time (s): cpu = 00:00:16 ; elapsed = 00:00:16 . Memory (MB): peak = 2226.891 ; gain = 0.000
---------------------------------------------------------------------------------
INFO: [Project 1-454] Reading design checkpoint 'c:/Users/Elwin/Downloads/GameBesje.xpr/GameBesje/GameBesje.srcs/sources_1/ip/Prescaler25/Prescaler25.dcp' for cell 'Pre0'
INFO: [Netlist 29-17] Analyzing 1 Unisim elements for replacement
INFO: [Netlist 29-28] Unisim Transformation completed in 0 CPU seconds
INFO: [Project 1-479] Netlist was created with Vivado 2019.1
INFO: [Project 1-570] Preparing netlist for logic optimization
INFO: [Opt 31-140] Inserted 1 IBUFs to IO ports without IO buffers.

Processing XDC Constraints
Initializing timing engine
Parsing XDC File [c:/Users/Elwin/Downloads/GameBesje.xpr/GameBesje/GameBesje.srcs/sources_1/ip/Prescaler25/Prescaler25_board.xdc] for cell 'Pre0/inst'
Finished Parsing XDC File [c:/Users/Elwin/Downloads/GameBesje.xpr/GameBesje/GameBesje.srcs/sources_1/ip/Prescaler25/Prescaler25_board.xdc] for cell 'Pre0/inst'
Parsing XDC File [c:/Users/Elwin/Downloads/GameBesje.xpr/GameBesje/GameBesje.srcs/sources_1/ip/Prescaler25/Prescaler25.xdc] for cell 'Pre0/inst'
Finished Parsing XDC File [c:/Users/Elwin/Downloads/GameBesje.xpr/GameBesje/GameBesje.srcs/sources_1/ip/Prescaler25/Prescaler25.xdc] for cell 'Pre0/inst'
INFO: [Project 1-236] Implementation specific constraints were found while reading constraint file [c:/Users/Elwin/Downloads/GameBesje.xpr/GameBesje/GameBesje.srcs/sources_1/ip/Prescaler25/Prescaler25.xdc]. These constraints will be ignored for synthesis but will be used in implementation. Impacted constraints are listed in the file [.Xil/top_propImpl.xdc].
Resolution: To avoid this warning, move constraints listed in [.Xil/top_propImpl.xdc] to another XDC file and exclude this new file from synthesis with the used_in_synthesis property (File Properties dialog in GUI) and re-run elaboration/synthesis.
INFO: [Timing 38-2] Deriving generated clocks
Parsing XDC File [C:/Users/Elwin/Downloads/GameBesje.xpr/GameBesje/GameBesje.srcs/constrs_1/new/cnts.xdc]
WARNING: [Vivado 12-584] No ports matched 'data_out[0]'. [C:/Users/Elwin/Downloads/GameBesje.xpr/GameBesje/GameBesje.srcs/constrs_1/new/cnts.xdc:24]
WARNING: [Vivado 12-584] No ports matched 'data_out[1]'. [C:/Users/Elwin/Downloads/GameBesje.xpr/GameBesje/GameBesje.srcs/constrs_1/new/cnts.xdc:25]
WARNING: [Vivado 12-584] No ports matched 'data_out[2]'. [C:/Users/Elwin/Downloads/GameBesje.xpr/GameBesje/GameBesje.srcs/constrs_1/new/cnts.xdc:26]
WARNING: [Vivado 12-584] No ports matched 'data_out[3]'. [C:/Users/Elwin/Downloads/GameBesje.xpr/GameBesje/GameBesje.srcs/constrs_1/new/cnts.xdc:27]
WARNING: [Vivado 12-584] No ports matched 'data_out[4]'. [C:/Users/Elwin/Downloads/GameBesje.xpr/GameBesje/GameBesje.srcs/constrs_1/new/cnts.xdc:28]
WARNING: [Vivado 12-584] No ports matched 'data_out[5]'. [C:/Users/Elwin/Downloads/GameBesje.xpr/GameBesje/GameBesje.srcs/constrs_1/new/cnts.xdc:29]
WARNING: [Vivado 12-584] No ports matched 'data_out[6]'. [C:/Users/Elwin/Downloads/GameBesje.xpr/GameBesje/GameBesje.srcs/constrs_1/new/cnts.xdc:30]
WARNING: [Vivado 12-584] No ports matched 'data_out[7]'. [C:/Users/Elwin/Downloads/GameBesje.xpr/GameBesje/GameBesje.srcs/constrs_1/new/cnts.xdc:31]
WARNING: [Vivado 12-584] No ports matched 'data_out[7]'. [C:/Users/Elwin/Downloads/GameBesje.xpr/GameBesje/GameBesje.srcs/constrs_1/new/cnts.xdc:32]
WARNING: [Vivado 12-584] No ports matched 'data_out[0]'. [C:/Users/Elwin/Downloads/GameBesje.xpr/GameBesje/GameBesje.srcs/constrs_1/new/cnts.xdc:33]
WARNING: [Vivado 12-584] No ports matched 'data_out[1]'. [C:/Users/Elwin/Downloads/GameBesje.xpr/GameBesje/GameBesje.srcs/constrs_1/new/cnts.xdc:34]
WARNING: [Vivado 12-584] No ports matched 'data_out[2]'. [C:/Users/Elwin/Downloads/GameBesje.xpr/GameBesje/GameBesje.srcs/constrs_1/new/cnts.xdc:35]
WARNING: [Vivado 12-584] No ports matched 'data_out[3]'. [C:/Users/Elwin/Downloads/GameBesje.xpr/GameBesje/GameBesje.srcs/constrs_1/new/cnts.xdc:36]
WARNING: [Vivado 12-584] No ports matched 'data_out[4]'. [C:/Users/Elwin/Downloads/GameBesje.xpr/GameBesje/GameBesje.srcs/constrs_1/new/cnts.xdc:37]
WARNING: [Vivado 12-584] No ports matched 'data_out[5]'. [C:/Users/Elwin/Downloads/GameBesje.xpr/GameBesje/GameBesje.srcs/constrs_1/new/cnts.xdc:38]
WARNING: [Vivado 12-584] No ports matched 'data_out[6]'. [C:/Users/Elwin/Downloads/GameBesje.xpr/GameBesje/GameBesje.srcs/constrs_1/new/cnts.xdc:39]
WARNING: [Vivado 12-584] No ports matched 'leds[3]'. [C:/Users/Elwin/Downloads/GameBesje.xpr/GameBesje/GameBesje.srcs/constrs_1/new/cnts.xdc:46]
WARNING: [Vivado 12-584] No ports matched 'leds[2]'. [C:/Users/Elwin/Downloads/GameBesje.xpr/GameBesje/GameBesje.srcs/constrs_1/new/cnts.xdc:47]
WARNING: [Vivado 12-584] No ports matched 'leds[1]'. [C:/Users/Elwin/Downloads/GameBesje.xpr/GameBesje/GameBesje.srcs/constrs_1/new/cnts.xdc:48]
WARNING: [Vivado 12-584] No ports matched 'leds[0]'. [C:/Users/Elwin/Downloads/GameBesje.xpr/GameBesje/GameBesje.srcs/constrs_1/new/cnts.xdc:49]
WARNING: [Vivado 12-584] No ports matched 'leds[0]'. [C:/Users/Elwin/Downloads/GameBesje.xpr/GameBesje/GameBesje.srcs/constrs_1/new/cnts.xdc:50]
WARNING: [Vivado 12-584] No ports matched 'leds[1]'. [C:/Users/Elwin/Downloads/GameBesje.xpr/GameBesje/GameBesje.srcs/constrs_1/new/cnts.xdc:51]
WARNING: [Vivado 12-584] No ports matched 'leds[2]'. [C:/Users/Elwin/Downloads/GameBesje.xpr/GameBesje/GameBesje.srcs/constrs_1/new/cnts.xdc:52]
WARNING: [Vivado 12-584] No ports matched 'leds[3]'. [C:/Users/Elwin/Downloads/GameBesje.xpr/GameBesje/GameBesje.srcs/constrs_1/new/cnts.xdc:53]
Finished Parsing XDC File [C:/Users/Elwin/Downloads/GameBesje.xpr/GameBesje/GameBesje.srcs/constrs_1/new/cnts.xdc]
WARNING: [Project 1-498] One or more constraints failed evaluation while reading constraint file [C:/Users/Elwin/Downloads/GameBesje.xpr/GameBesje/GameBesje.srcs/constrs_1/new/cnts.xdc] and the design contains unresolved black boxes. These constraints will be read post-synthesis (as long as their source constraint file is marked as used_in_implementation) and should be applied correctly then. You should review the constraints listed in the file [.Xil/top_propImpl.xdc] and check the run log file to verify that these constraints were correctly applied.
Completed Processing XDC Constraints

INFO: [Opt 31-138] Pushed 0 inverter(s) to 0 load pin(s).
Netlist sorting complete. Time (s): cpu = 00:00:00 ; elapsed = 00:00:00.018 . Memory (MB): peak = 2320.375 ; gain = 0.000
INFO: [Project 1-111] Unisim Transformation Summary:
No Unisim elements were transformed.

RTL Elaboration Complete:  : Time (s): cpu = 00:00:38 ; elapsed = 00:00:34 . Memory (MB): peak = 2320.375 ; gain = 93.484
24 Infos, 49 Warnings, 0 Critical Warnings and 0 Errors encountered.
synth_design completed successfully
synth_design: Time (s): cpu = 00:00:38 ; elapsed = 00:00:34 . Memory (MB): peak = 2320.375 ; gain = 93.484
set_property IOSTANDARD LVCMOS33 [get_ports [list avLED]]
set_property IOSTANDARD LVCMOS33 [get_ports [list arrayStart]]
place_ports arrayStart K2
refresh_design
---------------------------------------------------------------------------------
Starting RTL Elaboration : Time (s): cpu = 00:00:04 ; elapsed = 00:00:04 . Memory (MB): peak = 2320.375 ; gain = 0.000
---------------------------------------------------------------------------------
INFO: [Synth 8-638] synthesizing module 'top' [C:/Users/Elwin/Downloads/GameBesje.xpr/GameBesje/GameBesje.srcs/sources_1/new/top.vhd:32]
INFO: [Synth 8-3491] module 'Prescaler25' declared at 'C:/Users/Elwin/Downloads/GameBesje.xpr/GameBesje/.Xil/Vivado-3468-DESKTOP-2II8BHC/realtime/Prescaler25_stub.vhdl:5' bound to instance 'Pre0' of component 'Prescaler25' [C:/Users/Elwin/Downloads/GameBesje.xpr/GameBesje/GameBesje.srcs/sources_1/new/top.vhd:97]
INFO: [Synth 8-638] synthesizing module 'Prescaler25' [C:/Users/Elwin/Downloads/GameBesje.xpr/GameBesje/.Xil/Vivado-3468-DESKTOP-2II8BHC/realtime/Prescaler25_stub.vhdl:14]
INFO: [Synth 8-3491] module 'sprites' declared at 'C:/Users/Elwin/Downloads/GameBesje.xpr/GameBesje/GameBesje.srcs/sources_1/new/sprites.vhd:17' bound to instance 'SP0' of component 'sprites' [C:/Users/Elwin/Downloads/GameBesje.xpr/GameBesje/GameBesje.srcs/sources_1/new/top.vhd:103]
INFO: [Synth 8-638] synthesizing module 'sprites' [C:/Users/Elwin/Downloads/GameBesje.xpr/GameBesje/GameBesje.srcs/sources_1/new/sprites.vhd:32]
WARNING: [Synth 8-614] signal 'enSig' is read in the process but is not in the sensitivity list [C:/Users/Elwin/Downloads/GameBesje.xpr/GameBesje/GameBesje.srcs/sources_1/new/sprites.vhd:39]
WARNING: [Synth 8-6014] Unused sequential element s_reg was removed.  [C:/Users/Elwin/Downloads/GameBesje.xpr/GameBesje/GameBesje.srcs/sources_1/new/sprites.vhd:54]
WARNING: [Synth 8-3848] Net enArrayOut in module/entity sprites does not have driver. [C:/Users/Elwin/Downloads/GameBesje.xpr/GameBesje/GameBesje.srcs/sources_1/new/sprites.vhd:27]
INFO: [Synth 8-256] done synthesizing module 'sprites' (1#1) [C:/Users/Elwin/Downloads/GameBesje.xpr/GameBesje/GameBesje.srcs/sources_1/new/sprites.vhd:32]
INFO: [Synth 8-3491] module 'UART_rx' declared at 'C:/Users/Elwin/Downloads/GameBesje.xpr/GameBesje/GameBesje.srcs/sources_1/imports/Downloads/UART_rx.vhd:7' bound to instance 'receiver' of component 'UART_rx' [C:/Users/Elwin/Downloads/GameBesje.xpr/GameBesje/GameBesje.srcs/sources_1/new/top.vhd:127]
INFO: [Synth 8-638] synthesizing module 'UART_rx' [C:/Users/Elwin/Downloads/GameBesje.xpr/GameBesje/GameBesje.srcs/sources_1/imports/Downloads/UART_rx.vhd:24]
	Parameter BAUD_X16_CLK_TICKS bound to: 54 - type: integer 
INFO: [Synth 8-226] default block is never used [C:/Users/Elwin/Downloads/GameBesje.xpr/GameBesje/GameBesje.srcs/sources_1/imports/Downloads/UART_rx.vhd:80]
WARNING: [Synth 8-3848] Net avSig in module/entity UART_rx does not have driver. [C:/Users/Elwin/Downloads/GameBesje.xpr/GameBesje/GameBesje.srcs/sources_1/imports/Downloads/UART_rx.vhd:16]
WARNING: [Synth 8-3848] Net rx_audio_out in module/entity UART_rx does not have driver. [C:/Users/Elwin/Downloads/GameBesje.xpr/GameBesje/GameBesje.srcs/sources_1/imports/Downloads/UART_rx.vhd:18]
INFO: [Synth 8-256] done synthesizing module 'UART_rx' (2#1) [C:/Users/Elwin/Downloads/GameBesje.xpr/GameBesje/GameBesje.srcs/sources_1/imports/Downloads/UART_rx.vhd:24]
INFO: [Synth 8-3491] module 'VGA' declared at 'C:/Users/Elwin/Downloads/GameBesje.xpr/GameBesje/GameBesje.srcs/sources_1/imports/Week 5 + 6 - Bounching Square - Ball/vga.vhd:17' bound to instance 'VGA0' of component 'VGA' [C:/Users/Elwin/Downloads/GameBesje.xpr/GameBesje/GameBesje.srcs/sources_1/new/top.vhd:138]
INFO: [Synth 8-638] synthesizing module 'VGA' [C:/Users/Elwin/Downloads/GameBesje.xpr/GameBesje/GameBesje.srcs/sources_1/imports/Week 5 + 6 - Bounching Square - Ball/vga.vhd:28]
WARNING: [Synth 8-614] signal 'reset' is read in the process but is not in the sensitivity list [C:/Users/Elwin/Downloads/GameBesje.xpr/GameBesje/GameBesje.srcs/sources_1/imports/Week 5 + 6 - Bounching Square - Ball/vga.vhd:1333]
WARNING: [Synth 8-6014] Unused sequential element tempX_reg was removed.  [C:/Users/Elwin/Downloads/GameBesje.xpr/GameBesje/GameBesje.srcs/sources_1/imports/Week 5 + 6 - Bounching Square - Ball/vga.vhd:1351]
WARNING: [Synth 8-6014] Unused sequential element tempY_reg was removed.  [C:/Users/Elwin/Downloads/GameBesje.xpr/GameBesje/GameBesje.srcs/sources_1/imports/Week 5 + 6 - Bounching Square - Ball/vga.vhd:1352]
WARNING: [Synth 8-6014] Unused sequential element code_reg was removed.  [C:/Users/Elwin/Downloads/GameBesje.xpr/GameBesje/GameBesje.srcs/sources_1/imports/Week 5 + 6 - Bounching Square - Ball/vga.vhd:1356]
WARNING: [Synth 8-6014] Unused sequential element ColoursIn_reg was removed.  [C:/Users/Elwin/Downloads/GameBesje.xpr/GameBesje/GameBesje.srcs/sources_1/imports/Week 5 + 6 - Bounching Square - Ball/vga.vhd:1360]
INFO: [Synth 8-256] done synthesizing module 'VGA' (3#1) [C:/Users/Elwin/Downloads/GameBesje.xpr/GameBesje/GameBesje.srcs/sources_1/imports/Week 5 + 6 - Bounching Square - Ball/vga.vhd:28]
WARNING: [Synth 8-3848] Net tmp_en in module/entity top does not have driver. [C:/Users/Elwin/Downloads/GameBesje.xpr/GameBesje/GameBesje.srcs/sources_1/new/top.vhd:87]
INFO: [Synth 8-256] done synthesizing module 'top' (4#1) [C:/Users/Elwin/Downloads/GameBesje.xpr/GameBesje/GameBesje.srcs/sources_1/new/top.vhd:32]
WARNING: [Synth 8-3331] design UART_rx has unconnected port avSig
WARNING: [Synth 8-3331] design UART_rx has unconnected port rx_audio_out[6]
WARNING: [Synth 8-3331] design UART_rx has unconnected port rx_audio_out[5]
WARNING: [Synth 8-3331] design UART_rx has unconnected port rx_audio_out[4]
WARNING: [Synth 8-3331] design UART_rx has unconnected port rx_audio_out[3]
WARNING: [Synth 8-3331] design UART_rx has unconnected port rx_audio_out[2]
WARNING: [Synth 8-3331] design UART_rx has unconnected port rx_audio_out[1]
WARNING: [Synth 8-3331] design UART_rx has unconnected port rx_audio_out[0]
WARNING: [Synth 8-3331] design sprites has unconnected port enArrayOut
WARNING: [Synth 8-3331] design sprites has unconnected port reset
WARNING: [Synth 8-3331] design sprites has unconnected port enable
WARNING: [Synth 8-3331] design sprites has unconnected port b1
WARNING: [Synth 8-3331] design sprites has unconnected port b2
---------------------------------------------------------------------------------
Finished RTL Elaboration : Time (s): cpu = 00:00:14 ; elapsed = 00:00:14 . Memory (MB): peak = 2421.391 ; gain = 101.016
---------------------------------------------------------------------------------

Report Check Netlist: 
+------+------------------+-------+---------+-------+------------------+
|      |Item              |Errors |Warnings |Status |Description       |
+------+------------------+-------+---------+-------+------------------+
|1     |multi_driven_nets |      0|        0|Passed |Multi driven nets |
+------+------------------+-------+---------+-------+------------------+
---------------------------------------------------------------------------------
Start Handling Custom Attributes
---------------------------------------------------------------------------------
---------------------------------------------------------------------------------
Finished Handling Custom Attributes : Time (s): cpu = 00:00:16 ; elapsed = 00:00:16 . Memory (MB): peak = 2445.203 ; gain = 124.828
---------------------------------------------------------------------------------
---------------------------------------------------------------------------------
Finished RTL Optimization Phase 1 : Time (s): cpu = 00:00:16 ; elapsed = 00:00:16 . Memory (MB): peak = 2445.203 ; gain = 124.828
---------------------------------------------------------------------------------
INFO: [Project 1-454] Reading design checkpoint 'c:/Users/Elwin/Downloads/GameBesje.xpr/GameBesje/GameBesje.srcs/sources_1/ip/Prescaler25/Prescaler25.dcp' for cell 'Pre0'
INFO: [Netlist 29-17] Analyzing 1 Unisim elements for replacement
INFO: [Netlist 29-28] Unisim Transformation completed in 0 CPU seconds
INFO: [Project 1-479] Netlist was created with Vivado 2019.1
INFO: [Project 1-570] Preparing netlist for logic optimization
INFO: [Opt 31-140] Inserted 1 IBUFs to IO ports without IO buffers.
INFO: [Opt 31-141] Inserted 1 OBUFs to IO ports without IO buffers.

Processing XDC Constraints
Initializing timing engine
Parsing XDC File [c:/Users/Elwin/Downloads/GameBesje.xpr/GameBesje/GameBesje.srcs/sources_1/ip/Prescaler25/Prescaler25_board.xdc] for cell 'Pre0/inst'
Finished Parsing XDC File [c:/Users/Elwin/Downloads/GameBesje.xpr/GameBesje/GameBesje.srcs/sources_1/ip/Prescaler25/Prescaler25_board.xdc] for cell 'Pre0/inst'
Parsing XDC File [c:/Users/Elwin/Downloads/GameBesje.xpr/GameBesje/GameBesje.srcs/sources_1/ip/Prescaler25/Prescaler25.xdc] for cell 'Pre0/inst'
Finished Parsing XDC File [c:/Users/Elwin/Downloads/GameBesje.xpr/GameBesje/GameBesje.srcs/sources_1/ip/Prescaler25/Prescaler25.xdc] for cell 'Pre0/inst'
INFO: [Project 1-236] Implementation specific constraints were found while reading constraint file [c:/Users/Elwin/Downloads/GameBesje.xpr/GameBesje/GameBesje.srcs/sources_1/ip/Prescaler25/Prescaler25.xdc]. These constraints will be ignored for synthesis but will be used in implementation. Impacted constraints are listed in the file [.Xil/top_propImpl.xdc].
Resolution: To avoid this warning, move constraints listed in [.Xil/top_propImpl.xdc] to another XDC file and exclude this new file from synthesis with the used_in_synthesis property (File Properties dialog in GUI) and re-run elaboration/synthesis.
INFO: [Timing 38-2] Deriving generated clocks
Parsing XDC File [C:/Users/Elwin/Downloads/GameBesje.xpr/GameBesje/GameBesje.srcs/constrs_1/new/cnts.xdc]
WARNING: [Vivado 12-584] No ports matched 'data_out[0]'. [C:/Users/Elwin/Downloads/GameBesje.xpr/GameBesje/GameBesje.srcs/constrs_1/new/cnts.xdc:24]
WARNING: [Vivado 12-584] No ports matched 'data_out[1]'. [C:/Users/Elwin/Downloads/GameBesje.xpr/GameBesje/GameBesje.srcs/constrs_1/new/cnts.xdc:25]
WARNING: [Vivado 12-584] No ports matched 'data_out[2]'. [C:/Users/Elwin/Downloads/GameBesje.xpr/GameBesje/GameBesje.srcs/constrs_1/new/cnts.xdc:26]
WARNING: [Vivado 12-584] No ports matched 'data_out[3]'. [C:/Users/Elwin/Downloads/GameBesje.xpr/GameBesje/GameBesje.srcs/constrs_1/new/cnts.xdc:27]
WARNING: [Vivado 12-584] No ports matched 'data_out[4]'. [C:/Users/Elwin/Downloads/GameBesje.xpr/GameBesje/GameBesje.srcs/constrs_1/new/cnts.xdc:28]
WARNING: [Vivado 12-584] No ports matched 'data_out[5]'. [C:/Users/Elwin/Downloads/GameBesje.xpr/GameBesje/GameBesje.srcs/constrs_1/new/cnts.xdc:29]
WARNING: [Vivado 12-584] No ports matched 'data_out[6]'. [C:/Users/Elwin/Downloads/GameBesje.xpr/GameBesje/GameBesje.srcs/constrs_1/new/cnts.xdc:30]
WARNING: [Vivado 12-584] No ports matched 'data_out[7]'. [C:/Users/Elwin/Downloads/GameBesje.xpr/GameBesje/GameBesje.srcs/constrs_1/new/cnts.xdc:31]
WARNING: [Vivado 12-584] No ports matched 'data_out[7]'. [C:/Users/Elwin/Downloads/GameBesje.xpr/GameBesje/GameBesje.srcs/constrs_1/new/cnts.xdc:32]
WARNING: [Vivado 12-584] No ports matched 'data_out[0]'. [C:/Users/Elwin/Downloads/GameBesje.xpr/GameBesje/GameBesje.srcs/constrs_1/new/cnts.xdc:33]
WARNING: [Vivado 12-584] No ports matched 'data_out[1]'. [C:/Users/Elwin/Downloads/GameBesje.xpr/GameBesje/GameBesje.srcs/constrs_1/new/cnts.xdc:34]
WARNING: [Vivado 12-584] No ports matched 'data_out[2]'. [C:/Users/Elwin/Downloads/GameBesje.xpr/GameBesje/GameBesje.srcs/constrs_1/new/cnts.xdc:35]
WARNING: [Vivado 12-584] No ports matched 'data_out[3]'. [C:/Users/Elwin/Downloads/GameBesje.xpr/GameBesje/GameBesje.srcs/constrs_1/new/cnts.xdc:36]
WARNING: [Vivado 12-584] No ports matched 'data_out[4]'. [C:/Users/Elwin/Downloads/GameBesje.xpr/GameBesje/GameBesje.srcs/constrs_1/new/cnts.xdc:37]
WARNING: [Vivado 12-584] No ports matched 'data_out[5]'. [C:/Users/Elwin/Downloads/GameBesje.xpr/GameBesje/GameBesje.srcs/constrs_1/new/cnts.xdc:38]
WARNING: [Vivado 12-584] No ports matched 'data_out[6]'. [C:/Users/Elwin/Downloads/GameBesje.xpr/GameBesje/GameBesje.srcs/constrs_1/new/cnts.xdc:39]
WARNING: [Vivado 12-584] No ports matched 'leds[3]'. [C:/Users/Elwin/Downloads/GameBesje.xpr/GameBesje/GameBesje.srcs/constrs_1/new/cnts.xdc:46]
WARNING: [Vivado 12-584] No ports matched 'leds[2]'. [C:/Users/Elwin/Downloads/GameBesje.xpr/GameBesje/GameBesje.srcs/constrs_1/new/cnts.xdc:47]
WARNING: [Vivado 12-584] No ports matched 'leds[1]'. [C:/Users/Elwin/Downloads/GameBesje.xpr/GameBesje/GameBesje.srcs/constrs_1/new/cnts.xdc:48]
WARNING: [Vivado 12-584] No ports matched 'leds[0]'. [C:/Users/Elwin/Downloads/GameBesje.xpr/GameBesje/GameBesje.srcs/constrs_1/new/cnts.xdc:49]
WARNING: [Vivado 12-584] No ports matched 'leds[0]'. [C:/Users/Elwin/Downloads/GameBesje.xpr/GameBesje/GameBesje.srcs/constrs_1/new/cnts.xdc:50]
WARNING: [Vivado 12-584] No ports matched 'leds[1]'. [C:/Users/Elwin/Downloads/GameBesje.xpr/GameBesje/GameBesje.srcs/constrs_1/new/cnts.xdc:51]
WARNING: [Vivado 12-584] No ports matched 'leds[2]'. [C:/Users/Elwin/Downloads/GameBesje.xpr/GameBesje/GameBesje.srcs/constrs_1/new/cnts.xdc:52]
WARNING: [Vivado 12-584] No ports matched 'leds[3]'. [C:/Users/Elwin/Downloads/GameBesje.xpr/GameBesje/GameBesje.srcs/constrs_1/new/cnts.xdc:53]
Finished Parsing XDC File [C:/Users/Elwin/Downloads/GameBesje.xpr/GameBesje/GameBesje.srcs/constrs_1/new/cnts.xdc]
WARNING: [Project 1-498] One or more constraints failed evaluation while reading constraint file [C:/Users/Elwin/Downloads/GameBesje.xpr/GameBesje/GameBesje.srcs/constrs_1/new/cnts.xdc] and the design contains unresolved black boxes. These constraints will be read post-synthesis (as long as their source constraint file is marked as used_in_implementation) and should be applied correctly then. You should review the constraints listed in the file [.Xil/top_propImpl.xdc] and check the run log file to verify that these constraints were correctly applied.
Completed Processing XDC Constraints

INFO: [Opt 31-140] Inserted 1 IBUFs to IO ports without IO buffers.
INFO: [Opt 31-138] Pushed 0 inverter(s) to 0 load pin(s).
refresh_design: Time (s): cpu = 00:00:44 ; elapsed = 00:00:38 . Memory (MB): peak = 2538.910 ; gain = 218.535
reset_run synth_1
launch_runs impl_1 -to_step write_bitstream -jobs 4
[Thu Apr  7 17:38:15 2022] Launched synth_1...
Run output will be captured here: C:/Users/Elwin/Downloads/GameBesje.xpr/GameBesje/GameBesje.runs/synth_1/runme.log
[Thu Apr  7 17:38:15 2022] Launched impl_1...
Run output will be captured here: C:/Users/Elwin/Downloads/GameBesje.xpr/GameBesje/GameBesje.runs/impl_1/runme.log
reset_run impl_1 -prev_step 
launch_runs impl_1 -to_step write_bitstream -jobs 4
[Thu Apr  7 17:51:51 2022] Launched impl_1...
Run output will be captured here: C:/Users/Elwin/Downloads/GameBesje.xpr/GameBesje/GameBesje.runs/impl_1/runme.log
close_design
open_run synth_1 -name synth_1
Design is defaulting to impl run constrset: constrs_1
Design is defaulting to synth run part: xc7a35tcpg236-1
INFO: [Project 1-454] Reading design checkpoint 'c:/Users/Elwin/Downloads/GameBesje.xpr/GameBesje/GameBesje.srcs/sources_1/ip/Prescaler25/Prescaler25.dcp' for cell 'Pre0'
INFO: [Netlist 29-17] Analyzing 838 Unisim elements for replacement
INFO: [Netlist 29-28] Unisim Transformation completed in 0 CPU seconds
WARNING: [Netlist 29-101] Netlist 'top' is not ideal for floorplanning, since the cellview 'sprites' contains a large number of primitives.  Please consider enabling hierarchy in synthesis if you want to do floorplanning.
INFO: [Project 1-479] Netlist was created with Vivado 2019.1
INFO: [Project 1-570] Preparing netlist for logic optimization
WARNING: [Opt 31-35] Removing redundant IBUF, Pre0/inst/clkin1_ibufg, from the path connected to top-level port: clk 
Resolution: The tool has removed redundant IBUF. To resolve this warning, check for redundant IBUF in the input design.
WARNING: [Constraints 18-550] Could not create 'IBUF_LOW_PWR' constraint because net 'Pre0/clk_in1' is not directly connected to top level port. Synthesis is ignored for IBUF_LOW_PWR but preserved for implementation.
Parsing XDC File [c:/Users/Elwin/Downloads/GameBesje.xpr/GameBesje/GameBesje.srcs/sources_1/ip/Prescaler25/Prescaler25_board.xdc] for cell 'Pre0/inst'
Finished Parsing XDC File [c:/Users/Elwin/Downloads/GameBesje.xpr/GameBesje/GameBesje.srcs/sources_1/ip/Prescaler25/Prescaler25_board.xdc] for cell 'Pre0/inst'
Parsing XDC File [c:/Users/Elwin/Downloads/GameBesje.xpr/GameBesje/GameBesje.srcs/sources_1/ip/Prescaler25/Prescaler25.xdc] for cell 'Pre0/inst'
INFO: [Timing 38-35] Done setting XDC timing constraints. [c:/Users/Elwin/Downloads/GameBesje.xpr/GameBesje/GameBesje.srcs/sources_1/ip/Prescaler25/Prescaler25.xdc:57]
INFO: [Timing 38-2] Deriving generated clocks [c:/Users/Elwin/Downloads/GameBesje.xpr/GameBesje/GameBesje.srcs/sources_1/ip/Prescaler25/Prescaler25.xdc:57]
Finished Parsing XDC File [c:/Users/Elwin/Downloads/GameBesje.xpr/GameBesje/GameBesje.srcs/sources_1/ip/Prescaler25/Prescaler25.xdc] for cell 'Pre0/inst'
Parsing XDC File [C:/Users/Elwin/Downloads/GameBesje.xpr/GameBesje/GameBesje.srcs/constrs_1/new/cnts.xdc]
WARNING: [Vivado 12-584] No ports matched 'data_out[0]'. [C:/Users/Elwin/Downloads/GameBesje.xpr/GameBesje/GameBesje.srcs/constrs_1/new/cnts.xdc:24]
CRITICAL WARNING: [Common 17-55] 'set_property' expects at least one object. [C:/Users/Elwin/Downloads/GameBesje.xpr/GameBesje/GameBesje.srcs/constrs_1/new/cnts.xdc:24]
Resolution: If [get_<value>] was used to populate the object, check to make sure this command returns at least one valid object.
WARNING: [Vivado 12-584] No ports matched 'data_out[1]'. [C:/Users/Elwin/Downloads/GameBesje.xpr/GameBesje/GameBesje.srcs/constrs_1/new/cnts.xdc:25]
CRITICAL WARNING: [Common 17-55] 'set_property' expects at least one object. [C:/Users/Elwin/Downloads/GameBesje.xpr/GameBesje/GameBesje.srcs/constrs_1/new/cnts.xdc:25]
Resolution: If [get_<value>] was used to populate the object, check to make sure this command returns at least one valid object.
WARNING: [Vivado 12-584] No ports matched 'data_out[2]'. [C:/Users/Elwin/Downloads/GameBesje.xpr/GameBesje/GameBesje.srcs/constrs_1/new/cnts.xdc:26]
CRITICAL WARNING: [Common 17-55] 'set_property' expects at least one object. [C:/Users/Elwin/Downloads/GameBesje.xpr/GameBesje/GameBesje.srcs/constrs_1/new/cnts.xdc:26]
Resolution: If [get_<value>] was used to populate the object, check to make sure this command returns at least one valid object.
WARNING: [Vivado 12-584] No ports matched 'data_out[3]'. [C:/Users/Elwin/Downloads/GameBesje.xpr/GameBesje/GameBesje.srcs/constrs_1/new/cnts.xdc:27]
CRITICAL WARNING: [Common 17-55] 'set_property' expects at least one object. [C:/Users/Elwin/Downloads/GameBesje.xpr/GameBesje/GameBesje.srcs/constrs_1/new/cnts.xdc:27]
Resolution: If [get_<value>] was used to populate the object, check to make sure this command returns at least one valid object.
WARNING: [Vivado 12-584] No ports matched 'data_out[4]'. [C:/Users/Elwin/Downloads/GameBesje.xpr/GameBesje/GameBesje.srcs/constrs_1/new/cnts.xdc:28]
CRITICAL WARNING: [Common 17-55] 'set_property' expects at least one object. [C:/Users/Elwin/Downloads/GameBesje.xpr/GameBesje/GameBesje.srcs/constrs_1/new/cnts.xdc:28]
Resolution: If [get_<value>] was used to populate the object, check to make sure this command returns at least one valid object.
WARNING: [Vivado 12-584] No ports matched 'data_out[5]'. [C:/Users/Elwin/Downloads/GameBesje.xpr/GameBesje/GameBesje.srcs/constrs_1/new/cnts.xdc:29]
CRITICAL WARNING: [Common 17-55] 'set_property' expects at least one object. [C:/Users/Elwin/Downloads/GameBesje.xpr/GameBesje/GameBesje.srcs/constrs_1/new/cnts.xdc:29]
Resolution: If [get_<value>] was used to populate the object, check to make sure this command returns at least one valid object.
WARNING: [Vivado 12-584] No ports matched 'data_out[6]'. [C:/Users/Elwin/Downloads/GameBesje.xpr/GameBesje/GameBesje.srcs/constrs_1/new/cnts.xdc:30]
CRITICAL WARNING: [Common 17-55] 'set_property' expects at least one object. [C:/Users/Elwin/Downloads/GameBesje.xpr/GameBesje/GameBesje.srcs/constrs_1/new/cnts.xdc:30]
Resolution: If [get_<value>] was used to populate the object, check to make sure this command returns at least one valid object.
WARNING: [Vivado 12-584] No ports matched 'data_out[7]'. [C:/Users/Elwin/Downloads/GameBesje.xpr/GameBesje/GameBesje.srcs/constrs_1/new/cnts.xdc:31]
CRITICAL WARNING: [Common 17-55] 'set_property' expects at least one object. [C:/Users/Elwin/Downloads/GameBesje.xpr/GameBesje/GameBesje.srcs/constrs_1/new/cnts.xdc:31]
Resolution: If [get_<value>] was used to populate the object, check to make sure this command returns at least one valid object.
WARNING: [Vivado 12-584] No ports matched 'data_out[7]'. [C:/Users/Elwin/Downloads/GameBesje.xpr/GameBesje/GameBesje.srcs/constrs_1/new/cnts.xdc:32]
CRITICAL WARNING: [Common 17-55] 'set_property' expects at least one object. [C:/Users/Elwin/Downloads/GameBesje.xpr/GameBesje/GameBesje.srcs/constrs_1/new/cnts.xdc:32]
Resolution: If [get_<value>] was used to populate the object, check to make sure this command returns at least one valid object.
WARNING: [Vivado 12-584] No ports matched 'data_out[0]'. [C:/Users/Elwin/Downloads/GameBesje.xpr/GameBesje/GameBesje.srcs/constrs_1/new/cnts.xdc:33]
CRITICAL WARNING: [Common 17-55] 'set_property' expects at least one object. [C:/Users/Elwin/Downloads/GameBesje.xpr/GameBesje/GameBesje.srcs/constrs_1/new/cnts.xdc:33]
Resolution: If [get_<value>] was used to populate the object, check to make sure this command returns at least one valid object.
WARNING: [Vivado 12-584] No ports matched 'data_out[1]'. [C:/Users/Elwin/Downloads/GameBesje.xpr/GameBesje/GameBesje.srcs/constrs_1/new/cnts.xdc:34]
CRITICAL WARNING: [Common 17-55] 'set_property' expects at least one object. [C:/Users/Elwin/Downloads/GameBesje.xpr/GameBesje/GameBesje.srcs/constrs_1/new/cnts.xdc:34]
Resolution: If [get_<value>] was used to populate the object, check to make sure this command returns at least one valid object.
WARNING: [Vivado 12-584] No ports matched 'data_out[2]'. [C:/Users/Elwin/Downloads/GameBesje.xpr/GameBesje/GameBesje.srcs/constrs_1/new/cnts.xdc:35]
CRITICAL WARNING: [Common 17-55] 'set_property' expects at least one object. [C:/Users/Elwin/Downloads/GameBesje.xpr/GameBesje/GameBesje.srcs/constrs_1/new/cnts.xdc:35]
Resolution: If [get_<value>] was used to populate the object, check to make sure this command returns at least one valid object.
WARNING: [Vivado 12-584] No ports matched 'data_out[3]'. [C:/Users/Elwin/Downloads/GameBesje.xpr/GameBesje/GameBesje.srcs/constrs_1/new/cnts.xdc:36]
CRITICAL WARNING: [Common 17-55] 'set_property' expects at least one object. [C:/Users/Elwin/Downloads/GameBesje.xpr/GameBesje/GameBesje.srcs/constrs_1/new/cnts.xdc:36]
Resolution: If [get_<value>] was used to populate the object, check to make sure this command returns at least one valid object.
WARNING: [Vivado 12-584] No ports matched 'data_out[4]'. [C:/Users/Elwin/Downloads/GameBesje.xpr/GameBesje/GameBesje.srcs/constrs_1/new/cnts.xdc:37]
CRITICAL WARNING: [Common 17-55] 'set_property' expects at least one object. [C:/Users/Elwin/Downloads/GameBesje.xpr/GameBesje/GameBesje.srcs/constrs_1/new/cnts.xdc:37]
Resolution: If [get_<value>] was used to populate the object, check to make sure this command returns at least one valid object.
WARNING: [Vivado 12-584] No ports matched 'data_out[5]'. [C:/Users/Elwin/Downloads/GameBesje.xpr/GameBesje/GameBesje.srcs/constrs_1/new/cnts.xdc:38]
CRITICAL WARNING: [Common 17-55] 'set_property' expects at least one object. [C:/Users/Elwin/Downloads/GameBesje.xpr/GameBesje/GameBesje.srcs/constrs_1/new/cnts.xdc:38]
Resolution: If [get_<value>] was used to populate the object, check to make sure this command returns at least one valid object.
WARNING: [Vivado 12-584] No ports matched 'data_out[6]'. [C:/Users/Elwin/Downloads/GameBesje.xpr/GameBesje/GameBesje.srcs/constrs_1/new/cnts.xdc:39]
CRITICAL WARNING: [Common 17-55] 'set_property' expects at least one object. [C:/Users/Elwin/Downloads/GameBesje.xpr/GameBesje/GameBesje.srcs/constrs_1/new/cnts.xdc:39]
Resolution: If [get_<value>] was used to populate the object, check to make sure this command returns at least one valid object.
WARNING: [Vivado 12-584] No ports matched 'leds[3]'. [C:/Users/Elwin/Downloads/GameBesje.xpr/GameBesje/GameBesje.srcs/constrs_1/new/cnts.xdc:46]
CRITICAL WARNING: [Common 17-55] 'set_property' expects at least one object. [C:/Users/Elwin/Downloads/GameBesje.xpr/GameBesje/GameBesje.srcs/constrs_1/new/cnts.xdc:46]
Resolution: If [get_<value>] was used to populate the object, check to make sure this command returns at least one valid object.
WARNING: [Vivado 12-584] No ports matched 'leds[2]'. [C:/Users/Elwin/Downloads/GameBesje.xpr/GameBesje/GameBesje.srcs/constrs_1/new/cnts.xdc:47]
CRITICAL WARNING: [Common 17-55] 'set_property' expects at least one object. [C:/Users/Elwin/Downloads/GameBesje.xpr/GameBesje/GameBesje.srcs/constrs_1/new/cnts.xdc:47]
Resolution: If [get_<value>] was used to populate the object, check to make sure this command returns at least one valid object.
WARNING: [Vivado 12-584] No ports matched 'leds[1]'. [C:/Users/Elwin/Downloads/GameBesje.xpr/GameBesje/GameBesje.srcs/constrs_1/new/cnts.xdc:48]
CRITICAL WARNING: [Common 17-55] 'set_property' expects at least one object. [C:/Users/Elwin/Downloads/GameBesje.xpr/GameBesje/GameBesje.srcs/constrs_1/new/cnts.xdc:48]
Resolution: If [get_<value>] was used to populate the object, check to make sure this command returns at least one valid object.
WARNING: [Vivado 12-584] No ports matched 'leds[0]'. [C:/Users/Elwin/Downloads/GameBesje.xpr/GameBesje/GameBesje.srcs/constrs_1/new/cnts.xdc:49]
CRITICAL WARNING: [Common 17-55] 'set_property' expects at least one object. [C:/Users/Elwin/Downloads/GameBesje.xpr/GameBesje/GameBesje.srcs/constrs_1/new/cnts.xdc:49]
Resolution: If [get_<value>] was used to populate the object, check to make sure this command returns at least one valid object.
WARNING: [Vivado 12-584] No ports matched 'leds[0]'. [C:/Users/Elwin/Downloads/GameBesje.xpr/GameBesje/GameBesje.srcs/constrs_1/new/cnts.xdc:50]
CRITICAL WARNING: [Common 17-55] 'set_property' expects at least one object. [C:/Users/Elwin/Downloads/GameBesje.xpr/GameBesje/GameBesje.srcs/constrs_1/new/cnts.xdc:50]
Resolution: If [get_<value>] was used to populate the object, check to make sure this command returns at least one valid object.
WARNING: [Vivado 12-584] No ports matched 'leds[1]'. [C:/Users/Elwin/Downloads/GameBesje.xpr/GameBesje/GameBesje.srcs/constrs_1/new/cnts.xdc:51]
CRITICAL WARNING: [Common 17-55] 'set_property' expects at least one object. [C:/Users/Elwin/Downloads/GameBesje.xpr/GameBesje/GameBesje.srcs/constrs_1/new/cnts.xdc:51]
Resolution: If [get_<value>] was used to populate the object, check to make sure this command returns at least one valid object.
WARNING: [Vivado 12-584] No ports matched 'leds[2]'. [C:/Users/Elwin/Downloads/GameBesje.xpr/GameBesje/GameBesje.srcs/constrs_1/new/cnts.xdc:52]
CRITICAL WARNING: [Common 17-55] 'set_property' expects at least one object. [C:/Users/Elwin/Downloads/GameBesje.xpr/GameBesje/GameBesje.srcs/constrs_1/new/cnts.xdc:52]
Resolution: If [get_<value>] was used to populate the object, check to make sure this command returns at least one valid object.
WARNING: [Vivado 12-584] No ports matched 'leds[3]'. [C:/Users/Elwin/Downloads/GameBesje.xpr/GameBesje/GameBesje.srcs/constrs_1/new/cnts.xdc:53]
CRITICAL WARNING: [Common 17-55] 'set_property' expects at least one object. [C:/Users/Elwin/Downloads/GameBesje.xpr/GameBesje/GameBesje.srcs/constrs_1/new/cnts.xdc:53]
Resolution: If [get_<value>] was used to populate the object, check to make sure this command returns at least one valid object.
Finished Parsing XDC File [C:/Users/Elwin/Downloads/GameBesje.xpr/GameBesje/GameBesje.srcs/constrs_1/new/cnts.xdc]
INFO: [Opt 31-138] Pushed 0 inverter(s) to 0 load pin(s).
Netlist sorting complete. Time (s): cpu = 00:00:00 ; elapsed = 00:00:00.005 . Memory (MB): peak = 2672.672 ; gain = 0.000
INFO: [Project 1-111] Unisim Transformation Summary:
No Unisim elements were transformed.

open_run: Time (s): cpu = 00:00:08 ; elapsed = 00:00:06 . Memory (MB): peak = 2672.672 ; gain = 42.410
close_design
synth_design -rtl -name rtl_1
Command: synth_design -rtl -name rtl_1
Starting synth_design
Using part: xc7a35tcpg236-1
Top: top
---------------------------------------------------------------------------------
Starting RTL Elaboration : Time (s): cpu = 00:00:05 ; elapsed = 00:00:05 . Memory (MB): peak = 2857.629 ; gain = 0.000
---------------------------------------------------------------------------------
INFO: [Synth 8-638] synthesizing module 'top' [C:/Users/Elwin/Downloads/GameBesje.xpr/GameBesje/GameBesje.srcs/sources_1/new/top.vhd:32]
INFO: [Synth 8-3491] module 'Prescaler25' declared at 'C:/Users/Elwin/Downloads/GameBesje.xpr/GameBesje/.Xil/Vivado-3468-DESKTOP-2II8BHC/realtime/Prescaler25_stub.vhdl:5' bound to instance 'Pre0' of component 'Prescaler25' [C:/Users/Elwin/Downloads/GameBesje.xpr/GameBesje/GameBesje.srcs/sources_1/new/top.vhd:97]
INFO: [Synth 8-638] synthesizing module 'Prescaler25' [C:/Users/Elwin/Downloads/GameBesje.xpr/GameBesje/.Xil/Vivado-3468-DESKTOP-2II8BHC/realtime/Prescaler25_stub.vhdl:14]
INFO: [Synth 8-3491] module 'sprites' declared at 'C:/Users/Elwin/Downloads/GameBesje.xpr/GameBesje/GameBesje.srcs/sources_1/new/sprites.vhd:17' bound to instance 'SP0' of component 'sprites' [C:/Users/Elwin/Downloads/GameBesje.xpr/GameBesje/GameBesje.srcs/sources_1/new/top.vhd:103]
INFO: [Synth 8-638] synthesizing module 'sprites' [C:/Users/Elwin/Downloads/GameBesje.xpr/GameBesje/GameBesje.srcs/sources_1/new/sprites.vhd:32]
WARNING: [Synth 8-614] signal 'enSig' is read in the process but is not in the sensitivity list [C:/Users/Elwin/Downloads/GameBesje.xpr/GameBesje/GameBesje.srcs/sources_1/new/sprites.vhd:39]
WARNING: [Synth 8-6014] Unused sequential element s_reg was removed.  [C:/Users/Elwin/Downloads/GameBesje.xpr/GameBesje/GameBesje.srcs/sources_1/new/sprites.vhd:54]
WARNING: [Synth 8-3848] Net enArrayOut in module/entity sprites does not have driver. [C:/Users/Elwin/Downloads/GameBesje.xpr/GameBesje/GameBesje.srcs/sources_1/new/sprites.vhd:27]
INFO: [Synth 8-256] done synthesizing module 'sprites' (1#1) [C:/Users/Elwin/Downloads/GameBesje.xpr/GameBesje/GameBesje.srcs/sources_1/new/sprites.vhd:32]
INFO: [Synth 8-3491] module 'UART_rx' declared at 'C:/Users/Elwin/Downloads/GameBesje.xpr/GameBesje/GameBesje.srcs/sources_1/imports/Downloads/UART_rx.vhd:7' bound to instance 'receiver' of component 'UART_rx' [C:/Users/Elwin/Downloads/GameBesje.xpr/GameBesje/GameBesje.srcs/sources_1/new/top.vhd:127]
INFO: [Synth 8-638] synthesizing module 'UART_rx' [C:/Users/Elwin/Downloads/GameBesje.xpr/GameBesje/GameBesje.srcs/sources_1/imports/Downloads/UART_rx.vhd:24]
	Parameter BAUD_X16_CLK_TICKS bound to: 54 - type: integer 
INFO: [Synth 8-226] default block is never used [C:/Users/Elwin/Downloads/GameBesje.xpr/GameBesje/GameBesje.srcs/sources_1/imports/Downloads/UART_rx.vhd:80]
WARNING: [Synth 8-3848] Net avSig in module/entity UART_rx does not have driver. [C:/Users/Elwin/Downloads/GameBesje.xpr/GameBesje/GameBesje.srcs/sources_1/imports/Downloads/UART_rx.vhd:16]
WARNING: [Synth 8-3848] Net rx_audio_out in module/entity UART_rx does not have driver. [C:/Users/Elwin/Downloads/GameBesje.xpr/GameBesje/GameBesje.srcs/sources_1/imports/Downloads/UART_rx.vhd:18]
INFO: [Synth 8-256] done synthesizing module 'UART_rx' (2#1) [C:/Users/Elwin/Downloads/GameBesje.xpr/GameBesje/GameBesje.srcs/sources_1/imports/Downloads/UART_rx.vhd:24]
INFO: [Synth 8-3491] module 'VGA' declared at 'C:/Users/Elwin/Downloads/GameBesje.xpr/GameBesje/GameBesje.srcs/sources_1/imports/Week 5 + 6 - Bounching Square - Ball/vga.vhd:17' bound to instance 'VGA0' of component 'VGA' [C:/Users/Elwin/Downloads/GameBesje.xpr/GameBesje/GameBesje.srcs/sources_1/new/top.vhd:138]
INFO: [Synth 8-638] synthesizing module 'VGA' [C:/Users/Elwin/Downloads/GameBesje.xpr/GameBesje/GameBesje.srcs/sources_1/imports/Week 5 + 6 - Bounching Square - Ball/vga.vhd:28]
WARNING: [Synth 8-614] signal 'reset' is read in the process but is not in the sensitivity list [C:/Users/Elwin/Downloads/GameBesje.xpr/GameBesje/GameBesje.srcs/sources_1/imports/Week 5 + 6 - Bounching Square - Ball/vga.vhd:1333]
WARNING: [Synth 8-6014] Unused sequential element tempX_reg was removed.  [C:/Users/Elwin/Downloads/GameBesje.xpr/GameBesje/GameBesje.srcs/sources_1/imports/Week 5 + 6 - Bounching Square - Ball/vga.vhd:1351]
WARNING: [Synth 8-6014] Unused sequential element tempY_reg was removed.  [C:/Users/Elwin/Downloads/GameBesje.xpr/GameBesje/GameBesje.srcs/sources_1/imports/Week 5 + 6 - Bounching Square - Ball/vga.vhd:1352]
WARNING: [Synth 8-6014] Unused sequential element code_reg was removed.  [C:/Users/Elwin/Downloads/GameBesje.xpr/GameBesje/GameBesje.srcs/sources_1/imports/Week 5 + 6 - Bounching Square - Ball/vga.vhd:1356]
WARNING: [Synth 8-6014] Unused sequential element ColoursIn_reg was removed.  [C:/Users/Elwin/Downloads/GameBesje.xpr/GameBesje/GameBesje.srcs/sources_1/imports/Week 5 + 6 - Bounching Square - Ball/vga.vhd:1360]
INFO: [Synth 8-256] done synthesizing module 'VGA' (3#1) [C:/Users/Elwin/Downloads/GameBesje.xpr/GameBesje/GameBesje.srcs/sources_1/imports/Week 5 + 6 - Bounching Square - Ball/vga.vhd:28]
WARNING: [Synth 8-3848] Net tmp_en in module/entity top does not have driver. [C:/Users/Elwin/Downloads/GameBesje.xpr/GameBesje/GameBesje.srcs/sources_1/new/top.vhd:87]
INFO: [Synth 8-256] done synthesizing module 'top' (4#1) [C:/Users/Elwin/Downloads/GameBesje.xpr/GameBesje/GameBesje.srcs/sources_1/new/top.vhd:32]
WARNING: [Synth 8-3331] design UART_rx has unconnected port avSig
WARNING: [Synth 8-3331] design UART_rx has unconnected port rx_audio_out[6]
WARNING: [Synth 8-3331] design UART_rx has unconnected port rx_audio_out[5]
WARNING: [Synth 8-3331] design UART_rx has unconnected port rx_audio_out[4]
WARNING: [Synth 8-3331] design UART_rx has unconnected port rx_audio_out[3]
WARNING: [Synth 8-3331] design UART_rx has unconnected port rx_audio_out[2]
WARNING: [Synth 8-3331] design UART_rx has unconnected port rx_audio_out[1]
WARNING: [Synth 8-3331] design UART_rx has unconnected port rx_audio_out[0]
WARNING: [Synth 8-3331] design sprites has unconnected port enArrayOut
WARNING: [Synth 8-3331] design sprites has unconnected port reset
WARNING: [Synth 8-3331] design sprites has unconnected port enable
WARNING: [Synth 8-3331] design sprites has unconnected port b1
WARNING: [Synth 8-3331] design sprites has unconnected port b2
---------------------------------------------------------------------------------
Finished RTL Elaboration : Time (s): cpu = 00:00:14 ; elapsed = 00:00:14 . Memory (MB): peak = 2857.629 ; gain = 0.000
---------------------------------------------------------------------------------

Report Check Netlist: 
+------+------------------+-------+---------+-------+------------------+
|      |Item              |Errors |Warnings |Status |Description       |
+------+------------------+-------+---------+-------+------------------+
|1     |multi_driven_nets |      0|        0|Passed |Multi driven nets |
+------+------------------+-------+---------+-------+------------------+
---------------------------------------------------------------------------------
Start Handling Custom Attributes
---------------------------------------------------------------------------------
---------------------------------------------------------------------------------
Finished Handling Custom Attributes : Time (s): cpu = 00:00:16 ; elapsed = 00:00:16 . Memory (MB): peak = 2857.629 ; gain = 0.000
---------------------------------------------------------------------------------
---------------------------------------------------------------------------------
Finished RTL Optimization Phase 1 : Time (s): cpu = 00:00:16 ; elapsed = 00:00:16 . Memory (MB): peak = 2857.629 ; gain = 0.000
---------------------------------------------------------------------------------
INFO: [Project 1-454] Reading design checkpoint 'c:/Users/Elwin/Downloads/GameBesje.xpr/GameBesje/GameBesje.srcs/sources_1/ip/Prescaler25/Prescaler25.dcp' for cell 'Pre0'
INFO: [Netlist 29-17] Analyzing 1 Unisim elements for replacement
INFO: [Netlist 29-28] Unisim Transformation completed in 0 CPU seconds
INFO: [Project 1-479] Netlist was created with Vivado 2019.1
INFO: [Project 1-570] Preparing netlist for logic optimization
INFO: [Opt 31-140] Inserted 1 IBUFs to IO ports without IO buffers.
INFO: [Opt 31-141] Inserted 1 OBUFs to IO ports without IO buffers.

Processing XDC Constraints
Initializing timing engine
Parsing XDC File [c:/Users/Elwin/Downloads/GameBesje.xpr/GameBesje/GameBesje.srcs/sources_1/ip/Prescaler25/Prescaler25_board.xdc] for cell 'Pre0/inst'
Finished Parsing XDC File [c:/Users/Elwin/Downloads/GameBesje.xpr/GameBesje/GameBesje.srcs/sources_1/ip/Prescaler25/Prescaler25_board.xdc] for cell 'Pre0/inst'
Parsing XDC File [c:/Users/Elwin/Downloads/GameBesje.xpr/GameBesje/GameBesje.srcs/sources_1/ip/Prescaler25/Prescaler25.xdc] for cell 'Pre0/inst'
Finished Parsing XDC File [c:/Users/Elwin/Downloads/GameBesje.xpr/GameBesje/GameBesje.srcs/sources_1/ip/Prescaler25/Prescaler25.xdc] for cell 'Pre0/inst'
INFO: [Project 1-236] Implementation specific constraints were found while reading constraint file [c:/Users/Elwin/Downloads/GameBesje.xpr/GameBesje/GameBesje.srcs/sources_1/ip/Prescaler25/Prescaler25.xdc]. These constraints will be ignored for synthesis but will be used in implementation. Impacted constraints are listed in the file [.Xil/top_propImpl.xdc].
Resolution: To avoid this warning, move constraints listed in [.Xil/top_propImpl.xdc] to another XDC file and exclude this new file from synthesis with the used_in_synthesis property (File Properties dialog in GUI) and re-run elaboration/synthesis.
INFO: [Timing 38-2] Deriving generated clocks
Parsing XDC File [C:/Users/Elwin/Downloads/GameBesje.xpr/GameBesje/GameBesje.srcs/constrs_1/new/cnts.xdc]
WARNING: [Vivado 12-584] No ports matched 'data_out[0]'. [C:/Users/Elwin/Downloads/GameBesje.xpr/GameBesje/GameBesje.srcs/constrs_1/new/cnts.xdc:24]
WARNING: [Vivado 12-584] No ports matched 'data_out[1]'. [C:/Users/Elwin/Downloads/GameBesje.xpr/GameBesje/GameBesje.srcs/constrs_1/new/cnts.xdc:25]
WARNING: [Vivado 12-584] No ports matched 'data_out[2]'. [C:/Users/Elwin/Downloads/GameBesje.xpr/GameBesje/GameBesje.srcs/constrs_1/new/cnts.xdc:26]
WARNING: [Vivado 12-584] No ports matched 'data_out[3]'. [C:/Users/Elwin/Downloads/GameBesje.xpr/GameBesje/GameBesje.srcs/constrs_1/new/cnts.xdc:27]
WARNING: [Vivado 12-584] No ports matched 'data_out[4]'. [C:/Users/Elwin/Downloads/GameBesje.xpr/GameBesje/GameBesje.srcs/constrs_1/new/cnts.xdc:28]
WARNING: [Vivado 12-584] No ports matched 'data_out[5]'. [C:/Users/Elwin/Downloads/GameBesje.xpr/GameBesje/GameBesje.srcs/constrs_1/new/cnts.xdc:29]
WARNING: [Vivado 12-584] No ports matched 'data_out[6]'. [C:/Users/Elwin/Downloads/GameBesje.xpr/GameBesje/GameBesje.srcs/constrs_1/new/cnts.xdc:30]
WARNING: [Vivado 12-584] No ports matched 'data_out[7]'. [C:/Users/Elwin/Downloads/GameBesje.xpr/GameBesje/GameBesje.srcs/constrs_1/new/cnts.xdc:31]
WARNING: [Vivado 12-584] No ports matched 'data_out[7]'. [C:/Users/Elwin/Downloads/GameBesje.xpr/GameBesje/GameBesje.srcs/constrs_1/new/cnts.xdc:32]
WARNING: [Vivado 12-584] No ports matched 'data_out[0]'. [C:/Users/Elwin/Downloads/GameBesje.xpr/GameBesje/GameBesje.srcs/constrs_1/new/cnts.xdc:33]
WARNING: [Vivado 12-584] No ports matched 'data_out[1]'. [C:/Users/Elwin/Downloads/GameBesje.xpr/GameBesje/GameBesje.srcs/constrs_1/new/cnts.xdc:34]
WARNING: [Vivado 12-584] No ports matched 'data_out[2]'. [C:/Users/Elwin/Downloads/GameBesje.xpr/GameBesje/GameBesje.srcs/constrs_1/new/cnts.xdc:35]
WARNING: [Vivado 12-584] No ports matched 'data_out[3]'. [C:/Users/Elwin/Downloads/GameBesje.xpr/GameBesje/GameBesje.srcs/constrs_1/new/cnts.xdc:36]
WARNING: [Vivado 12-584] No ports matched 'data_out[4]'. [C:/Users/Elwin/Downloads/GameBesje.xpr/GameBesje/GameBesje.srcs/constrs_1/new/cnts.xdc:37]
WARNING: [Vivado 12-584] No ports matched 'data_out[5]'. [C:/Users/Elwin/Downloads/GameBesje.xpr/GameBesje/GameBesje.srcs/constrs_1/new/cnts.xdc:38]
WARNING: [Vivado 12-584] No ports matched 'data_out[6]'. [C:/Users/Elwin/Downloads/GameBesje.xpr/GameBesje/GameBesje.srcs/constrs_1/new/cnts.xdc:39]
WARNING: [Vivado 12-584] No ports matched 'leds[3]'. [C:/Users/Elwin/Downloads/GameBesje.xpr/GameBesje/GameBesje.srcs/constrs_1/new/cnts.xdc:46]
WARNING: [Vivado 12-584] No ports matched 'leds[2]'. [C:/Users/Elwin/Downloads/GameBesje.xpr/GameBesje/GameBesje.srcs/constrs_1/new/cnts.xdc:47]
WARNING: [Vivado 12-584] No ports matched 'leds[1]'. [C:/Users/Elwin/Downloads/GameBesje.xpr/GameBesje/GameBesje.srcs/constrs_1/new/cnts.xdc:48]
WARNING: [Vivado 12-584] No ports matched 'leds[0]'. [C:/Users/Elwin/Downloads/GameBesje.xpr/GameBesje/GameBesje.srcs/constrs_1/new/cnts.xdc:49]
WARNING: [Vivado 12-584] No ports matched 'leds[0]'. [C:/Users/Elwin/Downloads/GameBesje.xpr/GameBesje/GameBesje.srcs/constrs_1/new/cnts.xdc:50]
WARNING: [Vivado 12-584] No ports matched 'leds[1]'. [C:/Users/Elwin/Downloads/GameBesje.xpr/GameBesje/GameBesje.srcs/constrs_1/new/cnts.xdc:51]
WARNING: [Vivado 12-584] No ports matched 'leds[2]'. [C:/Users/Elwin/Downloads/GameBesje.xpr/GameBesje/GameBesje.srcs/constrs_1/new/cnts.xdc:52]
WARNING: [Vivado 12-584] No ports matched 'leds[3]'. [C:/Users/Elwin/Downloads/GameBesje.xpr/GameBesje/GameBesje.srcs/constrs_1/new/cnts.xdc:53]
Finished Parsing XDC File [C:/Users/Elwin/Downloads/GameBesje.xpr/GameBesje/GameBesje.srcs/constrs_1/new/cnts.xdc]
WARNING: [Project 1-498] One or more constraints failed evaluation while reading constraint file [C:/Users/Elwin/Downloads/GameBesje.xpr/GameBesje/GameBesje.srcs/constrs_1/new/cnts.xdc] and the design contains unresolved black boxes. These constraints will be read post-synthesis (as long as their source constraint file is marked as used_in_implementation) and should be applied correctly then. You should review the constraints listed in the file [.Xil/top_propImpl.xdc] and check the run log file to verify that these constraints were correctly applied.
Completed Processing XDC Constraints

INFO: [Opt 31-140] Inserted 1 IBUFs to IO ports without IO buffers.
INFO: [Opt 31-138] Pushed 0 inverter(s) to 0 load pin(s).
Netlist sorting complete. Time (s): cpu = 00:00:00 ; elapsed = 00:00:00.019 . Memory (MB): peak = 2857.629 ; gain = 0.000
INFO: [Project 1-111] Unisim Transformation Summary:
No Unisim elements were transformed.

RTL Elaboration Complete:  : Time (s): cpu = 00:00:38 ; elapsed = 00:00:33 . Memory (MB): peak = 2857.629 ; gain = 0.000
26 Infos, 49 Warnings, 0 Critical Warnings and 0 Errors encountered.
synth_design completed successfully
synth_design: Time (s): cpu = 00:00:38 ; elapsed = 00:00:33 . Memory (MB): peak = 2857.629 ; gain = 0.000
set_property IOSTANDARD LVCMOS33 [get_ports [list avLED]]
set_property IOSTANDARD LVCMOS33 [get_ports [list arrayStart]]
place_ports arrayStart K2
save_constraints
reset_run impl_1
launch_runs impl_1 -to_step write_bitstream -jobs 4
[Thu Apr  7 17:56:47 2022] Launched impl_1...
Run output will be captured here: C:/Users/Elwin/Downloads/GameBesje.xpr/GameBesje/GameBesje.runs/impl_1/runme.log
open_run synth_1 -name synth_1
Design is defaulting to impl run constrset: constrs_1
Design is defaulting to synth run part: xc7a35tcpg236-1
INFO: [Project 1-454] Reading design checkpoint 'c:/Users/Elwin/Downloads/GameBesje.xpr/GameBesje/GameBesje.srcs/sources_1/ip/Prescaler25/Prescaler25.dcp' for cell 'Pre0'
INFO: [Netlist 29-17] Analyzing 838 Unisim elements for replacement
INFO: [Netlist 29-28] Unisim Transformation completed in 0 CPU seconds
WARNING: [Netlist 29-101] Netlist 'top' is not ideal for floorplanning, since the cellview 'sprites' contains a large number of primitives.  Please consider enabling hierarchy in synthesis if you want to do floorplanning.
INFO: [Project 1-479] Netlist was created with Vivado 2019.1
INFO: [Project 1-570] Preparing netlist for logic optimization
WARNING: [Opt 31-35] Removing redundant IBUF, Pre0/inst/clkin1_ibufg, from the path connected to top-level port: clk 
Resolution: The tool has removed redundant IBUF. To resolve this warning, check for redundant IBUF in the input design.
WARNING: [Constraints 18-550] Could not create 'IBUF_LOW_PWR' constraint because net 'Pre0/clk_in1' is not directly connected to top level port. Synthesis is ignored for IBUF_LOW_PWR but preserved for implementation.
Parsing XDC File [c:/Users/Elwin/Downloads/GameBesje.xpr/GameBesje/GameBesje.srcs/sources_1/ip/Prescaler25/Prescaler25_board.xdc] for cell 'Pre0/inst'
Finished Parsing XDC File [c:/Users/Elwin/Downloads/GameBesje.xpr/GameBesje/GameBesje.srcs/sources_1/ip/Prescaler25/Prescaler25_board.xdc] for cell 'Pre0/inst'
Parsing XDC File [c:/Users/Elwin/Downloads/GameBesje.xpr/GameBesje/GameBesje.srcs/sources_1/ip/Prescaler25/Prescaler25.xdc] for cell 'Pre0/inst'
INFO: [Timing 38-35] Done setting XDC timing constraints. [c:/Users/Elwin/Downloads/GameBesje.xpr/GameBesje/GameBesje.srcs/sources_1/ip/Prescaler25/Prescaler25.xdc:57]
INFO: [Timing 38-2] Deriving generated clocks [c:/Users/Elwin/Downloads/GameBesje.xpr/GameBesje/GameBesje.srcs/sources_1/ip/Prescaler25/Prescaler25.xdc:57]
Finished Parsing XDC File [c:/Users/Elwin/Downloads/GameBesje.xpr/GameBesje/GameBesje.srcs/sources_1/ip/Prescaler25/Prescaler25.xdc] for cell 'Pre0/inst'
Parsing XDC File [C:/Users/Elwin/Downloads/GameBesje.xpr/GameBesje/GameBesje.srcs/constrs_1/new/cnts.xdc]
WARNING: [Vivado 12-584] No ports matched 'data_out[0]'. [C:/Users/Elwin/Downloads/GameBesje.xpr/GameBesje/GameBesje.srcs/constrs_1/new/cnts.xdc:24]
CRITICAL WARNING: [Common 17-55] 'set_property' expects at least one object. [C:/Users/Elwin/Downloads/GameBesje.xpr/GameBesje/GameBesje.srcs/constrs_1/new/cnts.xdc:24]
Resolution: If [get_<value>] was used to populate the object, check to make sure this command returns at least one valid object.
WARNING: [Vivado 12-584] No ports matched 'data_out[1]'. [C:/Users/Elwin/Downloads/GameBesje.xpr/GameBesje/GameBesje.srcs/constrs_1/new/cnts.xdc:25]
CRITICAL WARNING: [Common 17-55] 'set_property' expects at least one object. [C:/Users/Elwin/Downloads/GameBesje.xpr/GameBesje/GameBesje.srcs/constrs_1/new/cnts.xdc:25]
Resolution: If [get_<value>] was used to populate the object, check to make sure this command returns at least one valid object.
WARNING: [Vivado 12-584] No ports matched 'data_out[2]'. [C:/Users/Elwin/Downloads/GameBesje.xpr/GameBesje/GameBesje.srcs/constrs_1/new/cnts.xdc:26]
CRITICAL WARNING: [Common 17-55] 'set_property' expects at least one object. [C:/Users/Elwin/Downloads/GameBesje.xpr/GameBesje/GameBesje.srcs/constrs_1/new/cnts.xdc:26]
Resolution: If [get_<value>] was used to populate the object, check to make sure this command returns at least one valid object.
WARNING: [Vivado 12-584] No ports matched 'data_out[3]'. [C:/Users/Elwin/Downloads/GameBesje.xpr/GameBesje/GameBesje.srcs/constrs_1/new/cnts.xdc:27]
CRITICAL WARNING: [Common 17-55] 'set_property' expects at least one object. [C:/Users/Elwin/Downloads/GameBesje.xpr/GameBesje/GameBesje.srcs/constrs_1/new/cnts.xdc:27]
Resolution: If [get_<value>] was used to populate the object, check to make sure this command returns at least one valid object.
WARNING: [Vivado 12-584] No ports matched 'data_out[4]'. [C:/Users/Elwin/Downloads/GameBesje.xpr/GameBesje/GameBesje.srcs/constrs_1/new/cnts.xdc:28]
CRITICAL WARNING: [Common 17-55] 'set_property' expects at least one object. [C:/Users/Elwin/Downloads/GameBesje.xpr/GameBesje/GameBesje.srcs/constrs_1/new/cnts.xdc:28]
Resolution: If [get_<value>] was used to populate the object, check to make sure this command returns at least one valid object.
WARNING: [Vivado 12-584] No ports matched 'data_out[5]'. [C:/Users/Elwin/Downloads/GameBesje.xpr/GameBesje/GameBesje.srcs/constrs_1/new/cnts.xdc:29]
CRITICAL WARNING: [Common 17-55] 'set_property' expects at least one object. [C:/Users/Elwin/Downloads/GameBesje.xpr/GameBesje/GameBesje.srcs/constrs_1/new/cnts.xdc:29]
Resolution: If [get_<value>] was used to populate the object, check to make sure this command returns at least one valid object.
WARNING: [Vivado 12-584] No ports matched 'data_out[6]'. [C:/Users/Elwin/Downloads/GameBesje.xpr/GameBesje/GameBesje.srcs/constrs_1/new/cnts.xdc:30]
CRITICAL WARNING: [Common 17-55] 'set_property' expects at least one object. [C:/Users/Elwin/Downloads/GameBesje.xpr/GameBesje/GameBesje.srcs/constrs_1/new/cnts.xdc:30]
Resolution: If [get_<value>] was used to populate the object, check to make sure this command returns at least one valid object.
WARNING: [Vivado 12-584] No ports matched 'data_out[7]'. [C:/Users/Elwin/Downloads/GameBesje.xpr/GameBesje/GameBesje.srcs/constrs_1/new/cnts.xdc:31]
CRITICAL WARNING: [Common 17-55] 'set_property' expects at least one object. [C:/Users/Elwin/Downloads/GameBesje.xpr/GameBesje/GameBesje.srcs/constrs_1/new/cnts.xdc:31]
Resolution: If [get_<value>] was used to populate the object, check to make sure this command returns at least one valid object.
WARNING: [Vivado 12-584] No ports matched 'data_out[7]'. [C:/Users/Elwin/Downloads/GameBesje.xpr/GameBesje/GameBesje.srcs/constrs_1/new/cnts.xdc:32]
CRITICAL WARNING: [Common 17-55] 'set_property' expects at least one object. [C:/Users/Elwin/Downloads/GameBesje.xpr/GameBesje/GameBesje.srcs/constrs_1/new/cnts.xdc:32]
Resolution: If [get_<value>] was used to populate the object, check to make sure this command returns at least one valid object.
WARNING: [Vivado 12-584] No ports matched 'data_out[0]'. [C:/Users/Elwin/Downloads/GameBesje.xpr/GameBesje/GameBesje.srcs/constrs_1/new/cnts.xdc:33]
CRITICAL WARNING: [Common 17-55] 'set_property' expects at least one object. [C:/Users/Elwin/Downloads/GameBesje.xpr/GameBesje/GameBesje.srcs/constrs_1/new/cnts.xdc:33]
Resolution: If [get_<value>] was used to populate the object, check to make sure this command returns at least one valid object.
WARNING: [Vivado 12-584] No ports matched 'data_out[1]'. [C:/Users/Elwin/Downloads/GameBesje.xpr/GameBesje/GameBesje.srcs/constrs_1/new/cnts.xdc:34]
CRITICAL WARNING: [Common 17-55] 'set_property' expects at least one object. [C:/Users/Elwin/Downloads/GameBesje.xpr/GameBesje/GameBesje.srcs/constrs_1/new/cnts.xdc:34]
Resolution: If [get_<value>] was used to populate the object, check to make sure this command returns at least one valid object.
WARNING: [Vivado 12-584] No ports matched 'data_out[2]'. [C:/Users/Elwin/Downloads/GameBesje.xpr/GameBesje/GameBesje.srcs/constrs_1/new/cnts.xdc:35]
CRITICAL WARNING: [Common 17-55] 'set_property' expects at least one object. [C:/Users/Elwin/Downloads/GameBesje.xpr/GameBesje/GameBesje.srcs/constrs_1/new/cnts.xdc:35]
Resolution: If [get_<value>] was used to populate the object, check to make sure this command returns at least one valid object.
WARNING: [Vivado 12-584] No ports matched 'data_out[3]'. [C:/Users/Elwin/Downloads/GameBesje.xpr/GameBesje/GameBesje.srcs/constrs_1/new/cnts.xdc:36]
CRITICAL WARNING: [Common 17-55] 'set_property' expects at least one object. [C:/Users/Elwin/Downloads/GameBesje.xpr/GameBesje/GameBesje.srcs/constrs_1/new/cnts.xdc:36]
Resolution: If [get_<value>] was used to populate the object, check to make sure this command returns at least one valid object.
WARNING: [Vivado 12-584] No ports matched 'data_out[4]'. [C:/Users/Elwin/Downloads/GameBesje.xpr/GameBesje/GameBesje.srcs/constrs_1/new/cnts.xdc:37]
CRITICAL WARNING: [Common 17-55] 'set_property' expects at least one object. [C:/Users/Elwin/Downloads/GameBesje.xpr/GameBesje/GameBesje.srcs/constrs_1/new/cnts.xdc:37]
Resolution: If [get_<value>] was used to populate the object, check to make sure this command returns at least one valid object.
WARNING: [Vivado 12-584] No ports matched 'data_out[5]'. [C:/Users/Elwin/Downloads/GameBesje.xpr/GameBesje/GameBesje.srcs/constrs_1/new/cnts.xdc:38]
CRITICAL WARNING: [Common 17-55] 'set_property' expects at least one object. [C:/Users/Elwin/Downloads/GameBesje.xpr/GameBesje/GameBesje.srcs/constrs_1/new/cnts.xdc:38]
Resolution: If [get_<value>] was used to populate the object, check to make sure this command returns at least one valid object.
WARNING: [Vivado 12-584] No ports matched 'data_out[6]'. [C:/Users/Elwin/Downloads/GameBesje.xpr/GameBesje/GameBesje.srcs/constrs_1/new/cnts.xdc:39]
CRITICAL WARNING: [Common 17-55] 'set_property' expects at least one object. [C:/Users/Elwin/Downloads/GameBesje.xpr/GameBesje/GameBesje.srcs/constrs_1/new/cnts.xdc:39]
Resolution: If [get_<value>] was used to populate the object, check to make sure this command returns at least one valid object.
WARNING: [Vivado 12-584] No ports matched 'leds[3]'. [C:/Users/Elwin/Downloads/GameBesje.xpr/GameBesje/GameBesje.srcs/constrs_1/new/cnts.xdc:46]
CRITICAL WARNING: [Common 17-55] 'set_property' expects at least one object. [C:/Users/Elwin/Downloads/GameBesje.xpr/GameBesje/GameBesje.srcs/constrs_1/new/cnts.xdc:46]
Resolution: If [get_<value>] was used to populate the object, check to make sure this command returns at least one valid object.
WARNING: [Vivado 12-584] No ports matched 'leds[2]'. [C:/Users/Elwin/Downloads/GameBesje.xpr/GameBesje/GameBesje.srcs/constrs_1/new/cnts.xdc:47]
CRITICAL WARNING: [Common 17-55] 'set_property' expects at least one object. [C:/Users/Elwin/Downloads/GameBesje.xpr/GameBesje/GameBesje.srcs/constrs_1/new/cnts.xdc:47]
Resolution: If [get_<value>] was used to populate the object, check to make sure this command returns at least one valid object.
WARNING: [Vivado 12-584] No ports matched 'leds[1]'. [C:/Users/Elwin/Downloads/GameBesje.xpr/GameBesje/GameBesje.srcs/constrs_1/new/cnts.xdc:48]
CRITICAL WARNING: [Common 17-55] 'set_property' expects at least one object. [C:/Users/Elwin/Downloads/GameBesje.xpr/GameBesje/GameBesje.srcs/constrs_1/new/cnts.xdc:48]
Resolution: If [get_<value>] was used to populate the object, check to make sure this command returns at least one valid object.
WARNING: [Vivado 12-584] No ports matched 'leds[0]'. [C:/Users/Elwin/Downloads/GameBesje.xpr/GameBesje/GameBesje.srcs/constrs_1/new/cnts.xdc:49]
CRITICAL WARNING: [Common 17-55] 'set_property' expects at least one object. [C:/Users/Elwin/Downloads/GameBesje.xpr/GameBesje/GameBesje.srcs/constrs_1/new/cnts.xdc:49]
Resolution: If [get_<value>] was used to populate the object, check to make sure this command returns at least one valid object.
WARNING: [Vivado 12-584] No ports matched 'leds[0]'. [C:/Users/Elwin/Downloads/GameBesje.xpr/GameBesje/GameBesje.srcs/constrs_1/new/cnts.xdc:50]
CRITICAL WARNING: [Common 17-55] 'set_property' expects at least one object. [C:/Users/Elwin/Downloads/GameBesje.xpr/GameBesje/GameBesje.srcs/constrs_1/new/cnts.xdc:50]
Resolution: If [get_<value>] was used to populate the object, check to make sure this command returns at least one valid object.
WARNING: [Vivado 12-584] No ports matched 'leds[1]'. [C:/Users/Elwin/Downloads/GameBesje.xpr/GameBesje/GameBesje.srcs/constrs_1/new/cnts.xdc:51]
CRITICAL WARNING: [Common 17-55] 'set_property' expects at least one object. [C:/Users/Elwin/Downloads/GameBesje.xpr/GameBesje/GameBesje.srcs/constrs_1/new/cnts.xdc:51]
Resolution: If [get_<value>] was used to populate the object, check to make sure this command returns at least one valid object.
WARNING: [Vivado 12-584] No ports matched 'leds[2]'. [C:/Users/Elwin/Downloads/GameBesje.xpr/GameBesje/GameBesje.srcs/constrs_1/new/cnts.xdc:52]
CRITICAL WARNING: [Common 17-55] 'set_property' expects at least one object. [C:/Users/Elwin/Downloads/GameBesje.xpr/GameBesje/GameBesje.srcs/constrs_1/new/cnts.xdc:52]
Resolution: If [get_<value>] was used to populate the object, check to make sure this command returns at least one valid object.
WARNING: [Vivado 12-584] No ports matched 'leds[3]'. [C:/Users/Elwin/Downloads/GameBesje.xpr/GameBesje/GameBesje.srcs/constrs_1/new/cnts.xdc:53]
CRITICAL WARNING: [Common 17-55] 'set_property' expects at least one object. [C:/Users/Elwin/Downloads/GameBesje.xpr/GameBesje/GameBesje.srcs/constrs_1/new/cnts.xdc:53]
Resolution: If [get_<value>] was used to populate the object, check to make sure this command returns at least one valid object.
Finished Parsing XDC File [C:/Users/Elwin/Downloads/GameBesje.xpr/GameBesje/GameBesje.srcs/constrs_1/new/cnts.xdc]
INFO: [Opt 31-138] Pushed 0 inverter(s) to 0 load pin(s).
Netlist sorting complete. Time (s): cpu = 00:00:00 ; elapsed = 00:00:00.007 . Memory (MB): peak = 2857.629 ; gain = 0.000
INFO: [Project 1-111] Unisim Transformation Summary:
No Unisim elements were transformed.

open_run: Time (s): cpu = 00:00:13 ; elapsed = 00:00:09 . Memory (MB): peak = 2857.629 ; gain = 0.000
file copy -force C:/Users/Elwin/Downloads/GameBesje.xpr/GameBesje/GameBesje.runs/impl_1/top.bit C:/Users/Elwin/Documents/GitHub/BESJ-Basys3/GameBesje/clockPin1.bit
close_design
close_design
reset_run synth_1
launch_runs impl_1 -to_step write_bitstream -jobs 4
[Thu Apr  7 18:09:31 2022] Launched synth_1...
Run output will be captured here: C:/Users/Elwin/Downloads/GameBesje.xpr/GameBesje/GameBesje.runs/synth_1/runme.log
[Thu Apr  7 18:09:31 2022] Launched impl_1...
Run output will be captured here: C:/Users/Elwin/Downloads/GameBesje.xpr/GameBesje/GameBesje.runs/impl_1/runme.log
reset_run synth_1
launch_runs impl_1 -to_step write_bitstream -jobs 4
[Thu Apr  7 18:23:53 2022] Launched synth_1...
Run output will be captured here: C:/Users/Elwin/Downloads/GameBesje.xpr/GameBesje/GameBesje.runs/synth_1/runme.log
[Thu Apr  7 18:23:53 2022] Launched impl_1...
Run output will be captured here: C:/Users/Elwin/Downloads/GameBesje.xpr/GameBesje/GameBesje.runs/impl_1/runme.log
reset_run synth_1
launch_runs impl_1 -to_step write_bitstream -jobs 4
[Thu Apr  7 19:13:48 2022] Launched synth_1...
Run output will be captured here: C:/Users/Elwin/Downloads/GameBesje.xpr/GameBesje/GameBesje.runs/synth_1/runme.log
[Thu Apr  7 19:13:48 2022] Launched impl_1...
Run output will be captured here: C:/Users/Elwin/Downloads/GameBesje.xpr/GameBesje/GameBesje.runs/impl_1/runme.log
open_run impl_1
INFO: [Netlist 29-17] Analyzing 838 Unisim elements for replacement
INFO: [Netlist 29-28] Unisim Transformation completed in 0 CPU seconds
WARNING: [Netlist 29-101] Netlist 'top' is not ideal for floorplanning, since the cellview 'sprites' contains a large number of primitives.  Please consider enabling hierarchy in synthesis if you want to do floorplanning.
INFO: [Project 1-479] Netlist was created with Vivado 2019.1
INFO: [Project 1-570] Preparing netlist for logic optimization
WARNING: [Constraints 18-550] Could not create 'IBUF_LOW_PWR' constraint because net 'Pre0/clk_in1' is not directly connected to top level port. Synthesis is ignored for IBUF_LOW_PWR but preserved for implementation.
INFO: [Timing 38-478] Restoring timing data from binary archive.
INFO: [Timing 38-479] Binary timing data restore complete.
INFO: [Project 1-856] Restoring constraints from binary archive.
INFO: [Project 1-853] Binary constraint restore complete.
Reading XDEF placement.
Reading placer database...
Reading XDEF routing.
Read XDEF File: Time (s): cpu = 00:00:02 ; elapsed = 00:00:02 . Memory (MB): peak = 3462.164 ; gain = 0.000
Restored from archive | CPU: 2.000000 secs | Memory: 0.000000 MB |
Finished XDEF File Restore: Time (s): cpu = 00:00:02 ; elapsed = 00:00:02 . Memory (MB): peak = 3462.164 ; gain = 0.000
Netlist sorting complete. Time (s): cpu = 00:00:00 ; elapsed = 00:00:00.006 . Memory (MB): peak = 3462.164 ; gain = 0.000
INFO: [Project 1-111] Unisim Transformation Summary:
No Unisim elements were transformed.

open_run: Time (s): cpu = 00:00:09 ; elapsed = 00:00:08 . Memory (MB): peak = 3462.164 ; gain = 0.000
file copy -force C:/Users/Elwin/Downloads/GameBesje.xpr/GameBesje/GameBesje.runs/impl_1/top.bit C:/Users/Elwin/Documents/GitHub/BESJ-Basys3/GameBesje/clockPin2.bit
archive_project C:/Users/Elwin/Downloads/GameBesje.xpr/GameBesje.xpr.zip -temp_dir C:/Users/Elwin/Downloads/GameBesje.xpr/GameBesje/.Xil/Vivado-3468-DESKTOP-2II8BHC -force -include_local_ip_cache -include_config_settings
INFO: [Coretcl 2-137] starting archive...
INFO: [Coretcl 2-1499] Saving project copy to temporary location 'C:/Users/Elwin/Downloads/GameBesje.xpr/GameBesje/.Xil/Vivado-3468-DESKTOP-2II8BHC' for archiving project
Scanning sources...
Finished scanning sources
INFO: [IP_Flow 19-234] Refreshing IP repositories
INFO: [IP_Flow 19-1704] No user IP repositories specified
INFO: [IP_Flow 19-2313] Loaded Vivado IP repository 'C:/Xilinx/Vivado/2019.1/data/ip'.
INFO: [Coretcl 2-1211] Creating project copy for archival...
INFO: [ProjectBase 1-495] The host OS only allows 260 characters in a normal path. The project is stored in a path with more than 80 characters. If you experience any problem with archiving the project, please consider setting environment variable $TEMP to a shorter path.
Current project path is 'C:/Users/Elwin/Downloads/GameBesje.xpr/GameBesje/.Xil/Vivado-3468-DESKTOP-2II8BHC/PrjAr/_X_'.
INFO: [Coretcl 2-1213] Including run results for 'synth_1'
INFO: [Coretcl 2-1213] Including run results for 'Prescaler25_synth_1'
INFO: [Coretcl 2-1213] Including run results for 'impl_1'
INFO: [Coretcl 2-133] re-setting run 'Prescaler25_impl_1'...
INFO: [Coretcl 2-1212] Importing remotely added design sources and verilog include files (if any)...
INFO: [filemgmt 20-334] All file(s) are already imported in fileset: 'Prescaler25'
INFO: [filemgmt 20-348] Importing the appropriate files for fileset: 'Prescaler25'
INFO: [filemgmt 20-334] All file(s) are already imported in fileset: 'constrs_1'
INFO: [filemgmt 20-348] Importing the appropriate files for fileset: 'constrs_1'
INFO: [filemgmt 20-334] All file(s) are already imported in fileset: 'sim_1'
INFO: [filemgmt 20-348] Importing the appropriate files for fileset: 'sim_1'
INFO: [filemgmt 20-348] Importing the appropriate files for fileset: 'sources_1'
INFO: [Coretcl 2-1209] Adding archive summary file to the project...
INFO: [Coretcl 2-1214] Preparing project files for archive...
INFO: [Coretcl 2-1210] Compressing project files and data...
INFO: [Coretcl 2-1215] Project archived (C:/Users/Elwin/Downloads/GameBesje.xpr/GameBesje.xpr.zip)
INFO: [Coretcl 2-1216] To view the archive summary log in GUI, double click on 'Design Sources->Text->archive_project_summary.txt', or open this file from the archived project directory.
archive_project: Time (s): cpu = 00:00:03 ; elapsed = 00:00:08 . Memory (MB): peak = 3462.164 ; gain = 0.000
exit
INFO: [Common 17-206] Exiting Vivado at Thu Apr  7 19:23:52 2022...
